{"C:\\Users\\Geneva Sun\\Documents\\GitHub\\Group_1_TradingFever\\www\\spec\\lib\\jasmine-1.2.0\\jasmine.js":{"path":"C:\\Users\\Geneva Sun\\Documents\\GitHub\\Group_1_TradingFever\\www\\spec\\lib\\jasmine-1.2.0\\jasmine.js","s":{"1":1,"2":1,"3":1,"4":1,"5":1,"6":0,"7":1,"8":1,"9":1,"10":1,"11":1,"12":1,"13":12,"14":12,"15":1,"16":4,"17":4,"18":4,"19":0,"20":0,"21":1,"22":1,"23":1,"24":1,"25":1,"26":0,"27":0,"28":0,"29":1,"30":0,"31":0,"32":0,"33":0,"34":0,"35":0,"36":0,"37":0,"38":1,"39":0,"40":0,"41":0,"42":0,"43":0,"44":0,"45":0,"46":0,"47":1,"48":0,"49":1,"50":0,"51":1,"52":0,"53":0,"54":1,"55":0,"56":1,"57":0,"58":1,"59":0,"60":1,"61":0,"62":1,"63":0,"64":0,"65":0,"66":1,"67":0,"68":1,"69":0,"70":1,"71":0,"72":1,"73":0,"74":0,"75":0,"76":0,"77":0,"78":0,"79":1,"80":0,"81":0,"82":1,"83":0,"84":0,"85":0,"86":1,"87":0,"88":0,"89":0,"90":1,"91":0,"92":0,"93":1,"94":0,"95":0,"96":0,"97":0,"98":0,"99":1,"100":0,"101":0,"102":0,"103":0,"104":0,"105":0,"106":0,"107":0,"108":0,"109":0,"110":0,"111":0,"112":0,"113":0,"114":1,"115":0,"116":1,"117":0,"118":0,"119":0,"120":0,"121":0,"122":0,"123":1,"124":0,"125":0,"126":1,"127":0,"128":1,"129":1,"130":1,"131":0,"132":1,"133":1,"134":1,"135":0,"136":1,"137":1,"138":1,"139":0,"140":1,"141":1,"142":1,"143":0,"144":1,"145":1,"146":1,"147":0,"148":1,"149":1,"150":1,"151":0,"152":1,"153":1,"154":1,"155":0,"156":1,"157":1,"158":1,"159":0,"160":1,"161":1,"162":1,"163":0,"164":1,"165":1,"166":1,"167":0,"168":1,"169":1,"170":1,"171":1,"172":0,"173":0,"174":0,"175":0,"176":0,"177":0,"178":0,"179":0,"180":0,"181":0,"182":0,"183":1,"184":1,"185":4,"186":4,"187":4,"188":1,"189":0,"190":0,"191":0,"192":0,"193":0,"194":0,"195":0,"196":0,"197":0,"198":0,"199":0,"200":0,"201":0,"202":0,"203":1,"204":0,"205":0,"206":0,"207":1,"208":0,"209":0,"210":0,"211":0,"212":1,"213":0,"214":0,"215":0,"216":1,"217":0,"218":0,"219":0,"220":0,"221":0,"222":0,"223":0,"224":0,"225":0,"226":0,"227":0,"228":0,"229":0,"230":0,"231":0,"232":0,"233":1,"234":1,"235":1,"236":1,"237":1,"238":0,"239":0,"240":0,"241":1,"242":0,"243":0,"244":0,"245":0,"246":0,"247":0,"248":0,"249":0,"250":1,"251":0,"252":1,"253":0,"254":1,"255":0,"256":1,"257":0,"258":1,"259":0,"260":0,"261":0,"262":0,"263":0,"264":0,"265":0,"266":0,"267":0,"268":0,"269":0,"270":0,"271":0,"272":0,"273":0,"274":1,"275":0,"276":0,"277":0,"278":1,"279":0,"280":1,"281":0,"282":0,"283":0,"284":1,"285":0,"286":1,"287":0,"288":0,"289":0,"290":0,"291":0,"292":0,"293":1,"294":0,"295":1,"296":0,"297":0,"298":0,"299":0,"300":0,"301":0,"302":0,"303":0,"304":0,"305":0,"306":0,"307":0,"308":0,"309":0,"310":0,"311":0,"312":0,"313":0,"314":0,"315":0,"316":0,"317":0,"318":1,"319":0,"320":0,"321":0,"322":0,"323":0,"324":0,"325":0,"326":0,"327":0,"328":0,"329":0,"330":0,"331":0,"332":0,"333":0,"334":0,"335":0,"336":0,"337":0,"338":0,"339":0,"340":0,"341":0,"342":0,"343":0,"344":0,"345":0,"346":0,"347":0,"348":0,"349":1,"350":0,"351":0,"352":0,"353":0,"354":0,"355":0,"356":1,"357":0,"358":1,"359":1,"360":1,"361":1,"362":1,"363":1,"364":1,"365":1,"366":0,"367":0,"368":0,"369":1,"370":0,"371":0,"372":0,"373":0,"374":1,"375":0,"376":0,"377":0,"378":0,"379":1,"380":0,"381":0,"382":0,"383":0,"384":0,"385":1,"386":0,"387":1,"388":0,"389":0,"390":0,"391":0,"392":0,"393":0,"394":0,"395":1,"396":0,"397":1,"398":0,"399":1,"400":0,"401":1,"402":1,"403":0,"404":1,"405":1,"406":0,"407":0,"408":0,"409":0,"410":0,"411":1,"412":0,"413":0,"414":0,"415":0,"416":0,"417":0,"418":1,"419":0,"420":0,"421":0,"422":0,"423":0,"424":1,"425":0,"426":1,"427":0,"428":1,"429":0,"430":0,"431":0,"432":0,"433":0,"434":1,"435":0,"436":0,"437":0,"438":0,"439":0,"440":0,"441":0,"442":0,"443":0,"444":0,"445":0,"446":0,"447":0,"448":0,"449":0,"450":0,"451":0,"452":0,"453":0,"454":0,"455":0,"456":0,"457":0,"458":0,"459":0,"460":1,"461":0,"462":1,"463":0,"464":1,"465":0,"466":1,"467":0,"468":1,"469":0,"470":1,"471":0,"472":1,"473":0,"474":1,"475":0,"476":1,"477":0,"478":1,"479":0,"480":1,"481":0,"482":1,"483":0,"484":0,"485":0,"486":0,"487":0,"488":0,"489":0,"490":1,"491":1,"492":0,"493":0,"494":0,"495":0,"496":0,"497":0,"498":0,"499":1,"500":0,"501":0,"502":0,"503":0,"504":0,"505":0,"506":0,"507":0,"508":1,"509":1,"510":0,"511":0,"512":0,"513":0,"514":0,"515":0,"516":1,"517":0,"518":1,"519":0,"520":1,"521":0,"522":1,"523":0,"524":1,"525":0,"526":0,"527":0,"528":0,"529":0,"530":0,"531":1,"532":0,"533":0,"534":0,"535":0,"536":0,"537":0,"538":0,"539":0,"540":0,"541":0,"542":0,"543":0,"544":0,"545":0,"546":0,"547":1,"548":0,"549":1,"550":0,"551":0,"552":0,"553":0,"554":0,"555":0,"556":0,"557":0,"558":0,"559":1,"560":0,"561":1,"562":0,"563":1,"564":0,"565":0,"566":0,"567":0,"568":0,"569":0,"570":0,"571":0,"572":0,"573":0,"574":0,"575":1,"576":0,"577":1,"578":1,"579":1,"580":1,"581":0,"582":0,"583":0,"584":1,"585":0,"586":0,"587":0,"588":1,"589":0,"590":1,"591":0,"592":1,"593":1,"594":1,"595":1,"596":1,"597":0,"598":0,"599":0,"600":0,"601":1,"602":0,"603":0,"604":0,"605":0,"606":0,"607":0,"608":0,"609":0,"610":0,"611":0,"612":0,"613":0,"614":0,"615":0,"616":0,"617":0,"618":0,"619":0,"620":1,"621":0,"622":1,"623":0,"624":0,"625":0,"626":0,"627":0,"628":0,"629":0,"630":0,"631":0,"632":0,"633":0,"634":0,"635":0,"636":0,"637":0,"638":0,"639":1,"640":1,"641":0,"642":0,"643":0,"644":1,"645":0,"646":0,"647":0,"648":1,"649":0,"650":0,"651":0,"652":1,"653":0,"654":0,"655":0,"656":1,"657":0,"658":1,"659":1,"660":0,"661":1,"662":1,"663":1,"664":6,"665":6,"666":6,"667":0,"668":0,"669":0,"670":0,"671":1,"672":0,"673":0,"674":0,"675":0,"676":0,"677":1,"678":0,"679":0,"680":0,"681":1,"682":0,"683":1,"684":0,"685":1,"686":0,"687":0,"688":0,"689":0,"690":0,"691":0,"692":0,"693":0,"694":1,"695":0,"696":1,"697":0,"698":1,"699":0,"700":0,"701":0,"702":0,"703":0,"704":0,"705":0,"706":0,"707":0,"708":0,"709":0,"710":0,"711":0,"712":0,"713":0,"714":0,"715":0,"716":0,"717":0,"718":0,"719":0,"720":0,"721":0,"722":0,"723":0,"724":0,"725":0,"726":0,"727":0,"728":0,"729":0,"730":0,"731":0,"732":0,"733":1,"734":0,"735":0,"736":0,"737":0,"738":1,"739":1,"740":1,"741":1,"742":1,"743":0,"744":0,"745":1,"746":1,"747":0,"748":1,"749":0,"750":1,"751":0,"752":0,"753":0,"754":0,"755":0,"756":0,"757":1,"758":0,"759":0,"760":0,"761":0,"762":0,"763":0,"764":0,"765":0,"766":0,"767":0,"768":0,"769":0,"770":0,"771":1,"772":0,"773":1,"774":0,"775":0,"776":0,"777":0,"778":0,"779":0,"780":1,"781":0,"782":1,"783":0,"784":1,"785":0,"786":0,"787":1,"788":0,"789":0,"790":0,"791":1,"792":0,"793":1,"794":1,"795":0,"796":0,"797":0,"798":0,"799":0,"800":0,"801":0,"802":0,"803":0,"804":0,"805":0,"806":0,"807":0,"808":0,"809":0,"810":0,"811":0,"812":0,"813":0,"814":0,"815":0,"816":0,"817":0,"818":0,"819":0,"820":0,"821":0,"822":0,"823":0,"824":0,"825":1,"826":0,"827":0,"828":0,"829":0,"830":0,"831":1,"832":0,"833":0,"834":0,"835":0,"836":0,"837":0,"838":1,"839":0,"840":0,"841":0,"842":0,"843":0,"844":1,"845":0,"846":0,"847":1,"848":0,"849":0,"850":1,"851":0,"852":1,"853":0,"854":1,"855":0,"856":0,"857":0,"858":1,"859":0,"860":0,"861":0,"862":0,"863":0,"864":1,"865":0,"866":1,"867":0,"868":0,"869":0,"870":0,"871":0,"872":1,"873":0,"874":1,"875":0,"876":0,"877":0,"878":0,"879":0,"880":0,"881":0,"882":0,"883":0,"884":0,"885":0,"886":0,"887":0,"888":0,"889":0,"890":1,"891":0,"892":1,"893":0,"894":1,"895":0,"896":1,"897":0,"898":0,"899":0,"900":1,"901":0,"902":0,"903":0,"904":1,"905":0,"906":1,"907":0,"908":0,"909":0,"910":1,"911":0,"912":0,"913":0,"914":1,"915":0,"916":0,"917":0,"918":0,"919":0,"920":0,"921":0,"922":0,"923":0,"924":0,"925":0,"926":0,"927":0,"928":0,"929":0,"930":1,"931":0,"932":0,"933":1,"934":0,"935":1,"936":0,"937":0,"938":0,"939":0,"940":0,"941":0,"942":1,"943":0,"944":1,"945":0,"946":0,"947":0,"948":0,"949":1,"950":0,"951":0,"952":0,"953":1,"954":0,"955":0,"956":0,"957":0,"958":0,"959":0,"960":0,"961":0,"962":0,"963":0,"964":1,"965":0,"966":0,"967":0,"968":0,"969":0,"970":0,"971":0,"972":0,"973":0,"974":0,"975":0,"976":0,"977":0,"978":0,"979":1,"980":0,"981":1,"982":0,"983":0,"984":0,"985":0,"986":0,"987":0,"988":0,"989":0,"990":0,"991":0,"992":0,"993":0,"994":0,"995":1,"996":0,"997":0,"998":0,"999":0,"1000":1,"1001":0,"1002":0,"1003":0,"1004":0,"1005":0,"1006":0,"1007":0,"1008":0,"1009":0,"1010":0,"1011":0,"1012":1,"1013":0,"1014":0,"1015":0,"1016":0,"1017":1,"1018":0,"1019":0,"1020":0,"1021":0,"1022":1,"1023":0,"1024":0,"1025":1,"1026":0,"1027":0,"1028":1,"1029":0,"1030":1,"1031":0,"1032":0,"1033":0,"1034":0,"1035":0,"1036":0,"1037":1,"1038":0,"1039":1,"1040":0,"1041":1,"1042":0,"1043":1,"1044":0,"1045":0,"1046":0,"1047":1,"1048":0,"1049":0,"1050":1,"1051":1,"1052":0,"1053":0,"1054":0,"1055":0,"1056":1,"1057":0,"1058":0,"1059":0,"1060":0,"1061":0,"1062":1,"1063":1,"1064":1,"1065":0,"1066":0,"1067":0,"1068":0,"1069":0,"1070":0,"1071":0,"1072":0,"1073":0,"1074":0,"1075":0,"1076":0,"1077":0,"1078":0,"1079":0,"1080":0,"1081":0,"1082":0,"1083":0,"1084":1},"b":{"1":[1,0],"2":[4,0],"3":[0,0],"4":[0,0],"5":[0,0],"6":[0,0],"7":[0,0],"8":[0,0],"9":[0,0],"10":[0,0],"11":[0,0],"12":[0,0],"13":[1,0],"14":[1,0],"15":[1,0],"16":[1,0],"17":[1,0],"18":[1,0],"19":[1,0],"20":[1,0],"21":[1,0],"22":[1,0],"23":[1,0],"24":[1,0],"25":[0,0,0,0],"26":[0,0],"27":[0,0],"28":[0,0],"29":[0,0],"30":[0,0],"31":[0,0],"32":[0,0],"33":[0,0],"34":[0,0],"35":[0,0],"36":[0,0],"37":[0,0],"38":[0,0],"39":[0,0],"40":[0,0],"41":[0,0],"42":[0,0],"43":[0,0],"44":[0,0],"45":[0,0],"46":[0,0],"47":[0,0],"48":[0,0],"49":[0,0],"50":[0,0],"51":[0,0],"52":[0,0],"53":[0,0],"54":[0,0],"55":[0,0],"56":[0,0,0],"57":[0,0],"58":[0,0],"59":[0,0],"60":[0,0],"61":[0,0],"62":[0,0],"63":[0,0,0,0],"64":[0,0],"65":[0,0],"66":[0,0],"67":[0,0],"68":[0,0],"69":[0,0],"70":[0,0],"71":[0,0],"72":[0,0],"73":[0,0],"74":[0,0],"75":[0,0],"76":[0,0],"77":[0,0],"78":[0,0],"79":[0,0],"80":[0,0],"81":[0,0],"82":[0,0],"83":[0,0],"84":[0,0],"85":[0,0],"86":[0,0],"87":[0,0],"88":[0,0],"89":[0,0],"90":[0,0],"91":[0,0],"92":[0,0],"93":[0,0],"94":[0,0],"95":[0,0],"96":[0,0],"97":[0,0],"98":[0,0],"99":[0,0],"100":[0,0],"101":[0,0],"102":[0,0],"103":[0,0],"104":[0,0],"105":[0,0],"106":[0,0],"107":[0,0],"108":[0,0],"109":[0,0],"110":[0,0],"111":[0,0],"112":[0,0],"113":[0,0],"114":[0,0],"115":[0,0],"116":[0,0,0],"117":[0,0],"118":[0,0],"119":[0,0],"120":[0,0],"121":[0,0],"122":[0,0],"123":[0,0],"124":[0,0],"125":[0,0],"126":[0,0],"127":[0,0],"128":[0,0],"129":[0,0],"130":[0,0],"131":[0,0],"132":[0,0],"133":[0,0],"134":[0,0],"135":[0,0],"136":[0,0],"137":[0,0],"138":[0,0],"139":[0,0,0],"140":[0,0],"141":[0,0],"142":[0,0],"143":[0,0],"144":[0,0],"145":[0,0],"146":[0,0],"147":[0,0],"148":[0,0],"149":[0,0],"150":[0,0],"151":[0,0],"152":[0,0],"153":[0,0],"154":[0,0],"155":[0,0],"156":[0,0],"157":[0,0],"158":[0,0],"159":[0,0],"160":[0,0],"161":[0,0],"162":[0,0],"163":[0,0],"164":[0,0],"165":[0,0],"166":[0,0],"167":[0,0],"168":[0,0],"169":[0,0],"170":[0,0],"171":[0,0],"172":[0,0],"173":[0,0],"174":[0,0],"175":[0,0],"176":[0,0],"177":[0,0],"178":[0,0],"179":[0,0],"180":[0,0],"181":[0,0],"182":[0,0],"183":[0,0],"184":[0,0],"185":[0,0],"186":[0,0],"187":[0,0],"188":[0,0],"189":[0,0],"190":[0,0],"191":[0,0],"192":[0,0],"193":[0,0,0],"194":[0,0],"195":[0,0],"196":[0,0],"197":[0,0],"198":[0,0],"199":[0,0],"200":[0,0],"201":[0,0],"202":[0,0],"203":[0,0,0],"204":[0,0],"205":[0,0],"206":[0,0],"207":[0,0],"208":[0,0],"209":[0,0],"210":[0,0],"211":[0,0],"212":[0,0],"213":[0,0]},"f":{"1":0,"2":12,"3":12,"4":4,"5":0,"6":0,"7":0,"8":0,"9":0,"10":0,"11":0,"12":0,"13":0,"14":0,"15":0,"16":0,"17":0,"18":0,"19":0,"20":0,"21":0,"22":0,"23":0,"24":0,"25":0,"26":0,"27":0,"28":0,"29":0,"30":0,"31":0,"32":0,"33":0,"34":0,"35":0,"36":0,"37":0,"38":0,"39":0,"40":0,"41":0,"42":0,"43":0,"44":0,"45":0,"46":0,"47":0,"48":0,"49":0,"50":0,"51":4,"52":4,"53":0,"54":0,"55":0,"56":0,"57":0,"58":0,"59":0,"60":0,"61":0,"62":0,"63":0,"64":0,"65":0,"66":0,"67":0,"68":0,"69":0,"70":0,"71":0,"72":0,"73":0,"74":0,"75":0,"76":0,"77":0,"78":0,"79":0,"80":0,"81":0,"82":0,"83":0,"84":0,"85":0,"86":0,"87":0,"88":0,"89":0,"90":0,"91":0,"92":0,"93":0,"94":0,"95":0,"96":0,"97":0,"98":0,"99":0,"100":0,"101":0,"102":0,"103":0,"104":0,"105":0,"106":0,"107":0,"108":0,"109":0,"110":0,"111":0,"112":0,"113":0,"114":0,"115":0,"116":0,"117":0,"118":0,"119":0,"120":0,"121":0,"122":0,"123":0,"124":0,"125":0,"126":0,"127":0,"128":0,"129":0,"130":0,"131":0,"132":0,"133":0,"134":0,"135":0,"136":0,"137":0,"138":0,"139":0,"140":0,"141":0,"142":1,"143":0,"144":0,"145":0,"146":0,"147":1,"148":0,"149":0,"150":0,"151":0,"152":0,"153":0,"154":0,"155":0,"156":0,"157":0,"158":0,"159":0,"160":0,"161":0,"162":0,"163":0,"164":0,"165":0,"166":0,"167":1,"168":6,"169":0,"170":0,"171":0,"172":0,"173":0,"174":0,"175":0,"176":0,"177":0,"178":0,"179":0,"180":0,"181":0,"182":0,"183":0,"184":0,"185":0,"186":0,"187":0,"188":0,"189":0,"190":0,"191":0,"192":0,"193":0,"194":0,"195":0,"196":0,"197":0,"198":0,"199":0,"200":0,"201":0,"202":0,"203":0,"204":0,"205":0,"206":0,"207":0,"208":0,"209":0,"210":0,"211":0,"212":0,"213":0,"214":0,"215":0,"216":0,"217":0,"218":0,"219":0,"220":0,"221":0,"222":0,"223":0,"224":0,"225":0,"226":0,"227":0,"228":0,"229":0,"230":0,"231":0,"232":0,"233":0,"234":0,"235":0,"236":0,"237":0,"238":0,"239":0,"240":0,"241":0,"242":0,"243":0,"244":0,"245":0,"246":0,"247":0,"248":0},"fnMap":{"1":{"name":"(anonymous_1)","line":13,"loc":{"start":{"line":13,"column":31},"end":{"line":13,"column":42}}},"2":{"name":"(anonymous_2)","line":42,"loc":{"start":{"line":42,"column":20},"end":{"line":42,"column":31}}},"3":{"name":"getGlobal","line":43,"loc":{"start":{"line":43,"column":2},"end":{"line":43,"column":23}}},"4":{"name":"(anonymous_4)","line":58,"loc":{"start":{"line":58,"column":24},"end":{"line":58,"column":45}}},"5":{"name":"(anonymous_5)","line":61,"loc":{"start":{"line":61,"column":11},"end":{"line":61,"column":22}}},"6":{"name":"(anonymous_6)","line":75,"loc":{"start":{"line":75,"column":24},"end":{"line":75,"column":41}}},"7":{"name":"(anonymous_7)","line":81,"loc":{"start":{"line":81,"column":43},"end":{"line":81,"column":54}}},"8":{"name":"(anonymous_8)","line":94,"loc":{"start":{"line":94,"column":28},"end":{"line":94,"column":45}}},"9":{"name":"(anonymous_9)","line":106,"loc":{"start":{"line":106,"column":47},"end":{"line":106,"column":59}}},"10":{"name":"(anonymous_10)","line":110,"loc":{"start":{"line":110,"column":45},"end":{"line":110,"column":57}}},"11":{"name":"(anonymous_11)","line":117,"loc":{"start":{"line":117,"column":17},"end":{"line":117,"column":28}}},"12":{"name":"(anonymous_12)","line":128,"loc":{"start":{"line":128,"column":19},"end":{"line":128,"column":35}}},"13":{"name":"(anonymous_13)","line":138,"loc":{"start":{"line":138,"column":20},"end":{"line":138,"column":36}}},"14":{"name":"(anonymous_14)","line":148,"loc":{"start":{"line":148,"column":20},"end":{"line":148,"column":36}}},"15":{"name":"(anonymous_15)","line":159,"loc":{"start":{"line":159,"column":15},"end":{"line":159,"column":41}}},"16":{"name":"(anonymous_16)","line":169,"loc":{"start":{"line":169,"column":13},"end":{"line":169,"column":29}}},"17":{"name":"(anonymous_17)","line":181,"loc":{"start":{"line":181,"column":20},"end":{"line":181,"column":34}}},"18":{"name":"(anonymous_18)","line":195,"loc":{"start":{"line":195,"column":14},"end":{"line":195,"column":30}}},"19":{"name":"(anonymous_19)","line":210,"loc":{"start":{"line":210,"column":27},"end":{"line":210,"column":45}}},"20":{"name":"(anonymous_20)","line":258,"loc":{"start":{"line":258,"column":14},"end":{"line":258,"column":29}}},"21":{"name":"(anonymous_21)","line":270,"loc":{"start":{"line":270,"column":14},"end":{"line":270,"column":25}}},"22":{"name":"(anonymous_22)","line":306,"loc":{"start":{"line":306,"column":39},"end":{"line":306,"column":50}}},"23":{"name":"(anonymous_23)","line":323,"loc":{"start":{"line":323,"column":34},"end":{"line":323,"column":50}}},"24":{"name":"(anonymous_24)","line":324,"loc":{"start":{"line":324,"column":14},"end":{"line":324,"column":25}}},"25":{"name":"(anonymous_25)","line":342,"loc":{"start":{"line":342,"column":33},"end":{"line":342,"column":56}}},"26":{"name":"(anonymous_26)","line":343,"loc":{"start":{"line":343,"column":14},"end":{"line":343,"column":25}}},"27":{"name":"(anonymous_27)","line":364,"loc":{"start":{"line":364,"column":36},"end":{"line":364,"column":55}}},"28":{"name":"(anonymous_28)","line":383,"loc":{"start":{"line":383,"column":30},"end":{"line":383,"column":41}}},"29":{"name":"(anonymous_29)","line":391,"loc":{"start":{"line":391,"column":20},"end":{"line":391,"column":35}}},"30":{"name":"(anonymous_30)","line":393,"loc":{"start":{"line":393,"column":15},"end":{"line":393,"column":26}}},"31":{"name":"(anonymous_31)","line":421,"loc":{"start":{"line":421,"column":16},"end":{"line":421,"column":38}}},"32":{"name":"(anonymous_32)","line":432,"loc":{"start":{"line":432,"column":23},"end":{"line":432,"column":55}}},"33":{"name":"(anonymous_33)","line":448,"loc":{"start":{"line":448,"column":14},"end":{"line":448,"column":25}}},"34":{"name":"(anonymous_34)","line":468,"loc":{"start":{"line":468,"column":12},"end":{"line":468,"column":38}}},"35":{"name":"(anonymous_35)","line":486,"loc":{"start":{"line":486,"column":9},"end":{"line":486,"column":30}}},"36":{"name":"(anonymous_36)","line":499,"loc":{"start":{"line":499,"column":10},"end":{"line":499,"column":31}}},"37":{"name":"(anonymous_37)","line":512,"loc":{"start":{"line":512,"column":13},"end":{"line":512,"column":30}}},"38":{"name":"(anonymous_38)","line":522,"loc":{"start":{"line":522,"column":11},"end":{"line":522,"column":26}}},"39":{"name":"(anonymous_39)","line":533,"loc":{"start":{"line":533,"column":12},"end":{"line":533,"column":30}}},"40":{"name":"(anonymous_40)","line":545,"loc":{"start":{"line":545,"column":15},"end":{"line":545,"column":82}}},"41":{"name":"(anonymous_41)","line":557,"loc":{"start":{"line":557,"column":17},"end":{"line":557,"column":46}}},"42":{"name":"(anonymous_42)","line":569,"loc":{"start":{"line":569,"column":16},"end":{"line":569,"column":44}}},"43":{"name":"(anonymous_43)","line":589,"loc":{"start":{"line":589,"column":15},"end":{"line":589,"column":54}}},"44":{"name":"(anonymous_44)","line":600,"loc":{"start":{"line":600,"column":16},"end":{"line":600,"column":55}}},"45":{"name":"(anonymous_45)","line":607,"loc":{"start":{"line":607,"column":66},"end":{"line":607,"column":77}}},"46":{"name":"tryIt","line":608,"loc":{"start":{"line":608,"column":2},"end":{"line":608,"column":20}}},"47":{"name":"(anonymous_47)","line":616,"loc":{"start":{"line":616,"column":18},"end":{"line":616,"column":29}}},"48":{"name":"(anonymous_48)","line":619,"loc":{"start":{"line":619,"column":10},"end":{"line":619,"column":21}}},"49":{"name":"(anonymous_49)","line":622,"loc":{"start":{"line":622,"column":10},"end":{"line":622,"column":21}}},"50":{"name":"(anonymous_50)","line":625,"loc":{"start":{"line":625,"column":10},"end":{"line":625,"column":21}}},"51":{"name":"(anonymous_51)","line":645,"loc":{"start":{"line":645,"column":23},"end":{"line":645,"column":57}}},"52":{"name":"(anonymous_52)","line":649,"loc":{"start":{"line":649,"column":17},"end":{"line":649,"column":28}}},"53":{"name":"(anonymous_53)","line":655,"loc":{"start":{"line":655,"column":31},"end":{"line":655,"column":43}}},"54":{"name":"(anonymous_54)","line":682,"loc":{"start":{"line":682,"column":26},"end":{"line":682,"column":40}}},"55":{"name":"(anonymous_55)","line":689,"loc":{"start":{"line":689,"column":27},"end":{"line":689,"column":42}}},"56":{"name":"(anonymous_56)","line":695,"loc":{"start":{"line":695,"column":22},"end":{"line":695,"column":52}}},"57":{"name":"(anonymous_57)","line":705,"loc":{"start":{"line":705,"column":14},"end":{"line":705,"column":25}}},"58":{"name":"(anonymous_58)","line":715,"loc":{"start":{"line":715,"column":20},"end":{"line":715,"column":31}}},"59":{"name":"(anonymous_59)","line":724,"loc":{"start":{"line":724,"column":23},"end":{"line":724,"column":34}}},"60":{"name":"(anonymous_60)","line":741,"loc":{"start":{"line":741,"column":32},"end":{"line":741,"column":44}}},"61":{"name":"(anonymous_61)","line":752,"loc":{"start":{"line":752,"column":38},"end":{"line":752,"column":49}}},"62":{"name":"(anonymous_62)","line":769,"loc":{"start":{"line":769,"column":35},"end":{"line":769,"column":47}}},"63":{"name":"(anonymous_63)","line":776,"loc":{"start":{"line":776,"column":36},"end":{"line":776,"column":48}}},"64":{"name":"(anonymous_64)","line":784,"loc":{"start":{"line":784,"column":36},"end":{"line":784,"column":55}}},"65":{"name":"(anonymous_65)","line":788,"loc":{"start":{"line":788,"column":32},"end":{"line":788,"column":43}}},"66":{"name":"(anonymous_66)","line":792,"loc":{"start":{"line":792,"column":33},"end":{"line":792,"column":72}}},"67":{"name":"(anonymous_67)","line":812,"loc":{"start":{"line":812,"column":51},"end":{"line":812,"column":62}}},"68":{"name":"(anonymous_68)","line":822,"loc":{"start":{"line":822,"column":35},"end":{"line":822,"column":64}}},"69":{"name":"(anonymous_69)","line":830,"loc":{"start":{"line":830,"column":38},"end":{"line":830,"column":50}}},"70":{"name":"(anonymous_70)","line":834,"loc":{"start":{"line":834,"column":34},"end":{"line":834,"column":62}}},"71":{"name":"(anonymous_71)","line":843,"loc":{"start":{"line":843,"column":34},"end":{"line":843,"column":66}}},"72":{"name":"(anonymous_72)","line":845,"loc":{"start":{"line":845,"column":13},"end":{"line":845,"column":24}}},"73":{"name":"(anonymous_73)","line":850,"loc":{"start":{"line":850,"column":27},"end":{"line":850,"column":55}}},"74":{"name":"(anonymous_74)","line":862,"loc":{"start":{"line":862,"column":28},"end":{"line":862,"column":49}}},"75":{"name":"(anonymous_75)","line":865,"loc":{"start":{"line":865,"column":10},"end":{"line":865,"column":21}}},"76":{"name":"(anonymous_76)","line":870,"loc":{"start":{"line":870,"column":40},"end":{"line":870,"column":85}}},"77":{"name":"(anonymous_77)","line":878,"loc":{"start":{"line":878,"column":15},"end":{"line":878,"column":38}}},"78":{"name":"(anonymous_78)","line":908,"loc":{"start":{"line":908,"column":32},"end":{"line":908,"column":77}}},"79":{"name":"(anonymous_79)","line":964,"loc":{"start":{"line":964,"column":34},"end":{"line":964,"column":61}}},"80":{"name":"(anonymous_80)","line":974,"loc":{"start":{"line":974,"column":42},"end":{"line":974,"column":67}}},"81":{"name":"(anonymous_81)","line":981,"loc":{"start":{"line":981,"column":19},"end":{"line":981,"column":30}}},"82":{"name":"(anonymous_82)","line":985,"loc":{"start":{"line":985,"column":50},"end":{"line":985,"column":67}}},"83":{"name":"(anonymous_83)","line":989,"loc":{"start":{"line":989,"column":49},"end":{"line":989,"column":66}}},"84":{"name":"(anonymous_84)","line":993,"loc":{"start":{"line":993,"column":48},"end":{"line":993,"column":64}}},"85":{"name":"(anonymous_85)","line":997,"loc":{"start":{"line":997,"column":48},"end":{"line":997,"column":63}}},"86":{"name":"(anonymous_86)","line":1001,"loc":{"start":{"line":1001,"column":47},"end":{"line":1001,"column":62}}},"87":{"name":"(anonymous_87)","line":1005,"loc":{"start":{"line":1005,"column":33},"end":{"line":1005,"column":47}}},"88":{"name":"(anonymous_88)","line":1016,"loc":{"start":{"line":1016,"column":16},"end":{"line":1016,"column":42}}},"89":{"name":"(anonymous_89)","line":1022,"loc":{"start":{"line":1022,"column":34},"end":{"line":1022,"column":55}}},"90":{"name":"(anonymous_90)","line":1034,"loc":{"start":{"line":1034,"column":24},"end":{"line":1034,"column":35}}},"91":{"name":"(anonymous_91)","line":1041,"loc":{"start":{"line":1041,"column":55},"end":{"line":1041,"column":72}}},"92":{"name":"(anonymous_92)","line":1050,"loc":{"start":{"line":1050,"column":41},"end":{"line":1050,"column":52}}},"93":{"name":"(anonymous_93)","line":1054,"loc":{"start":{"line":1054,"column":45},"end":{"line":1054,"column":67}}},"94":{"name":"(anonymous_94)","line":1072,"loc":{"start":{"line":1072,"column":42},"end":{"line":1072,"column":53}}},"95":{"name":"(anonymous_95)","line":1076,"loc":{"start":{"line":1076,"column":49},"end":{"line":1076,"column":66}}},"96":{"name":"(anonymous_96)","line":1081,"loc":{"start":{"line":1081,"column":54},"end":{"line":1081,"column":71}}},"97":{"name":"(anonymous_97)","line":1086,"loc":{"start":{"line":1086,"column":53},"end":{"line":1086,"column":69}}},"98":{"name":"(anonymous_98)","line":1090,"loc":{"start":{"line":1090,"column":52},"end":{"line":1090,"column":67}}},"99":{"name":"(anonymous_99)","line":1098,"loc":{"start":{"line":1098,"column":38},"end":{"line":1098,"column":52}}},"100":{"name":"(anonymous_100)","line":1101,"loc":{"start":{"line":1101,"column":50},"end":{"line":1101,"column":67}}},"101":{"name":"(anonymous_101)","line":1110,"loc":{"start":{"line":1110,"column":51},"end":{"line":1110,"column":67}}},"102":{"name":"(anonymous_102)","line":1138,"loc":{"start":{"line":1138,"column":19},"end":{"line":1138,"column":58}}},"103":{"name":"(anonymous_103)","line":1147,"loc":{"start":{"line":1147,"column":22},"end":{"line":1147,"column":36}}},"104":{"name":"(anonymous_104)","line":1152,"loc":{"start":{"line":1152,"column":36},"end":{"line":1152,"column":79}}},"105":{"name":"(anonymous_105)","line":1156,"loc":{"start":{"line":1156,"column":29},"end":{"line":1156,"column":64}}},"106":{"name":"(anonymous_106)","line":1164,"loc":{"start":{"line":1164,"column":30},"end":{"line":1164,"column":69}}},"107":{"name":"(anonymous_107)","line":1165,"loc":{"start":{"line":1165,"column":9},"end":{"line":1165,"column":20}}},"108":{"name":"(anonymous_108)","line":1183,"loc":{"start":{"line":1183,"column":62},"end":{"line":1183,"column":74}}},"109":{"name":"(anonymous_109)","line":1213,"loc":{"start":{"line":1213,"column":34},"end":{"line":1213,"column":53}}},"110":{"name":"(anonymous_110)","line":1222,"loc":{"start":{"line":1222,"column":37},"end":{"line":1222,"column":56}}},"111":{"name":"(anonymous_111)","line":1231,"loc":{"start":{"line":1231,"column":37},"end":{"line":1231,"column":56}}},"112":{"name":"(anonymous_112)","line":1240,"loc":{"start":{"line":1240,"column":40},"end":{"line":1240,"column":59}}},"113":{"name":"(anonymous_113)","line":1250,"loc":{"start":{"line":1250,"column":37},"end":{"line":1250,"column":56}}},"114":{"name":"(anonymous_114)","line":1259,"loc":{"start":{"line":1259,"column":40},"end":{"line":1259,"column":59}}},"115":{"name":"(anonymous_115)","line":1266,"loc":{"start":{"line":1266,"column":41},"end":{"line":1266,"column":52}}},"116":{"name":"(anonymous_116)","line":1273,"loc":{"start":{"line":1273,"column":43},"end":{"line":1273,"column":54}}},"117":{"name":"(anonymous_117)","line":1280,"loc":{"start":{"line":1280,"column":38},"end":{"line":1280,"column":49}}},"118":{"name":"(anonymous_118)","line":1287,"loc":{"start":{"line":1287,"column":40},"end":{"line":1287,"column":51}}},"119":{"name":"(anonymous_119)","line":1295,"loc":{"start":{"line":1295,"column":39},"end":{"line":1295,"column":50}}},"120":{"name":"(anonymous_120)","line":1303,"loc":{"start":{"line":1303,"column":46},"end":{"line":1303,"column":57}}},"121":{"name":"(anonymous_121)","line":1312,"loc":{"start":{"line":1312,"column":17},"end":{"line":1312,"column":28}}},"122":{"name":"(anonymous_122)","line":1330,"loc":{"start":{"line":1330,"column":42},"end":{"line":1330,"column":53}}},"123":{"name":"(anonymous_123)","line":1339,"loc":{"start":{"line":1339,"column":17},"end":{"line":1339,"column":28}}},"124":{"name":"(anonymous_124)","line":1355,"loc":{"start":{"line":1355,"column":50},"end":{"line":1355,"column":61}}},"125":{"name":"(anonymous_125)","line":1360,"loc":{"start":{"line":1360,"column":17},"end":{"line":1360,"column":28}}},"126":{"name":"(anonymous_126)","line":1382,"loc":{"start":{"line":1382,"column":46},"end":{"line":1382,"column":57}}},"127":{"name":"(anonymous_127)","line":1388,"loc":{"start":{"line":1388,"column":17},"end":{"line":1388,"column":28}}},"128":{"name":"(anonymous_128)","line":1403,"loc":{"start":{"line":1403,"column":39},"end":{"line":1403,"column":58}}},"129":{"name":"(anonymous_129)","line":1413,"loc":{"start":{"line":1413,"column":42},"end":{"line":1413,"column":61}}},"130":{"name":"(anonymous_130)","line":1417,"loc":{"start":{"line":1417,"column":42},"end":{"line":1417,"column":61}}},"131":{"name":"(anonymous_131)","line":1421,"loc":{"start":{"line":1421,"column":45},"end":{"line":1421,"column":64}}},"132":{"name":"(anonymous_132)","line":1432,"loc":{"start":{"line":1432,"column":41},"end":{"line":1432,"column":71}}},"133":{"name":"(anonymous_133)","line":1447,"loc":{"start":{"line":1447,"column":37},"end":{"line":1447,"column":56}}},"134":{"name":"(anonymous_134)","line":1464,"loc":{"start":{"line":1464,"column":17},"end":{"line":1464,"column":28}}},"135":{"name":"(anonymous_135)","line":1475,"loc":{"start":{"line":1475,"column":23},"end":{"line":1475,"column":47}}},"136":{"name":"(anonymous_136)","line":1479,"loc":{"start":{"line":1479,"column":48},"end":{"line":1479,"column":64}}},"137":{"name":"(anonymous_137)","line":1499,"loc":{"start":{"line":1499,"column":49},"end":{"line":1499,"column":60}}},"138":{"name":"(anonymous_138)","line":1503,"loc":{"start":{"line":1503,"column":36},"end":{"line":1503,"column":54}}},"139":{"name":"(anonymous_139)","line":1507,"loc":{"start":{"line":1507,"column":61},"end":{"line":1507,"column":107}}},"140":{"name":"(anonymous_140)","line":1513,"loc":{"start":{"line":1513,"column":15},"end":{"line":1513,"column":38}}},"141":{"name":"(anonymous_141)","line":1529,"loc":{"start":{"line":1529,"column":62},"end":{"line":1529,"column":74}}},"142":{"name":"(anonymous_142)","line":1535,"loc":{"start":{"line":1535,"column":20},"end":{"line":1535,"column":31}}},"143":{"name":"(anonymous_143)","line":1539,"loc":{"start":{"line":1539,"column":20},"end":{"line":1539,"column":49}}},"144":{"name":"(anonymous_144)","line":1545,"loc":{"start":{"line":1545,"column":21},"end":{"line":1545,"column":50}}},"145":{"name":"(anonymous_145)","line":1551,"loc":{"start":{"line":1551,"column":22},"end":{"line":1551,"column":43}}},"146":{"name":"(anonymous_146)","line":1555,"loc":{"start":{"line":1555,"column":23},"end":{"line":1555,"column":44}}},"147":{"name":"(anonymous_147)","line":1561,"loc":{"start":{"line":1561,"column":36},"end":{"line":1561,"column":47}}},"148":{"name":"(anonymous_148)","line":1567,"loc":{"start":{"line":1567,"column":35},"end":{"line":1567,"column":52}}},"149":{"name":"(anonymous_149)","line":1574,"loc":{"start":{"line":1574,"column":54},"end":{"line":1574,"column":85}}},"150":{"name":"(anonymous_150)","line":1588,"loc":{"start":{"line":1588,"column":20},"end":{"line":1588,"column":35}}},"151":{"name":"(anonymous_151)","line":1609,"loc":{"start":{"line":1609,"column":47},"end":{"line":1609,"column":99}}},"152":{"name":"(anonymous_152)","line":1625,"loc":{"start":{"line":1625,"column":9},"end":{"line":1625,"column":20}}},"153":{"name":"(anonymous_153)","line":1630,"loc":{"start":{"line":1630,"column":8},"end":{"line":1630,"column":25}}},"154":{"name":"(anonymous_154)","line":1635,"loc":{"start":{"line":1635,"column":27},"end":{"line":1635,"column":58}}},"155":{"name":"(anonymous_155)","line":1639,"loc":{"start":{"line":1639,"column":20},"end":{"line":1639,"column":72}}},"156":{"name":"(anonymous_156)","line":1643,"loc":{"start":{"line":1643,"column":11},"end":{"line":1643,"column":22}}},"157":{"name":"(anonymous_157)","line":1652,"loc":{"start":{"line":1652,"column":15},"end":{"line":1652,"column":26}}},"158":{"name":"(anonymous_158)","line":1656,"loc":{"start":{"line":1656,"column":17},"end":{"line":1656,"column":28}}},"159":{"name":"(anonymous_159)","line":1668,"loc":{"start":{"line":1668,"column":19},"end":{"line":1668,"column":30}}},"160":{"name":"(anonymous_160)","line":1674,"loc":{"start":{"line":1674,"column":15},"end":{"line":1674,"column":26}}},"161":{"name":"(anonymous_161)","line":1683,"loc":{"start":{"line":1683,"column":33},"end":{"line":1683,"column":62}}},"162":{"name":"(anonymous_162)","line":1691,"loc":{"start":{"line":1691,"column":34},"end":{"line":1691,"column":63}}},"163":{"name":"(anonymous_163)","line":1699,"loc":{"start":{"line":1699,"column":35},"end":{"line":1699,"column":56}}},"164":{"name":"(anonymous_164)","line":1707,"loc":{"start":{"line":1707,"column":36},"end":{"line":1707,"column":57}}},"165":{"name":"(anonymous_165)","line":1718,"loc":{"start":{"line":1718,"column":24},"end":{"line":1718,"column":35}}},"166":{"name":"(anonymous_166)","line":1723,"loc":{"start":{"line":1723,"column":46},"end":{"line":1723,"column":65}}},"167":{"name":"(anonymous_167)","line":1727,"loc":{"start":{"line":1727,"column":1},"end":{"line":1727,"column":12}}},"168":{"name":"(anonymous_168)","line":1738,"loc":{"start":{"line":1738,"column":53},"end":{"line":1738,"column":76}}},"169":{"name":"(anonymous_169)","line":1739,"loc":{"start":{"line":1739,"column":13},"end":{"line":1739,"column":24}}},"170":{"name":"(anonymous_170)","line":1755,"loc":{"start":{"line":1755,"column":24},"end":{"line":1755,"column":35}}},"171":{"name":"(anonymous_171)","line":1783,"loc":{"start":{"line":1783,"column":47},"end":{"line":1783,"column":64}}},"172":{"name":"(anonymous_172)","line":1793,"loc":{"start":{"line":1793,"column":38},"end":{"line":1793,"column":55}}},"173":{"name":"(anonymous_173)","line":1800,"loc":{"start":{"line":1800,"column":43},"end":{"line":1800,"column":54}}},"174":{"name":"(anonymous_174)","line":1808,"loc":{"start":{"line":1808,"column":44},"end":{"line":1808,"column":61}}},"175":{"name":"(anonymous_175)","line":1827,"loc":{"start":{"line":1827,"column":41},"end":{"line":1827,"column":52}}},"176":{"name":"(anonymous_176)","line":1833,"loc":{"start":{"line":1833,"column":24},"end":{"line":1833,"column":35}}},"177":{"name":"(anonymous_177)","line":1842,"loc":{"start":{"line":1842,"column":41},"end":{"line":1842,"column":57}}},"178":{"name":"(anonymous_178)","line":1887,"loc":{"start":{"line":1887,"column":48},"end":{"line":1887,"column":66}}},"179":{"name":"(anonymous_179)","line":1900,"loc":{"start":{"line":1900,"column":30},"end":{"line":1900,"column":41}}},"180":{"name":"(anonymous_180)","line":1907,"loc":{"start":{"line":1907,"column":51},"end":{"line":1907,"column":67}}},"181":{"name":"(anonymous_181)","line":1911,"loc":{"start":{"line":1911,"column":51},"end":{"line":1911,"column":67}}},"182":{"name":"(anonymous_182)","line":1915,"loc":{"start":{"line":1915,"column":50},"end":{"line":1915,"column":66}}},"183":{"name":"(anonymous_183)","line":1926,"loc":{"start":{"line":1926,"column":51},"end":{"line":1926,"column":65}}},"184":{"name":"(anonymous_184)","line":1931,"loc":{"start":{"line":1931,"column":26},"end":{"line":1931,"column":55}}},"185":{"name":"(anonymous_185)","line":1950,"loc":{"start":{"line":1950,"column":47},"end":{"line":1950,"column":63}}},"186":{"name":"(anonymous_186)","line":1953,"loc":{"start":{"line":1953,"column":16},"end":{"line":1953,"column":30}}},"187":{"name":"(anonymous_187)","line":1962,"loc":{"start":{"line":1962,"column":36},"end":{"line":1962,"column":52}}},"188":{"name":"(anonymous_188)","line":1966,"loc":{"start":{"line":1966,"column":30},"end":{"line":1966,"column":46}}},"189":{"name":"(anonymous_189)","line":1970,"loc":{"start":{"line":1970,"column":37},"end":{"line":1970,"column":53}}},"190":{"name":"(anonymous_190)","line":1975,"loc":{"start":{"line":1975,"column":32},"end":{"line":1975,"column":53}}},"191":{"name":"(anonymous_191)","line":1981,"loc":{"start":{"line":1981,"column":36},"end":{"line":1981,"column":47}}},"192":{"name":"(anonymous_192)","line":1987,"loc":{"start":{"line":1987,"column":32},"end":{"line":1987,"column":43}}},"193":{"name":"(anonymous_193)","line":1998,"loc":{"start":{"line":1998,"column":23},"end":{"line":1998,"column":35}}},"194":{"name":"(anonymous_194)","line":2014,"loc":{"start":{"line":2014,"column":30},"end":{"line":2014,"column":41}}},"195":{"name":"(anonymous_195)","line":2041,"loc":{"start":{"line":2041,"column":34},"end":{"line":2041,"column":45}}},"196":{"name":"(anonymous_196)","line":2058,"loc":{"start":{"line":2058,"column":17},"end":{"line":2058,"column":31}}},"197":{"name":"(anonymous_197)","line":2067,"loc":{"start":{"line":2067,"column":35},"end":{"line":2067,"column":46}}},"198":{"name":"(anonymous_198)","line":2072,"loc":{"start":{"line":2072,"column":19},"end":{"line":2072,"column":31}}},"199":{"name":"(anonymous_199)","line":2077,"loc":{"start":{"line":2077,"column":38},"end":{"line":2077,"column":67}}},"200":{"name":"(anonymous_200)","line":2082,"loc":{"start":{"line":2082,"column":37},"end":{"line":2082,"column":65}}},"201":{"name":"(anonymous_201)","line":2088,"loc":{"start":{"line":2088,"column":42},"end":{"line":2088,"column":53}}},"202":{"name":"(anonymous_202)","line":2092,"loc":{"start":{"line":2092,"column":36},"end":{"line":2092,"column":52}}},"203":{"name":"(anonymous_203)","line":2096,"loc":{"start":{"line":2096,"column":31},"end":{"line":2096,"column":47}}},"204":{"name":"(anonymous_204)","line":2103,"loc":{"start":{"line":2103,"column":33},"end":{"line":2103,"column":45}}},"205":{"name":"(anonymous_205)","line":2112,"loc":{"start":{"line":2112,"column":34},"end":{"line":2112,"column":45}}},"206":{"name":"(anonymous_206)","line":2116,"loc":{"start":{"line":2116,"column":42},"end":{"line":2116,"column":53}}},"207":{"name":"(anonymous_207)","line":2126,"loc":{"start":{"line":2126,"column":35},"end":{"line":2126,"column":46}}},"208":{"name":"(anonymous_208)","line":2137,"loc":{"start":{"line":2137,"column":15},"end":{"line":2137,"column":49}}},"209":{"name":"(anonymous_209)","line":2159,"loc":{"start":{"line":2159,"column":37},"end":{"line":2159,"column":48}}},"210":{"name":"(anonymous_210)","line":2164,"loc":{"start":{"line":2164,"column":33},"end":{"line":2164,"column":44}}},"211":{"name":"(anonymous_211)","line":2173,"loc":{"start":{"line":2173,"column":29},"end":{"line":2173,"column":40}}},"212":{"name":"(anonymous_212)","line":2177,"loc":{"start":{"line":2177,"column":30},"end":{"line":2177,"column":46}}},"213":{"name":"(anonymous_213)","line":2183,"loc":{"start":{"line":2183,"column":36},"end":{"line":2183,"column":53}}},"214":{"name":"(anonymous_214)","line":2194,"loc":{"start":{"line":2194,"column":42},"end":{"line":2194,"column":59}}},"215":{"name":"(anonymous_215)","line":2198,"loc":{"start":{"line":2198,"column":32},"end":{"line":2198,"column":49}}},"216":{"name":"(anonymous_216)","line":2210,"loc":{"start":{"line":2210,"column":31},"end":{"line":2210,"column":49}}},"217":{"name":"(anonymous_217)","line":2223,"loc":{"start":{"line":2223,"column":34},"end":{"line":2223,"column":101}}},"218":{"name":"(anonymous_218)","line":2248,"loc":{"start":{"line":2248,"column":30},"end":{"line":2248,"column":43}}},"219":{"name":"(anonymous_219)","line":2257,"loc":{"start":{"line":2257,"column":43},"end":{"line":2257,"column":54}}},"220":{"name":"(anonymous_220)","line":2261,"loc":{"start":{"line":2261,"column":37},"end":{"line":2261,"column":65}}},"221":{"name":"(anonymous_221)","line":2263,"loc":{"start":{"line":2263,"column":25},"end":{"line":2263,"column":36}}},"222":{"name":"(anonymous_222)","line":2271,"loc":{"start":{"line":2271,"column":40},"end":{"line":2271,"column":51}}},"223":{"name":"(anonymous_223)","line":2275,"loc":{"start":{"line":2275,"column":32},"end":{"line":2275,"column":53}}},"224":{"name":"(anonymous_224)","line":2283,"loc":{"start":{"line":2283,"column":31},"end":{"line":2283,"column":49}}},"225":{"name":"(anonymous_225)","line":2291,"loc":{"start":{"line":2291,"column":33},"end":{"line":2291,"column":54}}},"226":{"name":"(anonymous_226)","line":2305,"loc":{"start":{"line":2305,"column":19},"end":{"line":2305,"column":31}}},"227":{"name":"(anonymous_227)","line":2310,"loc":{"start":{"line":2310,"column":52},"end":{"line":2310,"column":63}}},"228":{"name":"(anonymous_228)","line":2335,"loc":{"start":{"line":2335,"column":34},"end":{"line":2335,"column":45}}},"229":{"name":"(anonymous_229)","line":2339,"loc":{"start":{"line":2339,"column":31},"end":{"line":2339,"column":82}}},"230":{"name":"(anonymous_230)","line":2364,"loc":{"start":{"line":2364,"column":40},"end":{"line":2364,"column":51}}},"231":{"name":"(anonymous_231)","line":2381,"loc":{"start":{"line":2381,"column":16},"end":{"line":2381,"column":73}}},"232":{"name":"(anonymous_232)","line":2395,"loc":{"start":{"line":2395,"column":38},"end":{"line":2395,"column":49}}},"233":{"name":"(anonymous_233)","line":2403,"loc":{"start":{"line":2403,"column":33},"end":{"line":2403,"column":54}}},"234":{"name":"(anonymous_234)","line":2411,"loc":{"start":{"line":2411,"column":37},"end":{"line":2411,"column":66}}},"235":{"name":"(anonymous_235)","line":2416,"loc":{"start":{"line":2416,"column":36},"end":{"line":2416,"column":64}}},"236":{"name":"(anonymous_236)","line":2421,"loc":{"start":{"line":2421,"column":34},"end":{"line":2421,"column":45}}},"237":{"name":"(anonymous_237)","line":2425,"loc":{"start":{"line":2425,"column":30},"end":{"line":2425,"column":52}}},"238":{"name":"(anonymous_238)","line":2436,"loc":{"start":{"line":2436,"column":32},"end":{"line":2436,"column":43}}},"239":{"name":"(anonymous_239)","line":2440,"loc":{"start":{"line":2440,"column":33},"end":{"line":2440,"column":44}}},"240":{"name":"(anonymous_240)","line":2444,"loc":{"start":{"line":2444,"column":35},"end":{"line":2444,"column":46}}},"241":{"name":"(anonymous_241)","line":2448,"loc":{"start":{"line":2448,"column":34},"end":{"line":2448,"column":55}}},"242":{"name":"(anonymous_242)","line":2450,"loc":{"start":{"line":2450,"column":19},"end":{"line":2450,"column":31}}},"243":{"name":"(anonymous_243)","line":2454,"loc":{"start":{"line":2454,"column":21},"end":{"line":2454,"column":50}}},"244":{"name":"(anonymous_244)","line":2461,"loc":{"start":{"line":2461,"column":39},"end":{"line":2461,"column":61}}},"245":{"name":"(anonymous_245)","line":2465,"loc":{"start":{"line":2465,"column":22},"end":{"line":2465,"column":34}}},"246":{"name":"(anonymous_246)","line":2480,"loc":{"start":{"line":2480,"column":24},"end":{"line":2480,"column":77}}},"247":{"name":"(anonymous_247)","line":2491,"loc":{"start":{"line":2491,"column":42},"end":{"line":2491,"column":63}}},"248":{"name":"(anonymous_248)","line":2518,"loc":{"start":{"line":2518,"column":24},"end":{"line":2518,"column":35}}}},"statementMap":{"1":{"start":{"line":1,"column":0},"end":{"line":1,"column":46}},"2":{"start":{"line":8,"column":0},"end":{"line":8,"column":17}},"3":{"start":{"line":9,"column":0},"end":{"line":9,"column":42}},"4":{"start":{"line":9,"column":16},"end":{"line":9,"column":42}},"5":{"start":{"line":13,"column":0},"end":{"line":15,"column":2}},"6":{"start":{"line":14,"column":2},"end":{"line":14,"column":42}},"7":{"start":{"line":23,"column":0},"end":{"line":23,"column":44}},"8":{"start":{"line":29,"column":0},"end":{"line":29,"column":24}},"9":{"start":{"line":35,"column":0},"end":{"line":35,"column":38}},"10":{"start":{"line":40,"column":0},"end":{"line":40,"column":40}},"11":{"start":{"line":42,"column":0},"end":{"line":48,"column":2}},"12":{"start":{"line":43,"column":2},"end":{"line":45,"column":3}},"13":{"start":{"line":44,"column":4},"end":{"line":44,"column":16}},"14":{"start":{"line":47,"column":2},"end":{"line":47,"column":21}},"15":{"start":{"line":58,"column":0},"end":{"line":68,"column":2}},"16":{"start":{"line":59,"column":2},"end":{"line":59,"column":28}},"17":{"start":{"line":60,"column":2},"end":{"line":67,"column":3}},"18":{"start":{"line":61,"column":4},"end":{"line":63,"column":6}},"19":{"start":{"line":62,"column":6},"end":{"line":62,"column":45}},"20":{"start":{"line":66,"column":4},"end":{"line":66,"column":37}},"21":{"start":{"line":70,"column":0},"end":{"line":70,"column":78}},"22":{"start":{"line":71,"column":0},"end":{"line":71,"column":82}},"23":{"start":{"line":72,"column":0},"end":{"line":72,"column":80}},"24":{"start":{"line":73,"column":0},"end":{"line":73,"column":84}},"25":{"start":{"line":75,"column":0},"end":{"line":79,"column":2}},"26":{"start":{"line":76,"column":2},"end":{"line":76,"column":20}},"27":{"start":{"line":77,"column":2},"end":{"line":77,"column":23}},"28":{"start":{"line":78,"column":2},"end":{"line":78,"column":27}},"29":{"start":{"line":81,"column":0},"end":{"line":92,"column":2}},"30":{"start":{"line":82,"column":2},"end":{"line":82,"column":16}},"31":{"start":{"line":83,"column":2},"end":{"line":90,"column":3}},"32":{"start":{"line":84,"column":4},"end":{"line":84,"column":27}},"33":{"start":{"line":84,"column":15},"end":{"line":84,"column":27}},"34":{"start":{"line":85,"column":4},"end":{"line":89,"column":5}},"35":{"start":{"line":86,"column":6},"end":{"line":86,"column":29}},"36":{"start":{"line":88,"column":6},"end":{"line":88,"column":41}},"37":{"start":{"line":91,"column":2},"end":{"line":91,"column":14}},"38":{"start":{"line":94,"column":0},"end":{"line":104,"column":2}},"39":{"start":{"line":95,"column":2},"end":{"line":95,"column":23}},"40":{"start":{"line":96,"column":2},"end":{"line":96,"column":40}},"41":{"start":{"line":97,"column":2},"end":{"line":97,"column":31}},"42":{"start":{"line":98,"column":2},"end":{"line":98,"column":34}},"43":{"start":{"line":99,"column":2},"end":{"line":99,"column":30}},"44":{"start":{"line":100,"column":2},"end":{"line":100,"column":59}},"45":{"start":{"line":102,"column":2},"end":{"line":102,"column":56}},"46":{"start":{"line":103,"column":2},"end":{"line":103,"column":41}},"47":{"start":{"line":106,"column":0},"end":{"line":108,"column":2}},"48":{"start":{"line":107,"column":2},"end":{"line":107,"column":22}},"49":{"start":{"line":110,"column":0},"end":{"line":112,"column":2}},"50":{"start":{"line":111,"column":2},"end":{"line":111,"column":22}},"51":{"start":{"line":117,"column":0},"end":{"line":120,"column":2}},"52":{"start":{"line":118,"column":2},"end":{"line":118,"column":75}},"53":{"start":{"line":119,"column":2},"end":{"line":119,"column":13}},"54":{"start":{"line":128,"column":0},"end":{"line":130,"column":2}},"55":{"start":{"line":129,"column":2},"end":{"line":129,"column":38}},"56":{"start":{"line":138,"column":0},"end":{"line":140,"column":2}},"57":{"start":{"line":139,"column":2},"end":{"line":139,"column":39}},"58":{"start":{"line":148,"column":0},"end":{"line":150,"column":2}},"59":{"start":{"line":149,"column":2},"end":{"line":149,"column":39}},"60":{"start":{"line":159,"column":0},"end":{"line":161,"column":2}},"61":{"start":{"line":160,"column":2},"end":{"line":160,"column":80}},"62":{"start":{"line":169,"column":0},"end":{"line":173,"column":2}},"63":{"start":{"line":170,"column":2},"end":{"line":170,"column":62}},"64":{"start":{"line":171,"column":2},"end":{"line":171,"column":36}},"65":{"start":{"line":172,"column":2},"end":{"line":172,"column":36}},"66":{"start":{"line":181,"column":0},"end":{"line":183,"column":2}},"67":{"start":{"line":182,"column":2},"end":{"line":182,"column":26}},"68":{"start":{"line":195,"column":0},"end":{"line":197,"column":2}},"69":{"start":{"line":196,"column":2},"end":{"line":196,"column":41}},"70":{"start":{"line":210,"column":0},"end":{"line":212,"column":2}},"71":{"start":{"line":211,"column":4},"end":{"line":211,"column":57}},"72":{"start":{"line":258,"column":0},"end":{"line":293,"column":2}},"73":{"start":{"line":262,"column":2},"end":{"line":262,"column":36}},"74":{"start":{"line":266,"column":2},"end":{"line":266,"column":20}},"75":{"start":{"line":270,"column":2},"end":{"line":271,"column":4}},"76":{"start":{"line":279,"column":2},"end":{"line":279,"column":27}},"77":{"start":{"line":291,"column":2},"end":{"line":291,"column":24}},"78":{"start":{"line":292,"column":2},"end":{"line":292,"column":18}},"79":{"start":{"line":306,"column":0},"end":{"line":309,"column":2}},"80":{"start":{"line":307,"column":2},"end":{"line":307,"column":33}},"81":{"start":{"line":308,"column":2},"end":{"line":308,"column":14}},"82":{"start":{"line":323,"column":0},"end":{"line":328,"column":2}},"83":{"start":{"line":324,"column":2},"end":{"line":326,"column":4}},"84":{"start":{"line":325,"column":4},"end":{"line":325,"column":17}},"85":{"start":{"line":327,"column":2},"end":{"line":327,"column":14}},"86":{"start":{"line":342,"column":0},"end":{"line":347,"column":2}},"87":{"start":{"line":343,"column":2},"end":{"line":345,"column":4}},"88":{"start":{"line":344,"column":4},"end":{"line":344,"column":23}},"89":{"start":{"line":346,"column":2},"end":{"line":346,"column":14}},"90":{"start":{"line":364,"column":0},"end":{"line":367,"column":2}},"91":{"start":{"line":365,"column":2},"end":{"line":365,"column":23}},"92":{"start":{"line":366,"column":2},"end":{"line":366,"column":14}},"93":{"start":{"line":383,"column":0},"end":{"line":389,"column":2}},"94":{"start":{"line":384,"column":2},"end":{"line":384,"column":25}},"95":{"start":{"line":385,"column":2},"end":{"line":385,"column":21}},"96":{"start":{"line":386,"column":2},"end":{"line":386,"column":24}},"97":{"start":{"line":387,"column":2},"end":{"line":387,"column":18}},"98":{"start":{"line":388,"column":2},"end":{"line":388,"column":27}},"99":{"start":{"line":391,"column":0},"end":{"line":413,"column":2}},"100":{"start":{"line":393,"column":2},"end":{"line":402,"column":4}},"101":{"start":{"line":394,"column":4},"end":{"line":394,"column":28}},"102":{"start":{"line":395,"column":4},"end":{"line":395,"column":23}},"103":{"start":{"line":396,"column":4},"end":{"line":396,"column":51}},"104":{"start":{"line":397,"column":4},"end":{"line":397,"column":40}},"105":{"start":{"line":398,"column":4},"end":{"line":398,"column":38}},"106":{"start":{"line":399,"column":4},"end":{"line":399,"column":34}},"107":{"start":{"line":400,"column":4},"end":{"line":400,"column":50}},"108":{"start":{"line":401,"column":4},"end":{"line":401,"column":46}},"109":{"start":{"line":404,"column":2},"end":{"line":404,"column":34}},"110":{"start":{"line":406,"column":2},"end":{"line":408,"column":3}},"111":{"start":{"line":407,"column":4},"end":{"line":407,"column":29}},"112":{"start":{"line":410,"column":2},"end":{"line":410,"column":17}},"113":{"start":{"line":412,"column":2},"end":{"line":412,"column":16}},"114":{"start":{"line":421,"column":0},"end":{"line":423,"column":2}},"115":{"start":{"line":422,"column":2},"end":{"line":422,"column":42}},"116":{"start":{"line":432,"column":0},"end":{"line":441,"column":2}},"117":{"start":{"line":433,"column":2},"end":{"line":435,"column":3}},"118":{"start":{"line":434,"column":4},"end":{"line":434,"column":99}},"119":{"start":{"line":436,"column":2},"end":{"line":436,"column":15}},"120":{"start":{"line":437,"column":2},"end":{"line":439,"column":3}},"121":{"start":{"line":438,"column":4},"end":{"line":438,"column":77}},"122":{"start":{"line":440,"column":2},"end":{"line":440,"column":13}},"123":{"start":{"line":448,"column":0},"end":{"line":451,"column":2}},"124":{"start":{"line":449,"column":2},"end":{"line":449,"column":42}},"125":{"start":{"line":450,"column":2},"end":{"line":450,"column":34}},"126":{"start":{"line":468,"column":0},"end":{"line":470,"column":2}},"127":{"start":{"line":469,"column":2},"end":{"line":469,"column":61}},"128":{"start":{"line":471,"column":0},"end":{"line":471,"column":38}},"129":{"start":{"line":471,"column":16},"end":{"line":471,"column":38}},"130":{"start":{"line":486,"column":0},"end":{"line":488,"column":2}},"131":{"start":{"line":487,"column":2},"end":{"line":487,"column":41}},"132":{"start":{"line":489,"column":0},"end":{"line":489,"column":32}},"133":{"start":{"line":489,"column":16},"end":{"line":489,"column":32}},"134":{"start":{"line":499,"column":0},"end":{"line":501,"column":2}},"135":{"start":{"line":500,"column":2},"end":{"line":500,"column":42}},"136":{"start":{"line":502,"column":0},"end":{"line":502,"column":34}},"137":{"start":{"line":502,"column":16},"end":{"line":502,"column":34}},"138":{"start":{"line":512,"column":0},"end":{"line":514,"column":2}},"139":{"start":{"line":513,"column":2},"end":{"line":513,"column":53}},"140":{"start":{"line":515,"column":0},"end":{"line":515,"column":40}},"141":{"start":{"line":515,"column":16},"end":{"line":515,"column":40}},"142":{"start":{"line":522,"column":0},"end":{"line":524,"column":2}},"143":{"start":{"line":523,"column":2},"end":{"line":523,"column":42}},"144":{"start":{"line":525,"column":0},"end":{"line":525,"column":36}},"145":{"start":{"line":525,"column":16},"end":{"line":525,"column":36}},"146":{"start":{"line":533,"column":0},"end":{"line":535,"column":2}},"147":{"start":{"line":534,"column":2},"end":{"line":534,"column":46}},"148":{"start":{"line":536,"column":0},"end":{"line":536,"column":38}},"149":{"start":{"line":536,"column":16},"end":{"line":536,"column":38}},"150":{"start":{"line":545,"column":0},"end":{"line":547,"column":2}},"151":{"start":{"line":546,"column":2},"end":{"line":546,"column":87}},"152":{"start":{"line":548,"column":0},"end":{"line":548,"column":44}},"153":{"start":{"line":548,"column":16},"end":{"line":548,"column":44}},"154":{"start":{"line":557,"column":0},"end":{"line":559,"column":2}},"155":{"start":{"line":558,"column":2},"end":{"line":558,"column":50}},"156":{"start":{"line":560,"column":0},"end":{"line":560,"column":48}},"157":{"start":{"line":560,"column":16},"end":{"line":560,"column":48}},"158":{"start":{"line":569,"column":0},"end":{"line":571,"column":2}},"159":{"start":{"line":570,"column":2},"end":{"line":570,"column":48}},"160":{"start":{"line":572,"column":0},"end":{"line":572,"column":46}},"161":{"start":{"line":572,"column":16},"end":{"line":572,"column":46}},"162":{"start":{"line":589,"column":0},"end":{"line":591,"column":2}},"163":{"start":{"line":590,"column":2},"end":{"line":590,"column":65}},"164":{"start":{"line":592,"column":0},"end":{"line":592,"column":44}},"165":{"start":{"line":592,"column":16},"end":{"line":592,"column":44}},"166":{"start":{"line":600,"column":0},"end":{"line":602,"column":2}},"167":{"start":{"line":601,"column":2},"end":{"line":601,"column":66}},"168":{"start":{"line":603,"column":0},"end":{"line":603,"column":46}},"169":{"start":{"line":603,"column":16},"end":{"line":603,"column":46}},"170":{"start":{"line":607,"column":0},"end":{"line":632,"column":19}},"171":{"start":{"line":608,"column":2},"end":{"line":614,"column":3}},"172":{"start":{"line":609,"column":4},"end":{"line":612,"column":5}},"173":{"start":{"line":610,"column":6},"end":{"line":610,"column":17}},"174":{"start":{"line":613,"column":4},"end":{"line":613,"column":16}},"175":{"start":{"line":616,"column":2},"end":{"line":627,"column":7}},"176":{"start":{"line":617,"column":4},"end":{"line":617,"column":51}},"177":{"start":{"line":620,"column":6},"end":{"line":620,"column":53}},"178":{"start":{"line":623,"column":6},"end":{"line":623,"column":49}},"179":{"start":{"line":626,"column":6},"end":{"line":626,"column":52}},"180":{"start":{"line":629,"column":2},"end":{"line":629,"column":77}},"181":{"start":{"line":629,"column":12},"end":{"line":629,"column":77}},"182":{"start":{"line":631,"column":2},"end":{"line":631,"column":13}},"183":{"start":{"line":636,"column":0},"end":{"line":636,"column":18}},"184":{"start":{"line":645,"column":0},"end":{"line":653,"column":2}},"185":{"start":{"line":649,"column":2},"end":{"line":650,"column":4}},"186":{"start":{"line":651,"column":2},"end":{"line":651,"column":45}},"187":{"start":{"line":652,"column":2},"end":{"line":652,"column":40}},"188":{"start":{"line":655,"column":0},"end":{"line":680,"column":2}},"189":{"start":{"line":656,"column":2},"end":{"line":656,"column":17}},"190":{"start":{"line":657,"column":2},"end":{"line":662,"column":3}},"191":{"start":{"line":658,"column":4},"end":{"line":658,"column":24}},"192":{"start":{"line":660,"column":7},"end":{"line":662,"column":3}},"193":{"start":{"line":661,"column":4},"end":{"line":661,"column":30}},"194":{"start":{"line":664,"column":2},"end":{"line":664,"column":11}},"195":{"start":{"line":666,"column":2},"end":{"line":671,"column":3}},"196":{"start":{"line":667,"column":4},"end":{"line":667,"column":23}},"197":{"start":{"line":669,"column":7},"end":{"line":671,"column":3}},"198":{"start":{"line":670,"column":4},"end":{"line":670,"column":22}},"199":{"start":{"line":673,"column":2},"end":{"line":673,"column":83}},"200":{"start":{"line":675,"column":2},"end":{"line":677,"column":3}},"201":{"start":{"line":676,"column":4},"end":{"line":676,"column":60}},"202":{"start":{"line":679,"column":2},"end":{"line":679,"column":17}},"203":{"start":{"line":682,"column":0},"end":{"line":687,"column":2}},"204":{"start":{"line":683,"column":2},"end":{"line":683,"column":23}},"205":{"start":{"line":683,"column":12},"end":{"line":683,"column":23}},"206":{"start":{"line":684,"column":2},"end":{"line":686,"column":27}},"207":{"start":{"line":689,"column":0},"end":{"line":693,"column":2}},"208":{"start":{"line":690,"column":2},"end":{"line":690,"column":23}},"209":{"start":{"line":691,"column":2},"end":{"line":691,"column":66}},"210":{"start":{"line":691,"column":40},"end":{"line":691,"column":66}},"211":{"start":{"line":692,"column":2},"end":{"line":692,"column":21}},"212":{"start":{"line":695,"column":0},"end":{"line":698,"column":2}},"213":{"start":{"line":696,"column":2},"end":{"line":696,"column":72}},"214":{"start":{"line":696,"column":31},"end":{"line":696,"column":72}},"215":{"start":{"line":697,"column":2},"end":{"line":697,"column":21}},"216":{"start":{"line":705,"column":0},"end":{"line":730,"column":2}},"217":{"start":{"line":706,"column":2},"end":{"line":706,"column":26}},"218":{"start":{"line":707,"column":2},"end":{"line":707,"column":27}},"219":{"start":{"line":708,"column":2},"end":{"line":708,"column":49}},"220":{"start":{"line":710,"column":2},"end":{"line":710,"column":46}},"221":{"start":{"line":712,"column":2},"end":{"line":712,"column":56}},"222":{"start":{"line":713,"column":2},"end":{"line":713,"column":65}},"223":{"start":{"line":714,"column":2},"end":{"line":714,"column":22}},"224":{"start":{"line":715,"column":2},"end":{"line":717,"column":4}},"225":{"start":{"line":716,"column":4},"end":{"line":716,"column":16}},"226":{"start":{"line":719,"column":2},"end":{"line":719,"column":23}},"227":{"start":{"line":720,"column":2},"end":{"line":720,"column":24}},"228":{"start":{"line":721,"column":2},"end":{"line":721,"column":29}},"229":{"start":{"line":724,"column":2},"end":{"line":726,"column":4}},"230":{"start":{"line":725,"column":4},"end":{"line":725,"column":44}},"231":{"start":{"line":727,"column":2},"end":{"line":727,"column":61}},"232":{"start":{"line":729,"column":2},"end":{"line":729,"column":77}},"233":{"start":{"line":733,"column":0},"end":{"line":733,"column":54}},"234":{"start":{"line":734,"column":0},"end":{"line":734,"column":58}},"235":{"start":{"line":735,"column":0},"end":{"line":735,"column":56}},"236":{"start":{"line":736,"column":0},"end":{"line":736,"column":60}},"237":{"start":{"line":741,"column":0},"end":{"line":747,"column":2}},"238":{"start":{"line":742,"column":2},"end":{"line":746,"column":3}},"239":{"start":{"line":743,"column":4},"end":{"line":743,"column":28}},"240":{"start":{"line":745,"column":4},"end":{"line":745,"column":39}},"241":{"start":{"line":752,"column":0},"end":{"line":764,"column":2}},"242":{"start":{"line":753,"column":2},"end":{"line":755,"column":3}},"243":{"start":{"line":754,"column":4},"end":{"line":754,"column":29}},"244":{"start":{"line":757,"column":2},"end":{"line":757,"column":31}},"245":{"start":{"line":758,"column":2},"end":{"line":758,"column":80}},"246":{"start":{"line":759,"column":2},"end":{"line":761,"column":3}},"247":{"start":{"line":760,"column":4},"end":{"line":760,"column":55}},"248":{"start":{"line":762,"column":2},"end":{"line":762,"column":51}},"249":{"start":{"line":763,"column":2},"end":{"line":763,"column":23}},"250":{"start":{"line":769,"column":0},"end":{"line":771,"column":2}},"251":{"start":{"line":770,"column":2},"end":{"line":770,"column":28}},"252":{"start":{"line":776,"column":0},"end":{"line":778,"column":2}},"253":{"start":{"line":777,"column":2},"end":{"line":777,"column":29}},"254":{"start":{"line":784,"column":0},"end":{"line":786,"column":2}},"255":{"start":{"line":785,"column":2},"end":{"line":785,"column":38}},"256":{"start":{"line":788,"column":0},"end":{"line":790,"column":2}},"257":{"start":{"line":789,"column":2},"end":{"line":789,"column":32}},"258":{"start":{"line":792,"column":0},"end":{"line":820,"column":2}},"259":{"start":{"line":793,"column":2},"end":{"line":793,"column":87}},"260":{"start":{"line":795,"column":2},"end":{"line":795,"column":38}},"261":{"start":{"line":796,"column":2},"end":{"line":800,"column":3}},"262":{"start":{"line":797,"column":4},"end":{"line":797,"column":27}},"263":{"start":{"line":799,"column":4},"end":{"line":799,"column":35}},"264":{"start":{"line":802,"column":2},"end":{"line":802,"column":28}},"265":{"start":{"line":804,"column":2},"end":{"line":804,"column":30}},"266":{"start":{"line":805,"column":2},"end":{"line":809,"column":3}},"267":{"start":{"line":806,"column":4},"end":{"line":806,"column":32}},"268":{"start":{"line":808,"column":4},"end":{"line":808,"column":25}},"269":{"start":{"line":811,"column":2},"end":{"line":815,"column":3}},"270":{"start":{"line":812,"column":4},"end":{"line":814,"column":7}},"271":{"start":{"line":813,"column":6},"end":{"line":813,"column":29}},"272":{"start":{"line":817,"column":2},"end":{"line":817,"column":34}},"273":{"start":{"line":819,"column":2},"end":{"line":819,"column":15}},"274":{"start":{"line":822,"column":0},"end":{"line":828,"column":2}},"275":{"start":{"line":823,"column":2},"end":{"line":827,"column":3}},"276":{"start":{"line":824,"column":4},"end":{"line":824,"column":53}},"277":{"start":{"line":826,"column":4},"end":{"line":826,"column":55}},"278":{"start":{"line":830,"column":0},"end":{"line":832,"column":2}},"279":{"start":{"line":831,"column":2},"end":{"line":831,"column":29}},"280":{"start":{"line":834,"column":0},"end":{"line":841,"column":2}},"281":{"start":{"line":835,"column":2},"end":{"line":839,"column":3}},"282":{"start":{"line":836,"column":4},"end":{"line":836,"column":51}},"283":{"start":{"line":838,"column":4},"end":{"line":838,"column":53}},"284":{"start":{"line":843,"column":0},"end":{"line":848,"column":2}},"285":{"start":{"line":844,"column":2},"end":{"line":847,"column":4}},"286":{"start":{"line":850,"column":0},"end":{"line":860,"column":2}},"287":{"start":{"line":851,"column":2},"end":{"line":851,"column":68}},"288":{"start":{"line":852,"column":2},"end":{"line":852,"column":30}},"289":{"start":{"line":853,"column":2},"end":{"line":853,"column":26}},"290":{"start":{"line":855,"column":2},"end":{"line":857,"column":3}},"291":{"start":{"line":856,"column":4},"end":{"line":856,"column":20}},"292":{"start":{"line":859,"column":2},"end":{"line":859,"column":14}},"293":{"start":{"line":862,"column":0},"end":{"line":868,"column":2}},"294":{"start":{"line":863,"column":2},"end":{"line":867,"column":4}},"295":{"start":{"line":870,"column":0},"end":{"line":906,"column":2}},"296":{"start":{"line":871,"column":2},"end":{"line":873,"column":3}},"297":{"start":{"line":872,"column":4},"end":{"line":872,"column":16}},"298":{"start":{"line":875,"column":2},"end":{"line":875,"column":37}},"299":{"start":{"line":876,"column":2},"end":{"line":876,"column":37}},"300":{"start":{"line":878,"column":2},"end":{"line":880,"column":4}},"301":{"start":{"line":879,"column":4},"end":{"line":879,"column":62}},"302":{"start":{"line":882,"column":2},"end":{"line":886,"column":3}},"303":{"start":{"line":883,"column":4},"end":{"line":885,"column":5}},"304":{"start":{"line":884,"column":6},"end":{"line":884,"column":89}},"305":{"start":{"line":887,"column":2},"end":{"line":891,"column":3}},"306":{"start":{"line":888,"column":4},"end":{"line":890,"column":5}},"307":{"start":{"line":889,"column":6},"end":{"line":889,"column":91}},"308":{"start":{"line":892,"column":2},"end":{"line":897,"column":3}},"309":{"start":{"line":893,"column":4},"end":{"line":893,"column":61}},"310":{"start":{"line":893,"column":52},"end":{"line":893,"column":61}},"311":{"start":{"line":894,"column":4},"end":{"line":896,"column":5}},"312":{"start":{"line":895,"column":6},"end":{"line":895,"column":260}},"313":{"start":{"line":899,"column":2},"end":{"line":901,"column":3}},"314":{"start":{"line":900,"column":4},"end":{"line":900,"column":59}},"315":{"start":{"line":903,"column":2},"end":{"line":903,"column":40}},"316":{"start":{"line":904,"column":2},"end":{"line":904,"column":40}},"317":{"start":{"line":905,"column":2},"end":{"line":905,"column":68}},"318":{"start":{"line":908,"column":0},"end":{"line":962,"column":2}},"319":{"start":{"line":909,"column":2},"end":{"line":909,"column":36}},"320":{"start":{"line":910,"column":2},"end":{"line":910,"column":40}},"321":{"start":{"line":912,"column":2},"end":{"line":916,"column":3}},"322":{"start":{"line":913,"column":4},"end":{"line":913,"column":50}},"323":{"start":{"line":914,"column":4},"end":{"line":914,"column":74}},"324":{"start":{"line":915,"column":4},"end":{"line":915,"column":52}},"325":{"start":{"line":915,"column":38},"end":{"line":915,"column":52}},"326":{"start":{"line":918,"column":2},"end":{"line":918,"column":27}},"327":{"start":{"line":918,"column":15},"end":{"line":918,"column":27}},"328":{"start":{"line":920,"column":2},"end":{"line":922,"column":3}},"329":{"start":{"line":921,"column":4},"end":{"line":921,"column":62}},"330":{"start":{"line":924,"column":2},"end":{"line":926,"column":3}},"331":{"start":{"line":925,"column":4},"end":{"line":925,"column":19}},"332":{"start":{"line":928,"column":2},"end":{"line":930,"column":3}},"333":{"start":{"line":929,"column":4},"end":{"line":929,"column":38}},"334":{"start":{"line":932,"column":2},"end":{"line":934,"column":3}},"335":{"start":{"line":933,"column":4},"end":{"line":933,"column":31}},"336":{"start":{"line":936,"column":2},"end":{"line":938,"column":3}},"337":{"start":{"line":937,"column":4},"end":{"line":937,"column":31}},"338":{"start":{"line":940,"column":2},"end":{"line":942,"column":3}},"339":{"start":{"line":941,"column":4},"end":{"line":941,"column":24}},"340":{"start":{"line":944,"column":2},"end":{"line":946,"column":3}},"341":{"start":{"line":945,"column":4},"end":{"line":945,"column":24}},"342":{"start":{"line":948,"column":2},"end":{"line":950,"column":3}},"343":{"start":{"line":949,"column":4},"end":{"line":949,"column":20}},"344":{"start":{"line":952,"column":2},"end":{"line":954,"column":3}},"345":{"start":{"line":953,"column":4},"end":{"line":953,"column":20}},"346":{"start":{"line":956,"column":2},"end":{"line":958,"column":3}},"347":{"start":{"line":957,"column":4},"end":{"line":957,"column":68}},"348":{"start":{"line":961,"column":2},"end":{"line":961,"column":19}},"349":{"start":{"line":964,"column":0},"end":{"line":972,"column":2}},"350":{"start":{"line":965,"column":2},"end":{"line":970,"column":3}},"351":{"start":{"line":966,"column":4},"end":{"line":968,"column":5}},"352":{"start":{"line":967,"column":6},"end":{"line":967,"column":57}},"353":{"start":{"line":967,"column":45},"end":{"line":967,"column":57}},"354":{"start":{"line":969,"column":4},"end":{"line":969,"column":17}},"355":{"start":{"line":971,"column":2},"end":{"line":971,"column":39}},"356":{"start":{"line":974,"column":0},"end":{"line":976,"column":2}},"357":{"start":{"line":975,"column":2},"end":{"line":975,"column":45}},"358":{"start":{"line":981,"column":0},"end":{"line":982,"column":2}},"359":{"start":{"line":985,"column":0},"end":{"line":986,"column":2}},"360":{"start":{"line":989,"column":0},"end":{"line":990,"column":2}},"361":{"start":{"line":993,"column":0},"end":{"line":994,"column":2}},"362":{"start":{"line":997,"column":0},"end":{"line":998,"column":2}},"363":{"start":{"line":1001,"column":0},"end":{"line":1002,"column":2}},"364":{"start":{"line":1005,"column":0},"end":{"line":1006,"column":2}},"365":{"start":{"line":1016,"column":0},"end":{"line":1020,"column":2}},"366":{"start":{"line":1017,"column":2},"end":{"line":1017,"column":17}},"367":{"start":{"line":1018,"column":2},"end":{"line":1018,"column":19}},"368":{"start":{"line":1019,"column":2},"end":{"line":1019,"column":19}},"369":{"start":{"line":1022,"column":0},"end":{"line":1029,"column":2}},"370":{"start":{"line":1023,"column":2},"end":{"line":1027,"column":3}},"371":{"start":{"line":1024,"column":4},"end":{"line":1024,"column":31}},"372":{"start":{"line":1026,"column":4},"end":{"line":1026,"column":22}},"373":{"start":{"line":1028,"column":2},"end":{"line":1028,"column":15}},"374":{"start":{"line":1034,"column":0},"end":{"line":1039,"column":2}},"375":{"start":{"line":1035,"column":2},"end":{"line":1035,"column":23}},"376":{"start":{"line":1036,"column":2},"end":{"line":1036,"column":24}},"377":{"start":{"line":1037,"column":2},"end":{"line":1037,"column":20}},"378":{"start":{"line":1038,"column":2},"end":{"line":1038,"column":21}},"379":{"start":{"line":1041,"column":0},"end":{"line":1048,"column":2}},"380":{"start":{"line":1042,"column":2},"end":{"line":1042,"column":22}},"381":{"start":{"line":1043,"column":2},"end":{"line":1043,"column":39}},"382":{"start":{"line":1044,"column":2},"end":{"line":1047,"column":3}},"383":{"start":{"line":1045,"column":4},"end":{"line":1045,"column":26}},"384":{"start":{"line":1046,"column":4},"end":{"line":1046,"column":46}},"385":{"start":{"line":1050,"column":0},"end":{"line":1052,"column":2}},"386":{"start":{"line":1051,"column":2},"end":{"line":1051,"column":22}},"387":{"start":{"line":1054,"column":0},"end":{"line":1070,"column":2}},"388":{"start":{"line":1055,"column":2},"end":{"line":1055,"column":53}},"389":{"start":{"line":1056,"column":2},"end":{"line":1061,"column":4}},"390":{"start":{"line":1063,"column":2},"end":{"line":1068,"column":3}},"391":{"start":{"line":1064,"column":4},"end":{"line":1064,"column":42}},"392":{"start":{"line":1065,"column":4},"end":{"line":1067,"column":5}},"393":{"start":{"line":1066,"column":6},"end":{"line":1066,"column":58}},"394":{"start":{"line":1069,"column":2},"end":{"line":1069,"column":17}},"395":{"start":{"line":1072,"column":0},"end":{"line":1074,"column":2}},"396":{"start":{"line":1073,"column":2},"end":{"line":1073,"column":23}},"397":{"start":{"line":1076,"column":0},"end":{"line":1078,"column":2}},"398":{"start":{"line":1077,"column":2},"end":{"line":1077,"column":31}},"399":{"start":{"line":1081,"column":0},"end":{"line":1083,"column":2}},"400":{"start":{"line":1082,"column":2},"end":{"line":1082,"column":23}},"401":{"start":{"line":1086,"column":0},"end":{"line":1087,"column":2}},"402":{"start":{"line":1090,"column":0},"end":{"line":1095,"column":2}},"403":{"start":{"line":1091,"column":2},"end":{"line":1094,"column":4}},"404":{"start":{"line":1098,"column":0},"end":{"line":1099,"column":2}},"405":{"start":{"line":1101,"column":0},"end":{"line":1108,"column":2}},"406":{"start":{"line":1102,"column":2},"end":{"line":1102,"column":19}},"407":{"start":{"line":1103,"column":2},"end":{"line":1106,"column":3}},"408":{"start":{"line":1104,"column":4},"end":{"line":1104,"column":28}},"409":{"start":{"line":1105,"column":4},"end":{"line":1105,"column":67}},"410":{"start":{"line":1107,"column":2},"end":{"line":1107,"column":17}},"411":{"start":{"line":1110,"column":0},"end":{"line":1130,"column":2}},"412":{"start":{"line":1111,"column":2},"end":{"line":1111,"column":27}},"413":{"start":{"line":1112,"column":2},"end":{"line":1112,"column":46}},"414":{"start":{"line":1113,"column":2},"end":{"line":1124,"column":3}},"415":{"start":{"line":1114,"column":4},"end":{"line":1114,"column":54}},"416":{"start":{"line":1115,"column":4},"end":{"line":1123,"column":7}},"417":{"start":{"line":1126,"column":2},"end":{"line":1129,"column":4}},"418":{"start":{"line":1138,"column":0},"end":{"line":1144,"column":2}},"419":{"start":{"line":1139,"column":2},"end":{"line":1139,"column":17}},"420":{"start":{"line":1140,"column":2},"end":{"line":1140,"column":23}},"421":{"start":{"line":1141,"column":2},"end":{"line":1141,"column":19}},"422":{"start":{"line":1142,"column":2},"end":{"line":1142,"column":34}},"423":{"start":{"line":1143,"column":2},"end":{"line":1143,"column":32}},"424":{"start":{"line":1147,"column":0},"end":{"line":1149,"column":2}},"425":{"start":{"line":1148,"column":2},"end":{"line":1148,"column":100}},"426":{"start":{"line":1152,"column":0},"end":{"line":1154,"column":2}},"427":{"start":{"line":1153,"column":2},"end":{"line":1153,"column":116}},"428":{"start":{"line":1156,"column":0},"end":{"line":1162,"column":2}},"429":{"start":{"line":1157,"column":2},"end":{"line":1161,"column":3}},"430":{"start":{"line":1158,"column":4},"end":{"line":1158,"column":41}},"431":{"start":{"line":1158,"column":32},"end":{"line":1158,"column":41}},"432":{"start":{"line":1159,"column":4},"end":{"line":1159,"column":37}},"433":{"start":{"line":1160,"column":4},"end":{"line":1160,"column":88}},"434":{"start":{"line":1164,"column":0},"end":{"line":1204,"column":2}},"435":{"start":{"line":1165,"column":2},"end":{"line":1203,"column":4}},"436":{"start":{"line":1166,"column":4},"end":{"line":1166,"column":58}},"437":{"start":{"line":1167,"column":4},"end":{"line":1167,"column":56}},"438":{"start":{"line":1169,"column":4},"end":{"line":1171,"column":5}},"439":{"start":{"line":1170,"column":6},"end":{"line":1170,"column":23}},"440":{"start":{"line":1173,"column":4},"end":{"line":1173,"column":45}},"441":{"start":{"line":1173,"column":31},"end":{"line":1173,"column":45}},"442":{"start":{"line":1175,"column":4},"end":{"line":1175,"column":16}},"443":{"start":{"line":1176,"column":4},"end":{"line":1193,"column":5}},"444":{"start":{"line":1177,"column":6},"end":{"line":1192,"column":7}},"445":{"start":{"line":1178,"column":8},"end":{"line":1178,"column":54}},"446":{"start":{"line":1179,"column":8},"end":{"line":1181,"column":9}},"447":{"start":{"line":1180,"column":10},"end":{"line":1180,"column":48}},"448":{"start":{"line":1183,"column":8},"end":{"line":1183,"column":109}},"449":{"start":{"line":1183,"column":76},"end":{"line":1183,"column":105}},"450":{"start":{"line":1184,"column":8},"end":{"line":1184,"column":107}},"451":{"start":{"line":1185,"column":8},"end":{"line":1190,"column":9}},"452":{"start":{"line":1186,"column":10},"end":{"line":1189,"column":11}},"453":{"start":{"line":1187,"column":12},"end":{"line":1187,"column":38}},"454":{"start":{"line":1187,"column":23},"end":{"line":1187,"column":38}},"455":{"start":{"line":1188,"column":12},"end":{"line":1188,"column":56}},"456":{"start":{"line":1191,"column":8},"end":{"line":1191,"column":23}},"457":{"start":{"line":1194,"column":4},"end":{"line":1200,"column":7}},"458":{"start":{"line":1201,"column":4},"end":{"line":1201,"column":50}},"459":{"start":{"line":1202,"column":4},"end":{"line":1202,"column":29}},"460":{"start":{"line":1213,"column":0},"end":{"line":1215,"column":2}},"461":{"start":{"line":1214,"column":2},"end":{"line":1214,"column":34}},"462":{"start":{"line":1222,"column":0},"end":{"line":1224,"column":2}},"463":{"start":{"line":1223,"column":2},"end":{"line":1223,"column":34}},"464":{"start":{"line":1231,"column":0},"end":{"line":1233,"column":2}},"465":{"start":{"line":1232,"column":2},"end":{"line":1232,"column":49}},"466":{"start":{"line":1240,"column":0},"end":{"line":1242,"column":2}},"467":{"start":{"line":1241,"column":2},"end":{"line":1241,"column":50}},"468":{"start":{"line":1250,"column":0},"end":{"line":1252,"column":2}},"469":{"start":{"line":1251,"column":2},"end":{"line":1251,"column":48}},"470":{"start":{"line":1259,"column":0},"end":{"line":1261,"column":2}},"471":{"start":{"line":1260,"column":2},"end":{"line":1260,"column":51}},"472":{"start":{"line":1266,"column":0},"end":{"line":1268,"column":2}},"473":{"start":{"line":1267,"column":2},"end":{"line":1267,"column":45}},"474":{"start":{"line":1273,"column":0},"end":{"line":1275,"column":2}},"475":{"start":{"line":1274,"column":2},"end":{"line":1274,"column":45}},"476":{"start":{"line":1280,"column":0},"end":{"line":1282,"column":2}},"477":{"start":{"line":1281,"column":2},"end":{"line":1281,"column":32}},"478":{"start":{"line":1287,"column":0},"end":{"line":1289,"column":2}},"479":{"start":{"line":1288,"column":2},"end":{"line":1288,"column":23}},"480":{"start":{"line":1295,"column":0},"end":{"line":1297,"column":2}},"481":{"start":{"line":1296,"column":2},"end":{"line":1296,"column":22}},"482":{"start":{"line":1303,"column":0},"end":{"line":1320,"column":2}},"483":{"start":{"line":1304,"column":2},"end":{"line":1306,"column":3}},"484":{"start":{"line":1305,"column":4},"end":{"line":1305,"column":90}},"485":{"start":{"line":1308,"column":2},"end":{"line":1310,"column":3}},"486":{"start":{"line":1309,"column":4},"end":{"line":1309,"column":80}},"487":{"start":{"line":1312,"column":2},"end":{"line":1317,"column":4}},"488":{"start":{"line":1313,"column":4},"end":{"line":1316,"column":6}},"489":{"start":{"line":1319,"column":2},"end":{"line":1319,"column":31}},"490":{"start":{"line":1323,"column":0},"end":{"line":1323,"column":83}},"491":{"start":{"line":1330,"column":0},"end":{"line":1347,"column":2}},"492":{"start":{"line":1331,"column":2},"end":{"line":1333,"column":3}},"493":{"start":{"line":1332,"column":4},"end":{"line":1332,"column":60}},"494":{"start":{"line":1335,"column":2},"end":{"line":1337,"column":3}},"495":{"start":{"line":1336,"column":4},"end":{"line":1336,"column":80}},"496":{"start":{"line":1339,"column":2},"end":{"line":1344,"column":4}},"497":{"start":{"line":1340,"column":4},"end":{"line":1343,"column":6}},"498":{"start":{"line":1346,"column":2},"end":{"line":1346,"column":32}},"499":{"start":{"line":1355,"column":0},"end":{"line":1376,"column":2}},"500":{"start":{"line":1356,"column":2},"end":{"line":1356,"column":57}},"501":{"start":{"line":1357,"column":2},"end":{"line":1359,"column":3}},"502":{"start":{"line":1358,"column":4},"end":{"line":1358,"column":80}},"503":{"start":{"line":1360,"column":2},"end":{"line":1373,"column":4}},"504":{"start":{"line":1361,"column":4},"end":{"line":1372,"column":5}},"505":{"start":{"line":1363,"column":6},"end":{"line":1366,"column":8}},"506":{"start":{"line":1368,"column":6},"end":{"line":1371,"column":8}},"507":{"start":{"line":1375,"column":2},"end":{"line":1375,"column":67}},"508":{"start":{"line":1379,"column":0},"end":{"line":1379,"column":91}},"509":{"start":{"line":1382,"column":0},"end":{"line":1396,"column":2}},"510":{"start":{"line":1383,"column":2},"end":{"line":1383,"column":57}},"511":{"start":{"line":1384,"column":2},"end":{"line":1386,"column":3}},"512":{"start":{"line":1385,"column":4},"end":{"line":1385,"column":80}},"513":{"start":{"line":1388,"column":2},"end":{"line":1393,"column":4}},"514":{"start":{"line":1389,"column":4},"end":{"line":1392,"column":6}},"515":{"start":{"line":1395,"column":2},"end":{"line":1395,"column":68}},"516":{"start":{"line":1403,"column":0},"end":{"line":1405,"column":2}},"517":{"start":{"line":1404,"column":2},"end":{"line":1404,"column":51}},"518":{"start":{"line":1413,"column":0},"end":{"line":1415,"column":2}},"519":{"start":{"line":1414,"column":2},"end":{"line":1414,"column":52}},"520":{"start":{"line":1417,"column":0},"end":{"line":1419,"column":2}},"521":{"start":{"line":1418,"column":2},"end":{"line":1418,"column":32}},"522":{"start":{"line":1421,"column":0},"end":{"line":1423,"column":2}},"523":{"start":{"line":1422,"column":2},"end":{"line":1422,"column":32}},"524":{"start":{"line":1432,"column":0},"end":{"line":1440,"column":2}},"525":{"start":{"line":1433,"column":2},"end":{"line":1435,"column":3}},"526":{"start":{"line":1434,"column":4},"end":{"line":1434,"column":31}},"527":{"start":{"line":1436,"column":2},"end":{"line":1436,"column":43}},"528":{"start":{"line":1437,"column":2},"end":{"line":1437,"column":52}},"529":{"start":{"line":1438,"column":2},"end":{"line":1438,"column":47}},"530":{"start":{"line":1439,"column":2},"end":{"line":1439,"column":28}},"531":{"start":{"line":1447,"column":0},"end":{"line":1473,"column":2}},"532":{"start":{"line":1448,"column":2},"end":{"line":1448,"colu
[...]
e":1384,"column":2},"end":{"line":1384,"column":2}},{"start":{"line":1384,"column":2},"end":{"line":1384,"column":2}}]},"107":{"line":1433,"type":"if","locations":[{"start":{"line":1433,"column":2},"end":{"line":1433,"column":2}},{"start":{"line":1433,"column":2},"end":{"line":1433,"column":2}}]},"108":{"line":1434,"type":"binary-expr","locations":[{"start":{"line":1434,"column":16},"end":{"line":1434,"column":25}},{"start":{"line":1434,"column":29},"end":{"line":1434,"column":30}}]},"109":{"line":1450,"type":"if","locations":[{"start":{"line":1450,"column":2},"end":{"line":1450,"column":2}},{"start":{"line":1450,"column":2},"end":{"line":1450,"column":2}}]},"110":{"line":1458,"type":"if","locations":[{"start":{"line":1458,"column":2},"end":{"line":1458,"column":2}},{"start":{"line":1458,"column":2},"end":{"line":1458,"column":2}}]},"111":{"line":1459,"type":"binary-expr","locations":[{"start":{"line":1459,"column":14},"end":{"line":1459,"column":44}},{"start":{"line":1459,"column":48},"end":{"line":1459,"column":126}}]},"112":{"line":1459,"type":"binary-expr","locations":[{"start":{"line":1459,"column":65},"end":{"line":1459,"column":82}},{"start":{"line":1459,"column":86},"end":{"line":1459,"column":95}}]},"113":{"line":1459,"type":"binary-expr","locations":[{"start":{"line":1459,"column":97},"end":{"line":1459,"column":113}},{"start":{"line":1459,"column":117},"end":{"line":1459,"column":125}}]},"114":{"line":1462,"type":"cond-expr","locations":[{"start":{"line":1462,"column":25},"end":{"line":1462,"column":31}},{"start":{"line":1462,"column":34},"end":{"line":1462,"column":36}}]},"115":{"line":1465,"type":"if","locations":[{"start":{"line":1465,"column":4},"end":{"line":1465,"column":4}},{"start":{"line":1465,"column":4},"end":{"line":1465,"column":4}}]},"116":{"line":1465,"type":"binary-expr","locations":[{"start":{"line":1465,"column":8},"end":{"line":1465,"column":17}},{"start":{"line":1465,"column":22},"end":{"line":1465,"column":52}},{"start":{"line":1465,"column":56},"end":{"line":1465,"column":135}}]},"117":{"line":1465,"type":"binary-expr","locations":[{"start":{"line":1465,"column":74},"end":{"line":1465,"column":91}},{"start":{"line":1465,"column":95},"end":{"line":1465,"column":104}}]},"118":{"line":1465,"type":"binary-expr","locations":[{"start":{"line":1465,"column":106},"end":{"line":1465,"column":122}},{"start":{"line":1465,"column":126},"end":{"line":1465,"column":134}}]},"119":{"line":1466,"type":"cond-expr","locations":[{"start":{"line":1466,"column":66},"end":{"line":1466,"column":94}},{"start":{"line":1466,"column":97},"end":{"line":1466,"column":111}}]},"120":{"line":1466,"type":"binary-expr","locations":[{"start":{"line":1466,"column":66},"end":{"line":1466,"column":82}},{"start":{"line":1466,"column":86},"end":{"line":1466,"column":94}}]},"121":{"line":1466,"type":"binary-expr","locations":[{"start":{"line":1466,"column":131},"end":{"line":1466,"column":148}},{"start":{"line":1466,"column":152},"end":{"line":1466,"column":161}}]},"122":{"line":1480,"type":"if","locations":[{"start":{"line":1480,"column":2},"end":{"line":1480,"column":2}},{"start":{"line":1480,"column":2},"end":{"line":1480,"column":2}}]},"123":{"line":1481,"type":"binary-expr","locations":[{"start":{"line":1481,"column":11},"end":{"line":1481,"column":35}},{"start":{"line":1481,"column":39},"end":{"line":1481,"column":62}}]},"124":{"line":1484,"type":"if","locations":[{"start":{"line":1484,"column":2},"end":{"line":1484,"column":2}},{"start":{"line":1484,"column":2},"end":{"line":1484,"column":2}}]},"125":{"line":1485,"type":"binary-expr","locations":[{"start":{"line":1485,"column":11},"end":{"line":1485,"column":35}},{"start":{"line":1485,"column":39},"end":{"line":1485,"column":62}}]},"126":{"line":1488,"type":"if","locations":[{"start":{"line":1488,"column":2},"end":{"line":1488,"column":2}},{"start":{"line":1488,"column":2},"end":{"line":1488,"column":2}}]},"127":{"line":1489,"type":"binary-expr","locations":[{"start":{"line":1489,"column":11},"end":{"line":1489,"column":37}},{"start":{"line":1489,"column":41},"end":{"line":1489,"column":66}}]},"128":{"line":1492,"type":"if","locations":[{"start":{"line":1492,"column":2},"end":{"line":1492,"column":2}},{"start":{"line":1492,"column":2},"end":{"line":1492,"column":2}}]},"129":{"line":1508,"type":"binary-expr","locations":[{"start":{"line":1508,"column":17},"end":{"line":1508,"column":29}},{"start":{"line":1508,"column":33},"end":{"line":1508,"column":35}}]},"130":{"line":1509,"type":"binary-expr","locations":[{"start":{"line":1509,"column":19},"end":{"line":1509,"column":33}},{"start":{"line":1509,"column":37},"end":{"line":1509,"column":39}}]},"131":{"line":1514,"type":"binary-expr","locations":[{"start":{"line":1514,"column":11},"end":{"line":1514,"column":22}},{"start":{"line":1514,"column":26},"end":{"line":1514,"column":60}}]},"132":{"line":1518,"type":"if","locations":[{"start":{"line":1518,"column":4},"end":{"line":1518,"column":4}},{"start":{"line":1518,"column":4},"end":{"line":1518,"column":4}}]},"133":{"line":1518,"type":"binary-expr","locations":[{"start":{"line":1518,"column":8},"end":{"line":1518,"column":32}},{"start":{"line":1518,"column":36},"end":{"line":1518,"column":65}}]},"134":{"line":1521,"type":"if","locations":[{"start":{"line":1521,"column":9},"end":{"line":1521,"column":9}},{"start":{"line":1521,"column":9},"end":{"line":1521,"column":9}}]},"135":{"line":1522,"type":"cond-expr","locations":[{"start":{"line":1522,"column":74},"end":{"line":1522,"column":125}},{"start":{"line":1522,"column":128},"end":{"line":1522,"column":143}}]},"136":{"line":1522,"type":"cond-expr","locations":[{"start":{"line":1522,"column":201},"end":{"line":1522,"column":258}},{"start":{"line":1522,"column":261},"end":{"line":1522,"column":282}}]},"137":{"line":1526,"type":"binary-expr","locations":[{"start":{"line":1526,"column":10},"end":{"line":1526,"column":35}},{"start":{"line":1526,"column":39},"end":{"line":1526,"column":66}}]},"138":{"line":1579,"type":"if","locations":[{"start":{"line":1579,"column":4},"end":{"line":1579,"column":4}},{"start":{"line":1579,"column":4},"end":{"line":1579,"column":4}}]},"139":{"line":1579,"type":"binary-expr","locations":[{"start":{"line":1579,"column":8},"end":{"line":1579,"column":42}},{"start":{"line":1580,"column":8},"end":{"line":1580,"column":46}},{"start":{"line":1581,"column":8},"end":{"line":1581,"column":46}}]},"140":{"line":1587,"type":"if","locations":[{"start":{"line":1587,"column":2},"end":{"line":1587,"column":2}},{"start":{"line":1587,"column":2},"end":{"line":1587,"column":2}}]},"141":{"line":1596,"type":"if","locations":[{"start":{"line":1596,"column":8},"end":{"line":1596,"column":8}},{"start":{"line":1596,"column":8},"end":{"line":1596,"column":8}}]},"142":{"line":1644,"type":"if","locations":[{"start":{"line":1644,"column":4},"end":{"line":1644,"column":4}},{"start":{"line":1644,"column":4},"end":{"line":1644,"column":4}}]},"143":{"line":1669,"type":"if","locations":[{"start":{"line":1669,"column":4},"end":{"line":1669,"column":4}},{"start":{"line":1669,"column":4},"end":{"line":1669,"column":4}}]},"144":{"line":1684,"type":"if","locations":[{"start":{"line":1684,"column":2},"end":{"line":1684,"column":2}},{"start":{"line":1684,"column":2},"end":{"line":1684,"column":2}}]},"145":{"line":1692,"type":"if","locations":[{"start":{"line":1692,"column":2},"end":{"line":1692,"column":2}},{"start":{"line":1692,"column":2},"end":{"line":1692,"column":2}}]},"146":{"line":1700,"type":"if","locations":[{"start":{"line":1700,"column":2},"end":{"line":1700,"column":2}},{"start":{"line":1700,"column":2},"end":{"line":1700,"column":2}}]},"147":{"line":1708,"type":"if","locations":[{"start":{"line":1708,"column":2},"end":{"line":1708,"column":2}},{"start":{"line":1708,"column":2},"end":{"line":1708,"column":2}}]},"148":{"line":1742,"type":"if","locations":[{"start":{"line":1742,"column":10},"end":{"line":1742,"column":10}},{"start":{"line":1742,"column":10},"end":{"line":1742,"column":10}}]},"149":{"line":1809,"type":"if","locations":[{"start":{"line":1809,"column":2},"end":{"line":1809,"column":2}},{"start":{"line":1809,"column":2},"end":{"line":1809,"column":2}}]},"150":{"line":1810,"type":"if","locations":[{"start":{"line":1810,"column":4},"end":{"line":1810,"column":4}},{"start":{"line":1810,"column":4},"end":{"line":1810,"column":4}}]},"151":{"line":1814,"type":"if","locations":[{"start":{"line":1814,"column":6},"end":{"line":1814,"column":6}},{"start":{"line":1814,"column":6},"end":{"line":1814,"column":6}}]},"152":{"line":1843,"type":"if","locations":[{"start":{"line":1843,"column":2},"end":{"line":1843,"column":2}},{"start":{"line":1843,"column":2},"end":{"line":1843,"column":2}}]},"153":{"line":1849,"type":"if","locations":[{"start":{"line":1849,"column":4},"end":{"line":1849,"column":4}},{"start":{"line":1849,"column":4},"end":{"line":1849,"column":4}}]},"154":{"line":1851,"type":"if","locations":[{"start":{"line":1851,"column":11},"end":{"line":1851,"column":11}},{"start":{"line":1851,"column":11},"end":{"line":1851,"column":11}}]},"155":{"line":1853,"type":"if","locations":[{"start":{"line":1853,"column":11},"end":{"line":1853,"column":11}},{"start":{"line":1853,"column":11},"end":{"line":1853,"column":11}}]},"156":{"line":1855,"type":"if","locations":[{"start":{"line":1855,"column":11},"end":{"line":1855,"column":11}},{"start":{"line":1855,"column":11},"end":{"line":1855,"column":11}}]},"157":{"line":1857,"type":"if","locations":[{"start":{"line":1857,"column":11},"end":{"line":1857,"column":11}},{"start":{"line":1857,"column":11},"end":{"line":1857,"column":11}}]},"158":{"line":1859,"type":"if","locations":[{"start":{"line":1859,"column":11},"end":{"line":1859,"column":11}},{"start":{"line":1859,"column":11},"end":{"line":1859,"column":11}}]},"159":{"line":1861,"type":"if","locations":[{"start":{"line":1861,"column":11},"end":{"line":1861,"column":11}},{"start":{"line":1861,"column":11},"end":{"line":1861,"column":11}}]},"160":{"line":1863,"type":"if","locations":[{"start":{"line":1863,"column":11},"end":{"line":1863,"column":11}},{"start":{"line":1863,"column":11},"end":{"line":1863,"column":11}}]},"161":{"line":1865,"type":"if","locations":[{"start":{"line":1865,"column":11},"end":{"line":1865,"column":11}},{"start":{"line":1865,"column":11},"end":{"line":1865,"column":11}}]},"162":{"line":1867,"type":"if","locations":[{"start":{"line":1867,"column":11},"end":{"line":1867,"column":11}},{"start":{"line":1867,"column":11},"end":{"line":1867,"column":11}}]},"163":{"line":1869,"type":"if","locations":[{"start":{"line":1869,"column":11},"end":{"line":1869,"column":11}},{"start":{"line":1869,"column":11},"end":{"line":1869,"column":11}}]},"164":{"line":1870,"type":"cond-expr","locations":[{"start":{"line":1870,"column":75},"end":{"line":1870,"column":82}},{"start":{"line":1870,"column":85},"end":{"line":1870,"column":93}}]},"165":{"line":1871,"type":"if","locations":[{"start":{"line":1871,"column":11},"end":{"line":1871,"column":11}},{"start":{"line":1871,"column":11},"end":{"line":1871,"column":11}}]},"166":{"line":1871,"type":"binary-expr","locations":[{"start":{"line":1871,"column":15},"end":{"line":1871,"column":38}},{"start":{"line":1871,"column":42},"end":{"line":1871,"column":66}}]},"167":{"line":1873,"type":"if","locations":[{"start":{"line":1873,"column":6},"end":{"line":1873,"column":6}},{"start":{"line":1873,"column":6},"end":{"line":1873,"column":6}}]},"168":{"line":1889,"type":"if","locations":[{"start":{"line":1889,"column":4},"end":{"line":1889,"column":4}},{"start":{"line":1889,"column":4},"end":{"line":1889,"column":4}}]},"169":{"line":1890,"type":"cond-expr","locations":[{"start":{"line":1890,"column":41},"end":{"line":1891,"column":80}},{"start":{"line":1891,"column":84},"end":{"line":1891,"column":89}}]},"170":{"line":1890,"type":"binary-expr","locations":[{"start":{"line":1890,"column":41},"end":{"line":1890,"column":93}},{"start":{"line":1891,"column":41},"end":{"line":1891,"column":80}}]},"171":{"line":1918,"type":"if","locations":[{"start":{"line":1918,"column":4},"end":{"line":1918,"column":4}},{"start":{"line":1918,"column":4},"end":{"line":1918,"column":4}}]},"172":{"line":1932,"type":"if","locations":[{"start":{"line":1932,"column":4},"end":{"line":1932,"column":4}},{"start":{"line":1932,"column":4},"end":{"line":1932,"column":4}}]},"173":{"line":1940,"type":"if","locations":[{"start":{"line":1940,"column":4},"end":{"line":1940,"column":4}},{"start":{"line":1940,"column":4},"end":{"line":1940,"column":4}}]},"174":{"line":1994,"type":"if","locations":[{"start":{"line":1994,"column":4},"end":{"line":1994,"column":4}},{"start":{"line":1994,"column":4},"end":{"line":1994,"column":4}}]},"175":{"line":1994,"type":"binary-expr","locations":[{"start":{"line":1994,"column":8},"end":{"line":1994,"column":39}},{"start":{"line":1994,"column":43},"end":{"line":1994,"column":54}}]},"176":{"line":1999,"type":"if","locations":[{"start":{"line":1999,"column":8},"end":{"line":1999,"column":8}},{"start":{"line":1999,"column":8},"end":{"line":1999,"column":8}}]},"177":{"line":1999,"type":"binary-expr","locations":[{"start":{"line":1999,"column":12},"end":{"line":1999,"column":43}},{"start":{"line":1999,"column":47},"end":{"line":1999,"column":66}}]},"178":{"line":2004,"type":"if","locations":[{"start":{"line":2004,"column":8},"end":{"line":2004,"column":8}},{"start":{"line":2004,"column":8},"end":{"line":2004,"column":8}}]},"179":{"line":2012,"type":"if","locations":[{"start":{"line":2012,"column":8},"end":{"line":2012,"column":8}},{"start":{"line":2012,"column":8},"end":{"line":2012,"column":8}}]},"180":{"line":2012,"type":"binary-expr","locations":[{"start":{"line":2012,"column":12},"end":{"line":2012,"column":35}},{"start":{"line":2012,"column":39},"end":{"line":2012,"column":90}}]},"181":{"line":2018,"type":"if","locations":[{"start":{"line":2018,"column":10},"end":{"line":2018,"column":10}},{"start":{"line":2018,"column":10},"end":{"line":2018,"column":10}}]},"182":{"line":2018,"type":"binary-expr","locations":[{"start":{"line":2018,"column":14},"end":{"line":2018,"column":45}},{"start":{"line":2018,"column":49},"end":{"line":2018,"column":71}}]},"183":{"line":2028,"type":"if","locations":[{"start":{"line":2028,"column":6},"end":{"line":2028,"column":6}},{"start":{"line":2028,"column":6},"end":{"line":2028,"column":6}}]},"184":{"line":2034,"type":"if","locations":[{"start":{"line":2034,"column":6},"end":{"line":2034,"column":6}},{"start":{"line":2034,"column":6},"end":{"line":2034,"column":6}}]},"185":{"line":2044,"type":"if","locations":[{"start":{"line":2044,"column":4},"end":{"line":2044,"column":4}},{"start":{"line":2044,"column":4},"end":{"line":2044,"column":4}}]},"186":{"line":2069,"type":"if","locations":[{"start":{"line":2069,"column":2},"end":{"line":2069,"column":2}},{"start":{"line":2069,"column":2},"end":{"line":2069,"column":2}}]},"187":{"line":2097,"type":"if","locations":[{"start":{"line":2097,"column":2},"end":{"line":2097,"column":2}},{"start":{"line":2097,"column":2},"end":{"line":2097,"column":2}}]},"188":{"line":2119,"type":"if","locations":[{"start":{"line":2119,"column":4},"end":{"line":2119,"column":4}},{"start":{"line":2119,"column":4},"end":{"line":2119,"column":4}}]},"189":{"line":2138,"type":"if","locations":[{"start":{"line":2138,"column":2},"end":{"line":2138,"column":2}},{"start":{"line":2138,"column":2},"end":{"line":2138,"column":2}}]},"190":{"line":2141,"type":"if","locations":[{"start":{"line":2141,"column":2},"end":{"line":2141,"column":2}},{"start":{"line":2141,"column":2},"end":{"line":2141,"column":2}}]},"191":{"line":2145,"type":"cond-expr","locations":[{"start":{"line":2145,"column":29},"end":{"line":2145,"column":45}},{"start":{"line":2145,"column":48},"end":{"line":2145,"column":52}}]},"192":{"line":2184,"type":"if","locations":[{"start":{"line":2184,"column":2},"end":{"line":2184,"column":2}},{"start":{"line":2184,"column":2},"end":{"line":2184,"column":2}}]},"193":{"line":2230,"type":"switch","locations":[{"start":{"line":2231,"column":6},"end":{"line":2233,"column":14}},{"start":{"line":2234,"column":6},"end":{"line":2236,"column":14}},{"start":{"line":2237,"column":6},"end":{"line":2239,"column":14}}]},"194":{"line":2251,"type":"cond-expr","locations":[{"start":{"line":2251,"column":17},"end":{"line":2251,"column":48}},{"start":{"line":2251,"column":51},"end":{"line":2251,"column":62}}]},"195":{"line":2258,"type":"binary-expr","locations":[{"start":{"line":2258,"column":9},"end":{"line":2258,"column":27}},{"start":{"line":2258,"column":31},"end":{"line":2258,"column":53}}]},"196":{"line":2278,"type":"if","locations":[{"start":{"line":2278,"column":2},"end":{"line":2278,"column":2}},{"start":{"line":2278,"column":2},"end":{"line":2278,"column":2}}]},"197":{"line":2284,"type":"if","locations":[{"start":{"line":2284,"column":2},"end":{"line":2284,"column":2}},{"start":{"line":2284,"column":2},"end":{"line":2284,"column":2}}]},"198":{"line":2293,"type":"if","locations":[{"start":{"line":2293,"column":2},"end":{"line":2293,"column":2}},{"start":{"line":2293,"column":2},"end":{"line":2293,"column":2}}]},"199":{"line":2340,"type":"if","locations":[{"start":{"line":2340,"column":2},"end":{"line":2340,"column":2}},{"start":{"line":2340,"column":2},"end":{"line":2340,"column":2}}]},"200":{"line":2344,"type":"if","locations":[{"start":{"line":2344,"column":2},"end":{"line":2344,"column":2}},{"start":{"line":2344,"column":2},"end":{"line":2344,"column":2}}]},"201":{"line":2344,"type":"binary-expr","locations":[{"start":{"line":2344,"column":6},"end":{"line":2344,"column":30}},{"start":{"line":2344,"column":34},"end":{"line":2344,"column":71}}]},"202":{"line":2348,"type":"if","locations":[{"start":{"line":2348,"column":2},"end":{"line":2348,"column":2}},{"start":{"line":2348,"column":2},"end":{"line":2348,"column":2}}]},"203":{"line":2348,"type":"binary-expr","locations":[{"start":{"line":2348,"column":6},"end":{"line":2348,"column":30}},{"start":{"line":2348,"column":34},"end":{"line":2348,"column":49}},{"start":{"line":2348,"column":53},"end":{"line":2348,"column":74}}]},"204":{"line":2383,"type":"cond-expr","locations":[{"start":{"line":2383,"column":30},"end":{"line":2383,"column":47}},{"start":{"line":2383,"column":50},"end":{"line":2383,"column":54}}]},"205":{"line":2406,"type":"if","locations":[{"start":{"line":2406,"column":2},"end":{"line":2406,"column":2}},{"start":{"line":2406,"column":2},"end":{"line":2406,"column":2}}]},"206":{"line":2427,"type":"if","locations":[{"start":{"line":2427,"column":2},"end":{"line":2427,"column":2}},{"start":{"line":2427,"column":2},"end":{"line":2427,"column":2}}]},"207":{"line":2462,"type":"if","locations":[{"start":{"line":2462,"column":2},"end":{"line":2462,"column":2}},{"start":{"line":2462,"column":2},"end":{"line":2462,"column":2}}]},"208":{"line":2481,"type":"binary-expr","locations":[{"start":{"line":2481,"column":17},"end":{"line":2481,"column":24}},{"start":{"line":2481,"column":28},"end":{"line":2481,"column":54}}]},"209":{"line":2492,"type":"if","locations":[{"start":{"line":2492,"column":2},"end":{"line":2492,"column":2}},{"start":{"line":2492,"column":2},"end":{"line":2492,"column":2}}]},"210":{"line":2493,"type":"binary-expr","locations":[{"start":{"line":2493,"column":55},"end":{"line":2493,"column":67}},{"start":{"line":2493,"column":71},"end":{"line":2493,"column":92}}]},"211":{"line":2504,"type":"if","locations":[{"start":{"line":2504,"column":2},"end":{"line":2504,"column":2}},{"start":{"line":2504,"column":2},"end":{"line":2504,"column":2}}]},"212":{"line":2506,"type":"if","locations":[{"start":{"line":2506,"column":9},"end":{"line":2506,"column":9}},{"start":{"line":2506,"column":9},"end":{"line":2506,"column":9}}]},"213":{"line":2507,"type":"binary-expr","locations":[{"start":{"line":2507,"column":78},"end":{"line":2507,"column":90}},{"start":{"line":2507,"column":94},"end":{"line":2507,"column":115}}]}}}}