TN:
SF:C:\Users\Geneva Sun\Documents\GitHub\Group_1_TradingFever\www\lib\jasmine-2.3.4\jasmine.js
FN:23,(anonymous_1)
FN:36,getJasmineRequire
FN:40,(anonymous_3)
FN:80,(anonymous_4)
FN:110,(anonymous_5)
FN:111,(anonymous_6)
FN:119,(anonymous_7)
FN:123,(anonymous_8)
FN:129,(anonymous_9)
FN:133,(anonymous_10)
FN:137,(anonymous_11)
FN:141,(anonymous_12)
FN:145,(anonymous_13)
FN:149,(anonymous_14)
FN:153,(anonymous_15)
FN:157,(anonymous_16)
FN:161,(anonymous_17)
FN:165,(anonymous_18)
FN:169,(anonymous_19)
FN:173,(anonymous_20)
FN:178,(anonymous_21)
FN:181,(anonymous_22)
FN:208,(anonymous_23)
FN:216,(anonymous_24)
FN:233,(anonymous_25)
FN:237,(anonymous_26)
FN:238,(anonymous_27)
FN:244,(anonymous_28)
FN:253,(anonymous_29)
FN:261,(anonymous_30)
FN:265,(anonymous_31)
FN:275,(anonymous_32)
FN:293,(anonymous_33)
FN:294,Spec
FN:296,(anonymous_35)
FN:300,(anonymous_36)
FN:301,(anonymous_37)
FN:302,(anonymous_38)
FN:303,(anonymous_39)
FN:304,(anonymous_40)
FN:305,(anonymous_41)
FN:306,(anonymous_42)
FN:323,(anonymous_43)
FN:336,(anonymous_44)
FN:340,(anonymous_45)
FN:355,(anonymous_46)
FN:360,complete
FN:370,onException
FN:389,(anonymous_49)
FN:393,(anonymous_50)
FN:400,(anonymous_51)
FN:405,(anonymous_52)
FN:421,(anonymous_53)
FN:425,(anonymous_54)
FN:429,(anonymous_55)
FN:439,(anonymous_56)
FN:450,(anonymous_57)
FN:451,Env
FN:463,(anonymous_59)
FN:473,(anonymous_60)
FN:477,(anonymous_61)
FN:490,(anonymous_62)
FN:494,(anonymous_63)
FN:501,(anonymous_64)
FN:514,(anonymous_65)
FN:519,(anonymous_66)
FN:523,(anonymous_67)
FN:532,addExpectationResult
FN:537,(anonymous_69)
FN:548,(anonymous_70)
FN:553,(anonymous_71)
FN:554,(anonymous_72)
FN:572,(anonymous_73)
FN:579,(anonymous_74)
FN:587,(anonymous_75)
FN:592,(anonymous_76)
FN:599,clearStack
FN:609,(anonymous_78)
FN:613,(anonymous_79)
FN:617,(anonymous_80)
FN:621,(anonymous_81)
FN:640,(anonymous_82)
FN:644,(anonymous_83)
FN:656,(anonymous_84)
FN:661,(anonymous_85)
FN:681,(anonymous_86)
FN:685,(anonymous_87)
FN:692,(anonymous_88)
FN:696,(anonymous_89)
FN:711,(anonymous_90)
FN:717,(anonymous_91)
FN:725,(anonymous_92)
FN:736,addSpecsToSuite
FN:749,(anonymous_94)
FN:757,findFocusedAncestor
FN:768,unfocusAncestor
FN:780,(anonymous_97)
FN:787,(anonymous_98)
FN:794,(anonymous_99)
FN:797,(anonymous_100)
FN:810,specResultCallback
FN:816,specStarted
FN:823,(anonymous_103)
FN:829,(anonymous_104)
FN:835,(anonymous_105)
FN:843,(anonymous_106)
FN:851,(anonymous_107)
FN:854,(anonymous_108)
FN:858,(anonymous_109)
FN:861,(anonymous_110)
FN:865,(anonymous_111)
FN:868,(anonymous_112)
FN:872,(anonymous_113)
FN:875,(anonymous_114)
FN:879,(anonymous_115)
FN:887,(anonymous_116)
FN:908,(anonymous_117)
FN:911,(anonymous_118)
FN:912,(anonymous_119)
FN:915,JsApiReporter
FN:922,(anonymous_121)
FN:930,(anonymous_122)
FN:936,(anonymous_123)
FN:943,(anonymous_124)
FN:947,(anonymous_125)
FN:951,(anonymous_126)
FN:955,storeSuite
FN:960,(anonymous_128)
FN:966,(anonymous_129)
FN:970,(anonymous_130)
FN:974,(anonymous_131)
FN:978,(anonymous_132)
FN:987,(anonymous_133)
FN:989,CallTracker
FN:992,(anonymous_135)
FN:996,(anonymous_136)
FN:1000,(anonymous_137)
FN:1004,(anonymous_138)
FN:1009,(anonymous_139)
FN:1013,(anonymous_140)
FN:1022,(anonymous_141)
FN:1026,(anonymous_142)
FN:1030,(anonymous_143)
FN:1038,(anonymous_144)
FN:1039,Clock
FN:1058,(anonymous_146)
FN:1070,(anonymous_147)
FN:1079,(anonymous_148)
FN:1088,(anonymous_149)
FN:1092,(anonymous_150)
FN:1102,(anonymous_151)
FN:1112,(anonymous_152)
FN:1116,(anonymous_153)
FN:1120,(anonymous_154)
FN:1131,originalTimingFunctionsIntact
FN:1138,legacyIE
FN:1143,replace
FN:1149,setTimeout
FN:1153,clearTimeout
FN:1157,setInterval
FN:1161,clearInterval
FN:1165,argSlice
FN:1173,(anonymous_163)
FN:1174,DelayedFunctionScheduler
FN:1181,(anonymous_165)
FN:1189,(anonymous_166)
FN:1193,(anonymous_167)
FN:1217,(anonymous_168)
FN:1225,(anonymous_169)
FN:1228,(anonymous_170)
FN:1249,indexOfFirstToPass
FN:1262,deleteFromLookup
FN:1264,(anonymous_173)
FN:1273,reschedule
FN:1282,forEachFunction
FN:1288,runScheduledFunctions
FN:1299,(anonymous_177)
FN:1305,(anonymous_178)
FN:1319,(anonymous_179)
FN:1320,ExceptionFormatter
FN:1321,(anonymous_181)
FN:1341,(anonymous_182)
FN:1349,(anonymous_183)
FN:1351,Expectation
FN:1352,(anonymous_185)
FN:1355,(anonymous_186)
FN:1364,(anonymous_187)
FN:1365,(anonymous_188)
FN:1375,defaultNegativeCompare
FN:1419,(anonymous_190)
FN:1427,(anonymous_191)
FN:1444,(anonymous_192)
FN:1445,buildExpectationResult
FN:1446,(anonymous_194)
FN:1447,(anonymous_195)
FN:1463,message
FN:1474,stack
FN:1494,(anonymous_198)
FN:1495,MockDate
FN:1500,(anonymous_200)
FN:1501,(anonymous_201)
FN:1502,(anonymous_202)
FN:1508,(anonymous_203)
FN:1518,(anonymous_204)
FN:1523,(anonymous_205)
FN:1532,FakeDate
FN:1556,createDateProperties
FN:1559,(anonymous_208)
FN:1577,(anonymous_209)
FN:1579,PrettyPrinter
FN:1584,(anonymous_211)
FN:1627,(anonymous_212)
FN:1640,StringPrettyPrinter
FN:1648,(anonymous_214)
FN:1652,(anonymous_215)
FN:1656,(anonymous_216)
FN:1675,(anonymous_217)
FN:1692,(anonymous_218)
FN:1704,(anonymous_219)
FN:1717,(anonymous_220)
FN:1727,(anonymous_221)
FN:1731,(anonymous_222)
FN:1738,(anonymous_223)
FN:1740,once
FN:1742,(anonymous_225)
FN:1750,QueueRunner
FN:1752,(anonymous_227)
FN:1753,(anonymous_228)
FN:1754,(anonymous_229)
FN:1755,(anonymous_230)
FN:1758,(anonymous_231)
FN:1761,(anonymous_232)
FN:1765,(anonymous_233)
FN:1787,attemptSync
FN:1795,attemptAsync
FN:1796,(anonymous_236)
FN:1799,(anonymous_237)
FN:1805,(anonymous_238)
FN:1811,(anonymous_239)
FN:1826,onException
FN:1830,handleException
FN:1843,(anonymous_242)
FN:1844,ReportDispatcher
FN:1850,(anonymous_244)
FN:1851,(anonymous_245)
FN:1859,(anonymous_246)
FN:1865,dispatch
FN:1879,(anonymous_248)
FN:1881,SpyRegistry
FN:1883,(anonymous_250)
FN:1885,(anonymous_251)
FN:1917,(anonymous_252)
FN:1929,(anonymous_253)
FN:1931,SpyStrategy
FN:1935,(anonymous_255)
FN:1936,(anonymous_256)
FN:1937,(anonymous_257)
FN:1939,(anonymous_258)
FN:1943,(anonymous_259)
FN:1947,(anonymous_260)
FN:1952,(anonymous_261)
FN:1953,(anonymous_262)
FN:1959,(anonymous_263)
FN:1961,(anonymous_264)
FN:1967,(anonymous_265)
FN:1969,(anonymous_266)
FN:1975,(anonymous_267)
FN:1980,(anonymous_268)
FN:1981,(anonymous_269)
FN:1989,(anonymous_270)
FN:1990,Suite
FN:2015,(anonymous_272)
FN:2019,(anonymous_273)
FN:2029,(anonymous_274)
FN:2033,(anonymous_275)
FN:2037,(anonymous_276)
FN:2041,(anonymous_277)
FN:2045,(anonymous_278)
FN:2049,(anonymous_279)
FN:2053,(anonymous_280)
FN:2065,(anonymous_281)
FN:2069,(anonymous_282)
FN:2073,(anonymous_283)
FN:2078,(anonymous_284)
FN:2086,(anonymous_285)
FN:2090,(anonymous_286)
FN:2112,(anonymous_287)
FN:2131,isAfterAll
FN:2135,isFailure
FN:2139,clone
FN:2157,(anonymous_291)
FN:2158,(anonymous_292)
FN:2159,(anonymous_293)
FN:2162,Timer
FN:2168,(anonymous_295)
FN:2172,(anonymous_296)
FN:2180,(anonymous_297)
FN:2181,TreeProcessor
FN:2185,(anonymous_299)
FN:2186,(anonymous_300)
FN:2192,(anonymous_301)
FN:2198,(anonymous_302)
FN:2212,(anonymous_303)
FN:2219,runnableIndex
FN:2227,processNode
FN:2276,startingMin
FN:2280,startingMax
FN:2284,segmentChildren
FN:2290,isSegmentBoundary
FN:2313,orderChildSegments
FN:2332,(anonymous_311)
FN:2339,executeNode
FN:2342,(anonymous_313)
FN:2346,(anonymous_314)
FN:2352,(anonymous_315)
FN:2360,(anonymous_316)
FN:2365,wrapChildren
FN:2384,(anonymous_318)
FN:2386,Any
FN:2390,(anonymous_320)
FN:2414,(anonymous_321)
FN:2421,(anonymous_322)
FN:2423,Anything
FN:2425,(anonymous_324)
FN:2429,(anonymous_325)
FN:2436,(anonymous_326)
FN:2437,ArrayContaining
FN:2441,(anonymous_328)
FN:2455,(anonymous_329)
FN:2462,(anonymous_330)
FN:2464,ObjectContaining
FN:2468,getPrototype
FN:2480,hasProperty
FN:2492,(anonymous_334)
FN:2505,(anonymous_335)
FN:2512,(anonymous_336)
FN:2514,StringMatching
FN:2522,(anonymous_338)
FN:2526,(anonymous_339)
FN:2533,(anonymous_340)
FN:2534,ExpectationFailed
FN:2543,(anonymous_342)
FN:2547,(anonymous_343)
FN:2553,(anonymous_344)
FN:2570,(anonymous_345)
FN:2576,(anonymous_346)
FN:2596,isAsymmetric
FN:2600,asymmetricMatch
FN:2619,eq
FN:2743,has
FN:2747,isFunction
FN:2753,(anonymous_352)
FN:2754,toBe
FN:2756,(anonymous_354)
FN:2767,(anonymous_355)
FN:2769,toBeCloseTo
FN:2771,(anonymous_357)
FN:2786,(anonymous_358)
FN:2787,toBeDefined
FN:2789,(anonymous_360)
FN:2800,(anonymous_361)
FN:2801,toBeFalsy
FN:2803,(anonymous_363)
FN:2814,(anonymous_364)
FN:2816,toBeGreaterThan
FN:2818,(anonymous_366)
FN:2830,(anonymous_367)
FN:2831,toBeLessThan
FN:2834,(anonymous_369)
FN:2844,(anonymous_370)
FN:2846,toBeNaN
FN:2848,(anonymous_372)
FN:2856,(anonymous_373)
FN:2867,(anonymous_374)
FN:2869,toBeNull
FN:2871,(anonymous_376)
FN:2882,(anonymous_377)
FN:2884,toBeTruthy
FN:2886,(anonymous_379)
FN:2897,(anonymous_380)
FN:2899,toBeUndefined
FN:2901,(anonymous_382)
FN:2912,(anonymous_383)
FN:2913,toContain
FN:2917,(anonymous_385)
FN:2929,(anonymous_386)
FN:2931,toEqual
FN:2935,(anonymous_388)
FN:2950,(anonymous_389)
FN:2952,toHaveBeenCalled
FN:2954,(anonymous_391)
FN:2979,(anonymous_392)
FN:2981,toHaveBeenCalledWith
FN:2983,(anonymous_394)
FN:2994,(anonymous_395)
FN:3000,(anonymous_396)
FN:3002,(anonymous_397)
FN:3013,(anonymous_398)
FN:3015,toMatch
FN:3017,(anonymous_400)
FN:3034,(anonymous_401)
FN:3036,toThrow
FN:3038,(anonymous_403)
FN:3061,(anonymous_404)
FN:3068,(anonymous_405)
FN:3070,(anonymous_406)
FN:3081,(anonymous_407)
FN:3082,toThrowError
FN:3084,(anonymous_409)
FN:3109,(anonymous_410)
FN:3119,(anonymous_411)
FN:3124,(anonymous_412)
FN:3133,getMatcher
FN:3159,messageMatch
FN:3169,(anonymous_415)
FN:3179,(anonymous_416)
FN:3188,(anonymous_417)
FN:3191,(anonymous_418)
FN:3198,isStringOrRegExp
FN:3202,isAnErrorType
FN:3207,(anonymous_421)
FN:3216,(anonymous_422)
FN:3218,(anonymous_423)
FN:3222,(anonymous_424)
FN:3226,(anonymous_425)
FN:3230,(anonymous_426)
FN:3234,(anonymous_427)
FN:3238,(anonymous_428)
FN:3242,(anonymous_429)
FN:3246,(anonymous_430)
FN:3250,(anonymous_431)
FN:3254,(anonymous_432)
FN:3258,(anonymous_433)
FN:3262,(anonymous_434)
FN:3266,(anonymous_435)
FN:3270,(anonymous_436)
FN:3281,(anonymous_437)
FN:3285,(anonymous_438)
FN:3289,(anonymous_439)
FN:3296,(anonymous_440)
FNF:440
FNH:2
FNDA:1,(anonymous_1)
FNDA:48,getJasmineRequire
FNDA:0,(anonymous_3)
FNDA:0,(anonymous_4)
FNDA:0,(anonymous_5)
FNDA:0,(anonymous_6)
FNDA:0,(anonymous_7)
FNDA:0,(anonymous_8)
FNDA:0,(anonymous_9)
FNDA:0,(anonymous_10)
FNDA:0,(anonymous_11)
FNDA:0,(anonymous_12)
FNDA:0,(anonymous_13)
FNDA:0,(anonymous_14)
FNDA:0,(anonymous_15)
FNDA:0,(anonymous_16)
FNDA:0,(anonymous_17)
FNDA:0,(anonymous_18)
FNDA:0,(anonymous_19)
FNDA:0,(anonymous_20)
FNDA:0,(anonymous_21)
FNDA:0,(anonymous_22)
FNDA:0,(anonymous_23)
FNDA:0,(anonymous_24)
FNDA:0,(anonymous_25)
FNDA:0,(anonymous_26)
FNDA:0,(anonymous_27)
FNDA:0,(anonymous_28)
FNDA:0,(anonymous_29)
FNDA:0,(anonymous_30)
FNDA:0,(anonymous_31)
FNDA:0,(anonymous_32)
FNDA:0,(anonymous_33)
FNDA:0,Spec
FNDA:0,(anonymous_35)
FNDA:0,(anonymous_36)
FNDA:0,(anonymous_37)
FNDA:0,(anonymous_38)
FNDA:0,(anonymous_39)
FNDA:0,(anonymous_40)
FNDA:0,(anonymous_41)
FNDA:0,(anonymous_42)
FNDA:0,(anonymous_43)
FNDA:0,(anonymous_44)
FNDA:0,(anonymous_45)
FNDA:0,(anonymous_46)
FNDA:0,complete
FNDA:0,onException
FNDA:0,(anonymous_49)
FNDA:0,(anonymous_50)
FNDA:0,(anonymous_51)
FNDA:0,(anonymous_52)
FNDA:0,(anonymous_53)
FNDA:0,(anonymous_54)
FNDA:0,(anonymous_55)
FNDA:0,(anonymous_56)
FNDA:0,(anonymous_57)
FNDA:0,Env
FNDA:0,(anonymous_59)
FNDA:0,(anonymous_60)
FNDA:0,(anonymous_61)
FNDA:0,(anonymous_62)
FNDA:0,(anonymous_63)
FNDA:0,(anonymous_64)
FNDA:0,(anonymous_65)
FNDA:0,(anonymous_66)
FNDA:0,(anonymous_67)
FNDA:0,addExpectationResult
FNDA:0,(anonymous_69)
FNDA:0,(anonymous_70)
FNDA:0,(anonymous_71)
FNDA:0,(anonymous_72)
FNDA:0,(anonymous_73)
FNDA:0,(anonymous_74)
FNDA:0,(anonymous_75)
FNDA:0,(anonymous_76)
FNDA:0,clearStack
FNDA:0,(anonymous_78)
FNDA:0,(anonymous_79)
FNDA:0,(anonymous_80)
FNDA:0,(anonymous_81)
FNDA:0,(anonymous_82)
FNDA:0,(anonymous_83)
FNDA:0,(anonymous_84)
FNDA:0,(anonymous_85)
FNDA:0,(anonymous_86)
FNDA:0,(anonymous_87)
FNDA:0,(anonymous_88)
FNDA:0,(anonymous_89)
FNDA:0,(anonymous_90)
FNDA:0,(anonymous_91)
FNDA:0,(anonymous_92)
FNDA:0,addSpecsToSuite
FNDA:0,(anonymous_94)
FNDA:0,findFocusedAncestor
FNDA:0,unfocusAncestor
FNDA:0,(anonymous_97)
FNDA:0,(anonymous_98)
FNDA:0,(anonymous_99)
FNDA:0,(anonymous_100)
FNDA:0,specResultCallback
FNDA:0,specStarted
FNDA:0,(anonymous_103)
FNDA:0,(anonymous_104)
FNDA:0,(anonymous_105)
FNDA:0,(anonymous_106)
FNDA:0,(anonymous_107)
FNDA:0,(anonymous_108)
FNDA:0,(anonymous_109)
FNDA:0,(anonymous_110)
FNDA:0,(anonymous_111)
FNDA:0,(anonymous_112)
FNDA:0,(anonymous_113)
FNDA:0,(anonymous_114)
FNDA:0,(anonymous_115)
FNDA:0,(anonymous_116)
FNDA:0,(anonymous_117)
FNDA:0,(anonymous_118)
FNDA:0,(anonymous_119)
FNDA:0,JsApiReporter
FNDA:0,(anonymous_121)
FNDA:0,(anonymous_122)
FNDA:0,(anonymous_123)
FNDA:0,(anonymous_124)
FNDA:0,(anonymous_125)
FNDA:0,(anonymous_126)
FNDA:0,storeSuite
FNDA:0,(anonymous_128)
FNDA:0,(anonymous_129)
FNDA:0,(anonymous_130)
FNDA:0,(anonymous_131)
FNDA:0,(anonymous_132)
FNDA:0,(anonymous_133)
FNDA:0,CallTracker
FNDA:0,(anonymous_135)
FNDA:0,(anonymous_136)
FNDA:0,(anonymous_137)
FNDA:0,(anonymous_138)
FNDA:0,(anonymous_139)
FNDA:0,(anonymous_140)
FNDA:0,(anonymous_141)
FNDA:0,(anonymous_142)
FNDA:0,(anonymous_143)
FNDA:0,(anonymous_144)
FNDA:0,Clock
FNDA:0,(anonymous_146)
FNDA:0,(anonymous_147)
FNDA:0,(anonymous_148)
FNDA:0,(anonymous_149)
FNDA:0,(anonymous_150)
FNDA:0,(anonymous_151)
FNDA:0,(anonymous_152)
FNDA:0,(anonymous_153)
FNDA:0,(anonymous_154)
FNDA:0,originalTimingFunctionsIntact
FNDA:0,legacyIE
FNDA:0,replace
FNDA:0,setTimeout
FNDA:0,clearTimeout
FNDA:0,setInterval
FNDA:0,clearInterval
FNDA:0,argSlice
FNDA:0,(anonymous_163)
FNDA:0,DelayedFunctionScheduler
FNDA:0,(anonymous_165)
FNDA:0,(anonymous_166)
FNDA:0,(anonymous_167)
FNDA:0,(anonymous_168)
FNDA:0,(anonymous_169)
FNDA:0,(anonymous_170)
FNDA:0,indexOfFirstToPass
FNDA:0,deleteFromLookup
FNDA:0,(anonymous_173)
FNDA:0,reschedule
FNDA:0,forEachFunction
FNDA:0,runScheduledFunctions
FNDA:0,(anonymous_177)
FNDA:0,(anonymous_178)
FNDA:0,(anonymous_179)
FNDA:0,ExceptionFormatter
FNDA:0,(anonymous_181)
FNDA:0,(anonymous_182)
FNDA:0,(anonymous_183)
FNDA:0,Expectation
FNDA:0,(anonymous_185)
FNDA:0,(anonymous_186)
FNDA:0,(anonymous_187)
FNDA:0,(anonymous_188)
FNDA:0,defaultNegativeCompare
FNDA:0,(anonymous_190)
FNDA:0,(anonymous_191)
FNDA:0,(anonymous_192)
FNDA:0,buildExpectationResult
FNDA:0,(anonymous_194)
FNDA:0,(anonymous_195)
FNDA:0,message
FNDA:0,stack
FNDA:0,(anonymous_198)
FNDA:0,MockDate
FNDA:0,(anonymous_200)
FNDA:0,(anonymous_201)
FNDA:0,(anonymous_202)
FNDA:0,(anonymous_203)
FNDA:0,(anonymous_204)
FNDA:0,(anonymous_205)
FNDA:0,FakeDate
FNDA:0,createDateProperties
FNDA:0,(anonymous_208)
FNDA:0,(anonymous_209)
FNDA:0,PrettyPrinter
FNDA:0,(anonymous_211)
FNDA:0,(anonymous_212)
FNDA:0,StringPrettyPrinter
FNDA:0,(anonymous_214)
FNDA:0,(anonymous_215)
FNDA:0,(anonymous_216)
FNDA:0,(anonymous_217)
FNDA:0,(anonymous_218)
FNDA:0,(anonymous_219)
FNDA:0,(anonymous_220)
FNDA:0,(anonymous_221)
FNDA:0,(anonymous_222)
FNDA:0,(anonymous_223)
FNDA:0,once
FNDA:0,(anonymous_225)
FNDA:0,QueueRunner
FNDA:0,(anonymous_227)
FNDA:0,(anonymous_228)
FNDA:0,(anonymous_229)
FNDA:0,(anonymous_230)
FNDA:0,(anonymous_231)
FNDA:0,(anonymous_232)
FNDA:0,(anonymous_233)
FNDA:0,attemptSync
FNDA:0,attemptAsync
FNDA:0,(anonymous_236)
FNDA:0,(anonymous_237)
FNDA:0,(anonymous_238)
FNDA:0,(anonymous_239)
FNDA:0,onException
FNDA:0,handleException
FNDA:0,(anonymous_242)
FNDA:0,ReportDispatcher
FNDA:0,(anonymous_244)
FNDA:0,(anonymous_245)
FNDA:0,(anonymous_246)
FNDA:0,dispatch
FNDA:0,(anonymous_248)
FNDA:0,SpyRegistry
FNDA:0,(anonymous_250)
FNDA:0,(anonymous_251)
FNDA:0,(anonymous_252)
FNDA:0,(anonymous_253)
FNDA:0,SpyStrategy
FNDA:0,(anonymous_255)
FNDA:0,(anonymous_256)
FNDA:0,(anonymous_257)
FNDA:0,(anonymous_258)
FNDA:0,(anonymous_259)
FNDA:0,(anonymous_260)
FNDA:0,(anonymous_261)
FNDA:0,(anonymous_262)
FNDA:0,(anonymous_263)
FNDA:0,(anonymous_264)
FNDA:0,(anonymous_265)
FNDA:0,(anonymous_266)
FNDA:0,(anonymous_267)
FNDA:0,(anonymous_268)
FNDA:0,(anonymous_269)
FNDA:0,(anonymous_270)
FNDA:0,Suite
FNDA:0,(anonymous_272)
FNDA:0,(anonymous_273)
FNDA:0,(anonymous_274)
FNDA:0,(anonymous_275)
FNDA:0,(anonymous_276)
FNDA:0,(anonymous_277)
FNDA:0,(anonymous_278)
FNDA:0,(anonymous_279)
FNDA:0,(anonymous_280)
FNDA:0,(anonymous_281)
FNDA:0,(anonymous_282)
FNDA:0,(anonymous_283)
FNDA:0,(anonymous_284)
FNDA:0,(anonymous_285)
FNDA:0,(anonymous_286)
FNDA:0,(anonymous_287)
FNDA:0,isAfterAll
FNDA:0,isFailure
FNDA:0,clone
FNDA:0,(anonymous_291)
FNDA:0,(anonymous_292)
FNDA:0,(anonymous_293)
FNDA:0,Timer
FNDA:0,(anonymous_295)
FNDA:0,(anonymous_296)
FNDA:0,(anonymous_297)
FNDA:0,TreeProcessor
FNDA:0,(anonymous_299)
FNDA:0,(anonymous_300)
FNDA:0,(anonymous_301)
FNDA:0,(anonymous_302)
FNDA:0,(anonymous_303)
FNDA:0,runnableIndex
FNDA:0,processNode
FNDA:0,startingMin
FNDA:0,startingMax
FNDA:0,segmentChildren
FNDA:0,isSegmentBoundary
FNDA:0,orderChildSegments
FNDA:0,(anonymous_311)
FNDA:0,executeNode
FNDA:0,(anonymous_313)
FNDA:0,(anonymous_314)
FNDA:0,(anonymous_315)
FNDA:0,(anonymous_316)
FNDA:0,wrapChildren
FNDA:0,(anonymous_318)
FNDA:0,Any
FNDA:0,(anonymous_320)
FNDA:0,(anonymous_321)
FNDA:0,(anonymous_322)
FNDA:0,Anything
FNDA:0,(anonymous_324)
FNDA:0,(anonymous_325)
FNDA:0,(anonymous_326)
FNDA:0,ArrayContaining
FNDA:0,(anonymous_328)
FNDA:0,(anonymous_329)
FNDA:0,(anonymous_330)
FNDA:0,ObjectContaining
FNDA:0,getPrototype
FNDA:0,hasProperty
FNDA:0,(anonymous_334)
FNDA:0,(anonymous_335)
FNDA:0,(anonymous_336)
FNDA:0,StringMatching
FNDA:0,(anonymous_338)
FNDA:0,(anonymous_339)
FNDA:0,(anonymous_340)
FNDA:0,ExpectationFailed
FNDA:0,(anonymous_342)
FNDA:0,(anonymous_343)
FNDA:0,(anonymous_344)
FNDA:0,(anonymous_345)
FNDA:0,(anonymous_346)
FNDA:0,isAsymmetric
FNDA:0,asymmetricMatch
FNDA:0,eq
FNDA:0,has
FNDA:0,isFunction
FNDA:0,(anonymous_352)
FNDA:0,toBe
FNDA:0,(anonymous_354)
FNDA:0,(anonymous_355)
FNDA:0,toBeCloseTo
FNDA:0,(anonymous_357)
FNDA:0,(anonymous_358)
FNDA:0,toBeDefined
FNDA:0,(anonymous_360)
FNDA:0,(anonymous_361)
FNDA:0,toBeFalsy
FNDA:0,(anonymous_363)
FNDA:0,(anonymous_364)
FNDA:0,toBeGreaterThan
FNDA:0,(anonymous_366)
FNDA:0,(anonymous_367)
FNDA:0,toBeLessThan
FNDA:0,(anonymous_369)
FNDA:0,(anonymous_370)
FNDA:0,toBeNaN
FNDA:0,(anonymous_372)
FNDA:0,(anonymous_373)
FNDA:0,(anonymous_374)
FNDA:0,toBeNull
FNDA:0,(anonymous_376)
FNDA:0,(anonymous_377)
FNDA:0,toBeTruthy
FNDA:0,(anonymous_379)
FNDA:0,(anonymous_380)
FNDA:0,toBeUndefined
FNDA:0,(anonymous_382)
FNDA:0,(anonymous_383)
FNDA:0,toContain
FNDA:0,(anonymous_385)
FNDA:0,(anonymous_386)
FNDA:0,toEqual
FNDA:0,(anonymous_388)
FNDA:0,(anonymous_389)
FNDA:0,toHaveBeenCalled
FNDA:0,(anonymous_391)
FNDA:0,(anonymous_392)
FNDA:0,toHaveBeenCalledWith
FNDA:0,(anonymous_394)
FNDA:0,(anonymous_395)
FNDA:0,(anonymous_396)
FNDA:0,(anonymous_397)
FNDA:0,(anonymous_398)
FNDA:0,toMatch
FNDA:0,(anonymous_400)
FNDA:0,(anonymous_401)
FNDA:0,toThrow
FNDA:0,(anonymous_403)
FNDA:0,(anonymous_404)
FNDA:0,(anonymous_405)
FNDA:0,(anonymous_406)
FNDA:0,(anonymous_407)
FNDA:0,toThrowError
FNDA:0,(anonymous_409)
FNDA:0,(anonymous_410)
FNDA:0,(anonymous_411)
FNDA:0,(anonymous_412)
FNDA:0,getMatcher
FNDA:0,messageMatch
FNDA:0,(anonymous_415)
FNDA:0,(anonymous_416)
FNDA:0,(anonymous_417)
FNDA:0,(anonymous_418)
FNDA:0,isStringOrRegExp
FNDA:0,isAnErrorType
FNDA:0,(anonymous_421)
FNDA:0,(anonymous_422)
FNDA:0,(anonymous_423)
FNDA:0,(anonymous_424)
FNDA:0,(anonymous_425)
FNDA:0,(anonymous_426)
FNDA:0,(anonymous_427)
FNDA:0,(anonymous_428)
FNDA:0,(anonymous_429)
FNDA:0,(anonymous_430)
FNDA:0,(anonymous_431)
FNDA:0,(anonymous_432)
FNDA:0,(anonymous_433)
FNDA:0,(anonymous_434)
FNDA:0,(anonymous_435)
FNDA:0,(anonymous_436)
FNDA:0,(anonymous_437)
FNDA:0,(anonymous_438)
FNDA:0,(anonymous_439)
FNDA:0,(anonymous_440)
DA:23,1
DA:24,1
DA:26,1
DA:27,1
DA:28,1
DA:30,0
DA:31,0
DA:33,0
DA:36,1
DA:37,48
DA:40,1
DA:41,0
DA:43,0
DA:44,0
DA:45,0
DA:46,0
DA:47,0
DA:48,0
DA:49,0
DA:50,0
DA:51,0
DA:52,0
DA:53,0
DA:54,0
DA:55,0
DA:56,0
DA:57,0
DA:58,0
DA:59,0
DA:60,0
DA:61,0
DA:62,0
DA:63,0
DA:64,0
DA:65,0
DA:66,0
DA:67,0
DA:68,0
DA:69,0
DA:70,0
DA:72,0
DA:74,0
DA:77,1
DA:80,1
DA:81,0
DA:102,0
DA:103,0
DA:104,0
DA:107,0
DA:110,1
DA:111,0
DA:112,0
DA:115,0
DA:116,0
DA:117,0
DA:119,0
DA:120,0
DA:123,0
DA:124,0
DA:126,0
DA:129,0
DA:130,0
DA:133,0
DA:134,0
DA:137,0
DA:138,0
DA:141,0
DA:142,0
DA:145,0
DA:146,0
DA:149,0
DA:150,0
DA:153,0
DA:154,0
DA:157,0
DA:158,0
DA:161,0
DA:162,0
DA:165,0
DA:166,0
DA:169,0
DA:170,0
DA:173,0
DA:175,0
DA:178,0
DA:182,0
DA:187,0
DA:188,0
DA:189,0
DA:191,0
DA:194,0
DA:195,0
DA:196,0
DA:199,0
DA:202,0
DA:203,0
DA:205,0
DA:208,0
DA:209,0
DA:210,0
DA:212,0
DA:216,0
DA:217,0
DA:218,0
DA:219,0
DA:222,0
DA:223,0
DA:225,0
DA:226,0
DA:227,0
DA:229,0
DA:233,1
DA:235,0
DA:237,0
DA:238,0
DA:240,0
DA:241,0
DA:244,0
DA:245,0
DA:246,0
DA:248,0
DA:253,0
DA:254,0
DA:255,0
DA:256,0
DA:258,0
DA:261,0
DA:262,0
DA:265,0
DA:266,0
DA:267,0
DA:268,0
DA:269,0
DA:272,0
DA:275,0
DA:276,0
DA:277,0
DA:280,0
DA:281,0
DA:282,0
DA:283,0
DA:287,0
DA:290,0
DA:293,1
DA:294,1
DA:295,0
DA:296,0
DA:297,0
DA:298,0
DA:299,0
DA:300,0
DA:301,0
DA:302,0
DA:303,0
DA:304,0
DA:305,0
DA:306,0
DA:307,0
DA:309,0
DA:310,0
DA:313,0
DA:323,0
DA:324,0
DA:325,0
DA:326,0
DA:328,0
DA:330,0
DA:331,0
DA:336,0
DA:337,0
DA:340,0
DA:341,0
DA:343,0
DA:345,0
DA:346,0
DA:347,0
DA:350,0
DA:351,0
DA:353,0
DA:355,0
DA:360,1
DA:361,0
DA:362,0
DA:364,0
DA:365,0
DA:370,0
DA:371,0
DA:372,0
DA:373,0
DA:376,0
DA:377,0
DA:380,0
DA:389,0
DA:390,0
DA:393,0
DA:394,0
DA:395,0
DA:396,0
DA:400,0
DA:401,0
DA:402,0
DA:405,0
DA:406,0
DA:407,0
DA:410,0
DA:411,0
DA:414,0
DA:415,0
DA:417,0
DA:421,0
DA:422,0
DA:425,0
DA:426,0
DA:429,0
DA:430,0
DA:434,0
DA:437,0
DA:439,0
DA:440,0
DA:443,0
DA:446,1
DA:447,0
DA:450,1
DA:451,1
DA:452,0
DA:454,0
DA:455,0
DA:457,0
DA:459,0
DA:461,0
DA:462,0
DA:463,0
DA:465,0
DA:466,0
DA:468,0
DA:469,0
DA:470,0
DA:471,0
DA:473,0
DA:474,0
DA:477,0
DA:478,0
DA:481,0
DA:490,0
DA:491,0
DA:494,0
DA:495,0
DA:496,0
DA:498,0
DA:501,0
DA:502,0
DA:503,0
DA:505,0
DA:506,0
DA:507,0
DA:511,0
DA:513,0
DA:514,0
DA:515,0
DA:518,0
DA:519,0
DA:520,0
DA:523,0
DA:524,0
DA:532,1
DA:533,0
DA:537,0
DA:538,0
DA:540,0
DA:541,0
DA:542,0
DA:545,0
DA:548,0
DA:549,0
DA:550,0
DA:553,0
DA:554,0
DA:555,0
DA:558,0
DA:559,0
DA:560,0
DA:562,0
DA:565,0
DA:572,0
DA:573,0
DA:577,0
DA:580,0
DA:581,0
DA:583,0
DA:587,0
DA:588,0
DA:589,0
DA:592,0
DA:593,0
DA:596,0
DA:597,0
DA:599,1
DA:600,0
DA:601,0
DA:602,0
DA:603,0
DA:605,0
DA:609,0
DA:610,0
DA:613,0
DA:614,0
DA:617,0
DA:618,0
DA:621,0
DA:622,0
DA:623,0
DA:624,0
DA:625,0
DA:627,0
DA:630,0
DA:636,0
DA:637,0
DA:638,0
DA:640,0
DA:641,0
DA:644,0
DA:645,0
DA:646,0
DA:647,0
DA:649,0
DA:652,0
DA:657,0
DA:658,0
DA:659,0
DA:662,0
DA:663,0
DA:665,0
DA:666,0
DA:670,0
DA:671,0
DA:674,0
DA:678,0
DA:681,0
DA:682,0
DA:685,0
DA:686,0
DA:687,0
DA:689,0
DA:692,0
DA:693,0
DA:696,0
DA:697,0
DA:707,0
DA:708,0
DA:711,0
DA:712,0
DA:713,0
DA:714,0
DA:717,0
DA:718,0
DA:719,0
DA:720,0
DA:723,0
DA:725,0
DA:726,0
DA:727,0
DA:729,0
DA:730,0
DA:731,0
DA:733,0
DA:736,1
DA:737,0
DA:738,0
DA:739,0
DA:741,0
DA:742,0
DA:743,0
DA:745,0
DA:748,0
DA:749,0
DA:750,0
DA:754,0
DA:757,1
DA:758,0
DA:759,0
DA:760,0
DA:762,0
DA:765,0
DA:768,1
DA:769,0
DA:770,0
DA:771,0
DA:772,0
DA:773,0
DA:774,0
DA:780,0
DA:781,0
DA:782,0
DA:788,0
DA:794,0
DA:797,0
DA:802,0
DA:804,0
DA:805,0
DA:808,0
DA:810,1
DA:811,0
DA:812,0
DA:813,0
DA:816,1
DA:817,0
DA:818,0
DA:819,0
DA:823,0
DA:824,0
DA:825,0
DA:826,0
DA:829,0
DA:830,0
DA:831,0
DA:832,0
DA:835,0
DA:836,0
DA:838,0
DA:839,0
DA:840,0
DA:843,0
DA:844,0
DA:845,0
DA:848,0
DA:851,0
DA:852,0
DA:854,0
DA:858,0
DA:859,0
DA:861,0
DA:865,0
DA:866,0
DA:868,0
DA:872,0
DA:873,0
DA:875,0
DA:879,0
DA:880,0
DA:881,0
DA:882,0
DA:884,0
DA:887,0
DA:888,0
DA:889,0
DA:890,0
DA:891,0
DA:894,0
DA:905,0
DA:908,1
DA:910,0
DA:912,0
DA:915,1
DA:916,0
DA:919,0
DA:920,0
DA:922,0
DA:923,0
DA:924,0
DA:925,0
DA:928,0
DA:930,0
DA:931,0
DA:932,0
DA:933,0
DA:936,0
DA:937,0
DA:940,0
DA:943,0
DA:944,0
DA:947,0
DA:948,0
DA:951,0
DA:952,0
DA:955,1
DA:956,0
DA:957,0
DA:960,0
DA:961,0
DA:964,0
DA:966,0
DA:967,0
DA:970,0
DA:971,0
DA:974,0
DA:975,0
DA:978,0
DA:979,0
DA:984,0
DA:987,1
DA:989,1
DA:990,0
DA:992,0
DA:993,0
DA:996,0
DA:997,0
DA:1000,0
DA:1001,0
DA:1004,0
DA:1005,0
DA:1006,0
DA:1009,0
DA:1010,0
DA:1013,0
DA:1014,0
DA:1015,0
DA:1016,0
DA:1019,0
DA:1022,0
DA:1023,0
DA:1026,0
DA:1027,0
DA:1030,0
DA:1031,0
DA:1035,0
DA:1038,1
DA:1039,1
DA:1040,0
DA:1058,0
DA:1059,0
DA:1060,0
DA:1062,0
DA:1063,0
DA:1064,0
DA:1065,0
DA:1067,0
DA:1070,0
DA:1071,0
DA:1072,0
DA:1073,0
DA:1075,0
DA:1076,0
DA:1079,0
DA:1080,0
DA:1081,0
DA:1082,0
DA:1084,0
DA:1088,0
DA:1089,0
DA:1092,0
DA:1093,0
DA:1094,0
DA:1095,0
DA:1097,0
DA:1099,0
DA:1102,0
DA:1103,0
DA:1104,0
DA:1105,0
DA:1107,0
DA:1109,0
DA:1112,0
DA:1113,0
DA:1116,0
DA:1117,0
DA:1120,0
DA:1121,0
DA:1122,0
DA:1123,0
DA:1125,0
DA:1129,0
DA:1131,1
DA:1132,0
DA:1138,1
DA:1140,0
DA:1143,1
DA:1144,0
DA:1145,0
DA:1149,1
DA:1150,0
DA:1153,1
DA:1154,0
DA:1157,1
DA:1158,0
DA:1161,1
DA:1162,0
DA:1165,1
DA:1166,0
DA:1170,0
DA:1173,1
DA:1174,1
DA:1175,0
DA:1176,0
DA:1177,0
DA:1178,0
DA:1179,0
DA:1181,0
DA:1182,0
DA:1183,0
DA:1185,0
DA:1186,0
DA:1189,0
DA:1190,0
DA:1191,0
DA:1193,0
DA:1196,0
DA:1199,0
DA:1200,0
DA:1201,0
DA:1203,0
DA:1212,0
DA:1213,0
DA:1215,0
DA:1216,0
DA:1217,0
DA:1218,0
DA:1222,0
DA:1225,0
DA:1226,0
DA:1227,0
DA:1228,0
DA:1229,0
DA:1232,0
DA:1233,0
DA:1234,0
DA:1235,0
DA:1237,0
DA:1242,0
DA:1247,0
DA:1249,1
DA:1250,0
DA:1252,0
DA:1253,0
DA:1254,0
DA:1255,0
DA:1259,0
DA:1262,1
DA:1263,0
DA:1264,0
DA:1265,0
DA:1268,0
DA:1269,0
DA:1273,1
DA:1274,0
DA:1282,1
DA:1283,0
DA:1284,0
DA:1288,1
DA:1289,0
DA:1290,0
DA:1293,0
DA:1294,0
DA:1296,0
DA:1297,0
DA:1299,0
DA:1300,0
DA:1301,0
DA:1305,0
DA:1306,0
DA:1316,0
DA:1319,1
DA:1320,1
DA:1321,0
DA:1322,0
DA:1324,0
DA:1325,0
DA:1327,0
DA:1330,0
DA:1331,0
DA:1334,0
DA:1335,0
DA:1338,0
DA:1341,0
DA:1342,0
DA:1346,0
DA:1349,1
DA:1351,1
DA:1352,0
DA:1353,0
DA:1354,0
DA:1355,0
DA:1356,0
DA:1358,0
DA:1359,0
DA:1360,0
DA:1364,0
DA:1365,0
DA:1366,0
DA:1370,0
DA:1372,0
DA:1375,1
DA:1376,0
DA:1377,0
DA:1378,0
DA:1381,0
DA:1382,0
DA:1385,0
DA:1387,0
DA:1388,0
DA:1389,0
DA:1390,0
DA:1391,0
DA:1393,0
DA:1394,0
DA:1396,0
DA:1401,0
DA:1402,0
DA:1406,0
DA:1419,0
DA:1420,0
DA:1421,0
DA:1422,0
DA:1423,0
DA:1427,0
DA:1428,0
DA:1430,0
DA:1434,0
DA:1435,0
DA:1437,0
DA:1440,0
DA:1444,1
DA:1445,1
DA:1446,0
DA:1449,0
DA:1456,0
DA:1457,0
DA:1458,0
DA:1461,0
DA:1463,1
DA:1464,0
DA:1465,0
DA:1466,0
DA:1467,0
DA:1468,0
DA:1469,0
DA:1471,0
DA:1474,1
DA:1475,0
DA:1476,0
DA:1479,0
DA:1480,0
DA:1481,0
DA:1482,0
DA:1484,0
DA:1487,0
DA:1491,0
DA:1494,1
DA:1495,1
DA:1496,0
DA:1497,0
DA:1499,0
DA:1500,0
DA:1501,0
DA:1502,0
DA:1503,0
DA:1506,0
DA:1508,0
DA:1509,0
DA:1510,0
DA:1512,0
DA:1515,0
DA:1518,0
DA:1519,0
DA:1520,0
DA:1523,0
DA:1524,0
DA:1525,0
DA:1528,0
DA:1530,0
DA:1532,1
DA:1533,0
DA:1535,0
DA:1537,0
DA:1539,0
DA:1541,0
DA:1543,0
DA:1545,0
DA:1548,0
DA:1551,0
DA:1556,1
DA:1557,0
DA:1559,0
DA:1560,0
DA:1561,0
DA:1563,0
DA:1567,0
DA:1568,0
DA:1569,0
DA:1570,0
DA:1574,0
DA:1577,1
DA:1579,1
DA:1580,0
DA:1581,0
DA:1584,0
DA:1585,0
DA:1586,0
DA:1587,0
DA:1588,0
DA:1589,0
DA:1590,0
DA:1591,0
DA:1592,0
DA:1593,0
DA:1594,0
DA:1595,0
DA:1596,0
DA:1597,0
DA:1598,0
DA:1599,0
DA:1600,0
DA:1601,0
DA:1602,0
DA:1603,0
DA:1604,0
DA:1605,0
DA:1606,0
DA:1607,0
DA:1608,0
DA:1609,0
DA:1610,0
DA:1611,0
DA:1612,0
DA:1613,0
DA:1614,0
DA:1616,0
DA:1618,0
DA:1620,0
DA:1623,0
DA:1627,0
DA:1628,0
DA:1629,0
DA:1630,0
DA:1635,0
DA:1636,0
DA:1637,0
DA:1638,0
DA:1640,1
DA:1641,0
DA:1643,0
DA:1646,0
DA:1648,0
DA:1649,0
DA:1652,0
DA:1653,0
DA:1656,0
DA:1657,0
DA:1658,0
DA:1659,0
DA:1661,0
DA:1662,0
DA:1663,0
DA:1664,0
DA:1665,0
DA:1667,0
DA:1669,0
DA:1670,0
DA:1673,0
DA:1674,0
DA:1675,0
DA:1676,0
DA:1677,0
DA:1680,0
DA:1681,0
DA:1683,0
DA:1686,0
DA:1689,0
DA:1692,0
DA:1693,0
DA:1694,0
DA:1696,0
DA:1697,0
DA:1700,0
DA:1701,0
DA:1702,0
DA:1704,0
DA:1705,0
DA:1706,0
DA:1708,0
DA:1711,0
DA:1714,0
DA:1717,0
DA:1718,0
DA:1719,0
DA:1720,0
DA:1721,0
DA:1723,0
DA:1727,0
DA:1728,0
DA:1731,0
DA:1732,0
DA:1733,0
DA:1734,0
DA:1738,1
DA:1740,1
DA:1741,0
DA:1742,0
DA:1743,0
DA:1744,0
DA:1745,0
DA:1750,1
DA:1751,0
DA:1752,0
DA:1753,0
DA:1754,0
DA:1755,0
DA:1756,0
DA:1757,0
DA:1758,0
DA:1761,0
DA:1762,0
DA:1765,0
DA:1766,0
DA:1771,0
DA:1772,0
DA:1773,0
DA:1774,0
DA:1775,0
DA:1777,0
DA:1781,0
DA:1783,0
DA:1784,0
DA:1787,1
DA:1788,0
DA:1789,0
DA:1791,0
DA:1795,1
DA:1796,0
DA:1797,0
DA:1800,0
DA:1801,0
DA:1805,0
DA:1806,0
DA:1807,0
DA:1810,0
DA:1811,0
DA:1812,0
DA:1813,0
DA:1814,0
DA:1818,0
DA:1819,0
DA:1821,0
DA:1822,0
DA:1826,1
DA:1827,0
DA:1830,1
DA:1831,0
DA:1832,0
DA:1835,0
DA:1840,0
DA:1843,1
DA:1844,1
DA:1846,0
DA:1848,0
DA:1849,0
DA:1850,0
DA:1851,0
DA:1852,0
DA:1857,0
DA:1859,0
DA:1860,0
DA:1863,0
DA:1865,1
DA:1866,0
DA:1867,0
DA:1868,0
DA:1869,0
DA:1875,0
DA:1879,1
DA:1881,1
DA:1882,0
DA:1883,0
DA:1885,0
DA:1886,0
DA:1887,0
DA:1890,0
DA:1891,0
DA:1894,0
DA:1895,0
DA:1898,0
DA:1900,0
DA:1903,0
DA:1905,0
DA:1912,0
DA:1914,0
DA:1917,0
DA:1918,0
DA:1919,0
DA:1920,0
DA:1921,0
DA:1926,0
DA:1929,1
DA:1931,1
DA:1932,0
DA:1934,0
DA:1939,0
DA:1940,0
DA:1943,0
DA:1944,0
DA:1947,0
DA:1948,0
DA:1949,0
DA:1952,0
DA:1953,0
DA:1954,0
DA:1956,0
DA:1959,0
DA:1960,0
DA:1961,0
DA:1962,0
DA:1964,0
DA:1967,0
DA:1968,0
DA:1969,0
DA:1970,0
DA:1972,0
DA:1975,0
DA:1976,0
DA:1977,0
DA:1980,0
DA:1981,0
DA:1982,0
DA:1986,0
DA:1989,1
DA:1990,1
DA:1991,0
DA:1992,0
DA:1993,0
DA:1994,0
DA:1995,0
DA:1996,0
DA:1997,0
DA:1999,0
DA:2000,0
DA:2001,0
DA:2002,0
DA:2003,0
DA:2005,0
DA:2007,0
DA:2015,0
DA:2016,0
DA:2019,0
DA:2020,0
DA:2021,0
DA:2022,0
DA:2023,0
DA:2026,0
DA:2029,0
DA:2030,0
DA:2033,0
DA:2034,0
DA:2037,0
DA:2038,0
DA:2041,0
DA:2042,0
DA:2045,0
DA:2046,0
DA:2049,0
DA:2050,0
DA:2053,0
DA:2054,0
DA:2055,0
DA:2058,0
DA:2059,0
DA:2061,0
DA:2065,0
DA:2066,0
DA:2069,0
DA:2070,0
DA:2073,0
DA:2074,0
DA:2075,0
DA:2078,0
DA:2079,0
DA:2080,0
DA:2083,0
DA:2086,0
DA:2087,0
DA:2090,0
DA:2091,0
DA:2092,0
DA:2095,0
DA:2096,0
DA:2103,0
DA:2105,0
DA:2106,0
DA:2107,0
DA:2112,0
DA:2113,0
DA:2114,0
DA:2115,0
DA:2116,0
DA:2117,0
DA:2120,0
DA:2121,0
DA:2122,0
DA:2123,0
DA:2131,1
DA:2132,0
DA:2135,1
DA:2136,0
DA:2139,1
DA:2140,0
DA:2141,0
DA:2142,0
DA:2143,0
DA:2147,0
DA:2150,0
DA:2153,1
DA:2154,0
DA:2157,1
DA:2158,0
DA:2159,0
DA:2162,1
DA:2163,0
DA:2165,0
DA:2168,0
DA:2169,0
DA:2172,0
DA:2173,0
DA:2177,0
DA:2180,1
DA:2181,1
DA:2182,0
DA:2192,0
DA:2193,0
DA:2194,0
DA:2195,0
DA:2198,0
DA:2199,0
DA:2200,0
DA:2203,0
DA:2204,0
DA:2207,0
DA:2209,0
DA:2213,0
DA:2219,1
DA:2220,0
DA:2221,0
DA:2222,0
DA:2227,1
DA:2228,0
DA:2230,0
DA:2231,0
DA:2234,0
DA:2236,0
DA:2237,0
DA:2248,0
DA:2250,0
DA:2251,0
DA:2253,0
DA:2255,0
DA:2256,0
DA:2259,0
DA:2261,0
DA:2264,0
DA:2268,0
DA:2270,0
DA:2271,0
DA:2276,1
DA:2277,0
DA:2280,1
DA:2281,0
DA:2284,1
DA:2285,0
DA:2290,1
DA:2291,0
DA:2294,0
DA:2295,0
DA:2299,0
DA:2300,0
DA:2301,0
DA:2304,0
DA:2305,0
DA:2306,0
DA:2307,0
DA:2310,0
DA:2313,1
DA:2314,0
DA:2317,0
DA:2318,0
DA:2321,0
DA:2322,0
DA:2324,0
DA:2325,0
DA:2327,0
DA:2332,0
DA:2333,0
DA:2336,0
DA:2339,1
DA:2340,0
DA:2341,0
DA:2343,0
DA:2345,0
DA:2347,0
DA:2348,0
DA:2353,0
DA:2359,0
DA:2360,0
DA:2365,1
DA:2366,0
DA:2369,0
DA:2370,0
DA:2373,0
DA:2374,0
DA:2377,0
DA:2381,0
DA:2384,1
DA:2386,1
DA:2387,0
DA:2390,0
DA:2391,0
DA:2392,0
DA:2395,0
DA:2396,0
DA:2399,0
DA:2400,0
DA:2403,0
DA:2404,0
DA:2407,0
DA:2408,0
DA:2411,0
DA:2414,0
DA:2415,0
DA:2418,0
DA:2421,1
DA:2423,1
DA:2425,0
DA:2426,0
DA:2429,0
DA:2430,0
DA:2433,0
DA:2436,1
DA:2437,1
DA:2438,0
DA:2441,0
DA:2442,0
DA:2443,0
DA:2445,0
DA:2446,0
DA:2447,0
DA:2448,0
DA:2452,0
DA:2455,0
DA:2456,0
DA:2459,0
DA:2462,1
DA:2464,1
DA:2465,0
DA:2468,1
DA:2469,0
DA:2470,0
DA:2473,0
DA:2474,0
DA:2477,0
DA:2480,1
DA:2481,0
DA:2482,0
DA:2485,0
DA:2486,0
DA:2489,0
DA:2492,0
DA:2493,0
DA:2495,0
DA:2496,0
DA:2498,0
DA:2502,0
DA:2505,0
DA:2506,0
DA:2509,0
DA:2512,1
DA:2514,1
DA:2515,0
DA:2516,0
DA:2519,0
DA:2522,0
DA:2523,0
DA:2526,0
DA:2527,0
DA:2530,0
DA:2533,1
DA:2534,1
DA:2536,0
DA:2537,0
DA:2539,0
DA:2543,1
DA:2546,0
DA:2548,0
DA:2550,0
DA:2554,0
DA:2556,0
DA:2559,0
DA:2560,0
DA:2561,0
DA:2564,0
DA:2567,0
DA:2571,0
DA:2576,0
DA:2578,0
DA:2583,0
DA:2584,0
DA:2585,0
DA:2586,0
DA:2588,0
DA:2592,0
DA:2596,1
DA:2597,0
DA:2600,1
DA:2601,0
DA:2604,0
DA:2605,0
DA:2608,0
DA:2609,0
DA:2612,0
DA:2613,0
DA:2619,1
DA:2620,0
DA:2622,0
DA:2623,0
DA:2624,0
DA:2627,0
DA:2628,0
DA:2629,0
DA:2630,0
DA:2634,0
DA:2635,0
DA:2640,0
DA:2642,0
DA:2643,0
DA:2644,0
DA:2645,0
DA:2650,0
DA:2654,0
DA:2660,0
DA:2663,0
DA:2668,0
DA:2670,0
DA:2671,0
DA:2672,0
DA:2674,0
DA:2675,0
DA:2678,0
DA:2679,0
DA:2680,0
DA:2681,0
DA:2683,0
DA:2684,0
DA:2686,0
DA:2688,0
DA:2689,0
DA:2694,0
DA:2695,0
DA:2698,0
DA:2701,0
DA:2702,0
DA:2703,0
DA:2706,0
DA:2707,0
DA:2710,0
DA:2713,0
DA:2714,0
DA:2715,0
DA:2717,0
DA:2721,0
DA:2722,0
DA:2724,0
DA:2726,0
DA:2730,0
DA:2731,0
DA:2732,0
DA:2734,0
DA:2738,0
DA:2739,0
DA:2741,0
DA:2743,1
DA:2744,0
DA:2747,1
DA:2748,0
DA:2753,1
DA:2754,1
DA:2755,0
DA:2757,0
DA:2764,0
DA:2767,1
DA:2769,1
DA:2770,0
DA:2772,0
DA:2773,0
DA:2776,0
DA:2783,0
DA:2786,1
DA:2787,1
DA:2788,0
DA:2790,0
DA:2797,0
DA:2800,1
DA:2801,1
DA:2802,0
DA:2804,0
DA:2811,0
DA:2814,1
DA:2816,1
DA:2817,0
DA:2819,0
DA:2826,0
DA:2830,1
DA:2831,1
DA:2832,0
DA:2835,0
DA:2842,0
DA:2844,1
DA:2846,1
DA:2847,0
DA:2849,0
DA:2853,0
DA:2854,0
DA:2856,0
DA:2859,0
DA:2864,0
DA:2867,1
DA:2869,1
DA:2870,0
DA:2872,0
DA:2879,0
DA:2882,1
DA:2884,1
DA:2885,0
DA:2887,0
DA:2894,0
DA:2897,1
DA:2899,1
DA:2900,0
DA:2902,0
DA:2909,0
DA:2912,1
DA:2913,1
DA:2914,0
DA:2916,0
DA:2919,0
DA:2926,0
DA:2929,1
DA:2931,1
DA:2932,0
DA:2934,0
DA:2936,0
DA:2940,0
DA:2942,0
DA:2947,0
DA:2950,1
DA:2952,1
DA:2953,0
DA:2955,0
DA:2957,0
DA:2958,0
DA:2961,0
DA:2962,0
DA:2965,0
DA:2967,0
DA:2971,0
DA:2976,0
DA:2979,1
DA:2981,1
DA:2982,0
DA:2984,0
DA:2989,0
DA:2990,0
DA:2993,0
DA:2994,0
DA:2995,0
DA:2998,0
DA:2999,0
DA:3000,0
DA:3002,0
DA:3005,0
DA:3010,0
DA:3013,1
DA:3015,1
DA:3016,0
DA:3018,0
DA:3019,0
DA:3022,0
DA:3024,0
DA:3031,0
DA:3034,1
DA:3036,1
DA:3037,0
DA:3039,0
DA:3043,0
DA:3044,0
DA:3047,0
DA:3048,0
DA:3050,0
DA:3051,0
DA:3054,0
DA:3055,0
DA:3056,0
DA:3059,0
DA:3060,0
DA:3061,0
DA:3063,0
DA:3066,0
DA:3067,0
DA:3068,0
DA:3070,0
DA:3073,0
DA:3078,0
DA:3081,1
DA:3082,1
DA:3083,0
DA:3085,0
DA:3090,0
DA:3091,0
DA:3094,0
DA:3096,0
DA:3097,0
DA:3099,0
DA:3100,0
DA:3103,0
DA:3104,0
DA:3105,0
DA:3108,0
DA:3109,0
DA:3110,0
DA:3113,0
DA:3114,0
DA:3115,0
DA:3118,0
DA:3119,0
DA:3120,0
DA:3122,0
DA:3124,0
DA:3125,0
DA:3128,0
DA:3133,1
DA:3134,0
DA:3137,0
DA:3138,0
DA:3139,0
DA:3140,0
DA:3141,0
DA:3143,0
DA:3144,0
DA:3145,0
DA:3146,0
DA:3147,0
DA:3151,0
DA:3152,0
DA:3153,0
DA:3155,0
DA:3159,1
DA:3160,0
DA:3161,0
DA:3163,0
DA:3167,0
DA:3170,0
DA:3173,0
DA:3174,0
DA:3177,0
DA:3180,0
DA:3181,0
DA:3182,0
DA:3183,0
DA:3185,0
DA:3189,0
DA:3192,0
DA:3198,1
DA:3199,0
DA:3202,1
DA:3203,0
DA:3204,0
DA:3207,0
DA:3208,0
DA:3209,0
DA:3213,0
DA:3216,1
DA:3217,0
DA:3219,0
DA:3223,0
DA:3227,0
DA:3231,0
DA:3235,0
DA:3239,0
DA:3243,0
DA:3247,0
DA:3251,0
DA:3255,0
DA:3259,0
DA:3263,0
DA:3267,0
DA:3271,0
DA:3281,0
DA:3282,0
DA:3285,0
DA:3286,0
DA:3289,0
DA:3290,0
DA:3293,0
DA:3296,1
DA:3297,0
LF:1589
LH:156
BRDA:26,1,0,1
BRDA:26,1,1,0
BRDA:26,2,0,1
BRDA:26,2,1,1
BRDA:30,3,0,0
BRDA:30,3,1,0
BRDA:30,4,0,0
BRDA:30,4,1,0
BRDA:30,4,2,0
BRDA:33,5,0,0
BRDA:33,5,1,0
BRDA:124,6,0,0
BRDA:124,6,1,0
BRDA:150,7,0,0
BRDA:150,7,1,0
BRDA:195,8,0,0
BRDA:195,8,1,0
BRDA:195,9,0,0
BRDA:195,9,1,0
BRDA:209,10,0,0
BRDA:209,10,1,0
BRDA:212,11,0,0
BRDA:212,11,1,0
BRDA:217,12,0,0
BRDA:217,12,1,0
BRDA:217,13,0,0
BRDA:217,13,1,0
BRDA:222,14,0,0
BRDA:222,14,1,0
BRDA:222,15,0,0
BRDA:222,15,1,0
BRDA:245,16,0,0
BRDA:245,16,1,0
BRDA:268,17,0,0
BRDA:268,17,1,0
BRDA:276,18,0,0
BRDA:276,18,1,0
BRDA:282,19,0,0
BRDA:282,19,1,0
BRDA:296,20,0,0
BRDA:296,20,1,0
BRDA:298,21,0,0
BRDA:298,21,1,0
BRDA:300,22,0,0
BRDA:300,22,1,0
BRDA:301,23,0,0
BRDA:301,23,1,0
BRDA:302,24,0,0
BRDA:302,24,1,0
BRDA:303,25,0,0
BRDA:303,25,1,0
BRDA:304,26,0,0
BRDA:304,26,1,0
BRDA:305,27,0,0
BRDA:305,27,1,0
BRDA:306,28,0,0
BRDA:306,28,1,0
BRDA:309,29,0,0
BRDA:309,29,1,0
BRDA:325,30,0,0
BRDA:325,30,1,0
BRDA:330,31,0,0
BRDA:330,31,1,0
BRDA:330,32,0,0
BRDA:330,32,1,0
BRDA:345,33,0,0
BRDA:345,33,1,0
BRDA:345,34,0,0
BRDA:345,34,1,0
BRDA:345,34,2,0
BRDA:364,35,0,0
BRDA:364,35,1,0
BRDA:371,36,0,0
BRDA:371,36,1,0
BRDA:376,37,0,0
BRDA:376,37,1,0
BRDA:395,38,0,0
BRDA:395,38,1,0
BRDA:406,39,0,0
BRDA:406,39,1,0
BRDA:406,40,0,0
BRDA:406,40,1,0
BRDA:410,41,0,0
BRDA:410,41,1,0
BRDA:414,42,0,0
BRDA:414,42,1,0
BRDA:440,43,0,0
BRDA:440,43,1,0
BRDA:440,43,2,0
BRDA:446,44,0,0
BRDA:446,44,1,1
BRDA:446,45,0,1
BRDA:446,45,1,0
BRDA:452,46,0,0
BRDA:452,46,1,0
BRDA:455,47,0,0
BRDA:455,47,1,0
BRDA:478,48,0,0
BRDA:478,48,1,0
BRDA:495,49,0,0
BRDA:495,49,1,0
BRDA:502,50,0,0
BRDA:502,50,1,0
BRDA:540,51,0,0
BRDA:540,51,1,0
BRDA:601,52,0,0
BRDA:601,52,1,0
BRDA:610,53,0,0
BRDA:610,53,1,0
BRDA:623,54,0,0
BRDA:623,54,1,0
BRDA:645,55,0,0
BRDA:645,55,1,0
BRDA:646,56,0,0
BRDA:646,56,1,0
BRDA:662,57,0,0
BRDA:662,57,1,0
BRDA:670,58,0,0
BRDA:670,58,1,0
BRDA:686,59,0,0
BRDA:686,59,1,0
BRDA:748,60,0,0
BRDA:748,60,1,0
BRDA:759,61,0,0
BRDA:759,61,1,0
BRDA:770,62,0,0
BRDA:770,62,1,0
BRDA:772,63,0,0
BRDA:772,63,1,0
BRDA:797,64,0,0
BRDA:797,64,1,0
BRDA:804,65,0,0
BRDA:804,65,1,0
BRDA:844,66,0,0
BRDA:844,66,1,0
BRDA:854,67,0,0
BRDA:854,67,1,0
BRDA:861,68,0,0
BRDA:861,68,1,0
BRDA:868,69,0,0
BRDA:868,69,1,0
BRDA:875,70,0,0
BRDA:875,70,1,0
BRDA:881,71,0,0
BRDA:881,71,1,0
BRDA:889,72,0,0
BRDA:889,72,1,0
BRDA:891,73,0,0
BRDA:891,73,1,0
BRDA:900,74,0,0
BRDA:900,74,1,0
BRDA:900,75,0,0
BRDA:900,75,1,0
BRDA:916,76,0,0
BRDA:916,76,1,0
BRDA:1006,77,0,0
BRDA:1006,77,1,0
BRDA:1059,78,0,0
BRDA:1059,78,1,0
BRDA:1093,79,0,0
BRDA:1093,79,1,0
BRDA:1094,80,0,0
BRDA:1094,80,1,0
BRDA:1103,81,0,0
BRDA:1103,81,1,0
BRDA:1104,82,0,0
BRDA:1104,82,1,0
BRDA:1121,83,0,0
BRDA:1121,83,1,0
BRDA:1132,84,0,0
BRDA:1132,84,1,0
BRDA:1132,84,2,0
BRDA:1132,84,3,0
BRDA:1140,85,0,0
BRDA:1140,85,1,0
BRDA:1182,86,0,0
BRDA:1182,86,1,0
BRDA:1191,87,0,0
BRDA:1191,87,1,0
BRDA:1199,88,0,0
BRDA:1199,88,1,0
BRDA:1200,89,0,0
BRDA:1200,89,1,0
BRDA:1201,90,0,0
BRDA:1201,90,1,0
BRDA:1212,91,0,0
BRDA:1212,91,1,0
BRDA:1232,92,0,0
BRDA:1232,92,1,0
BRDA:1233,93,0,0
BRDA:1233,93,1,0
BRDA:1253,94,0,0
BRDA:1253,94,1,0
BRDA:1268,95,0,0
BRDA:1268,95,1,0
BRDA:1289,96,0,0
BRDA:1289,96,1,0
BRDA:1289,97,0,0
BRDA:1289,97,1,0
BRDA:1300,98,0,0
BRDA:1300,98,1,0
BRDA:1306,99,0,0
BRDA:1306,99,1,0
BRDA:1308,100,0,0
BRDA:1308,100,1,0
BRDA:1308,100,2,0
BRDA:1324,101,0,0
BRDA:1324,101,1,0
BRDA:1324,102,0,0
BRDA:1324,102,1,0
BRDA:1330,103,0,0
BRDA:1330,103,1,0
BRDA:1330,104,0,0
BRDA:1330,104,1,0
BRDA:1331,105,0,0
BRDA:1331,105,1,0
BRDA:1334,106,0,0
BRDA:1334,106,1,0
BRDA:1334,107,0,0
BRDA:1334,107,1,0
BRDA:1335,108,0,0
BRDA:1335,108,1,0
BRDA:1342,109,0,0
BRDA:1342,109,1,0
BRDA:1352,110,0,0
BRDA:1352,110,1,0
BRDA:1353,111,0,0
BRDA:1353,111,1,0
BRDA:1355,112,0,0
BRDA:1355,112,1,0
BRDA:1358,113,0,0
BRDA:1358,113,1,0
BRDA:1381,114,0,0
BRDA:1381,114,1,0
BRDA:1382,115,0,0
BRDA:1382,115,1,0
BRDA:1387,116,0,0
BRDA:1387,116,1,0
BRDA:1388,117,0,0
BRDA:1388,117,1,0
BRDA:1393,118,0,0
BRDA:1393,118,1,0
BRDA:1401,119,0,0
BRDA:1401,119,1,0
BRDA:1428,120,0,0
BRDA:1428,120,1,0
BRDA:1446,121,0,0
BRDA:1446,121,1,0
BRDA:1447,122,0,0
BRDA:1447,122,1,0
BRDA:1456,123,0,0
BRDA:1456,123,1,0
BRDA:1464,124,0,0
BRDA:1464,124,1,0
BRDA:1466,125,0,0
BRDA:1466,125,1,0
BRDA:1468,126,0,0
BRDA:1468,126,1,0
BRDA:1475,127,0,0
BRDA:1475,127,1,0
BRDA:1480,128,0,0
BRDA:1480,128,1,0
BRDA:1499,129,0,0
BRDA:1499,129,1,0
BRDA:1499,130,0,0
BRDA:1499,130,1,0
BRDA:1509,131,0,0
BRDA:1509,131,1,0
BRDA:1519,132,0,0
BRDA:1519,132,1,0
BRDA:1533,133,0,0
BRDA:1533,133,1,0
BRDA:1533,133,2,0
BRDA:1533,133,3,0
BRDA:1533,133,4,0
BRDA:1533,133,5,0
BRDA:1533,133,6,0
BRDA:1533,133,7,0
BRDA:1560,134,0,0
BRDA:1560,134,1,0
BRDA:1587,135,0,0
BRDA:1587,135,1,0
BRDA:1589,136,0,0
BRDA:1589,136,1,0
BRDA:1591,137,0,0
BRDA:1591,137,1,0
BRDA:1591,138,0,0
BRDA:1591,138,1,0
BRDA:1593,139,0,0
BRDA:1593,139,1,0
BRDA:1595,140,0,0
BRDA:1595,140,1,0
BRDA:1597,141,0,0
BRDA:1597,141,1,0
BRDA:1599,142,0,0
BRDA:1599,142,1,0
BRDA:1601,143,0,0
BRDA:1601,143,1,0
BRDA:1603,144,0,0
BRDA:1603,144,1,0
BRDA:1605,145,0,0
BRDA:1605,145,1,0
BRDA:1607,146,0,0
BRDA:1607,146,1,0
BRDA:1609,147,0,0
BRDA:1609,147,1,0
BRDA:1610,148,0,0
BRDA:1610,148,1,0
BRDA:1611,149,0,0
BRDA:1611,149,1,0
BRDA:1611,150,0,0
BRDA:1611,150,1,0
BRDA:1613,151,0,0
BRDA:1613,151,1,0
BRDA:1629,152,0,0
BRDA:1629,152,1,0
BRDA:1630,153,0,0
BRDA:1630,153,1,0
BRDA:1630,154,0,0
BRDA:1630,154,1,0
BRDA:1657,155,0,0
BRDA:1657,155,1,0
BRDA:1664,156,0,0
BRDA:1664,156,1,0
BRDA:1669,157,0,0
BRDA:1669,157,1,0
BRDA:1676,158,0,0
BRDA:1676,158,1,0
BRDA:1680,159,0,0
BRDA:1680,159,1,0
BRDA:1693,160,0,0
BRDA:1693,160,1,0
BRDA:1696,161,0,0
BRDA:1696,161,1,0
BRDA:1705,162,0,0
BRDA:1705,162,1,0
BRDA:1720,163,0,0
BRDA:1720,163,1,0
BRDA:1743,164,0,0
BRDA:1743,164,1,0
BRDA:1751,165,0,0
BRDA:1751,165,1,0
BRDA:1752,166,0,0
BRDA:1752,166,1,0
BRDA:1753,167,0,0
BRDA:1753,167,1,0
BRDA:1754,168,0,0
BRDA:1754,168,1,0
BRDA:1755,169,0,0
BRDA:1755,169,1,0
BRDA:1756,170,0,0
BRDA:1756,170,1,0
BRDA:1757,171,0,0
BRDA:1757,171,1,0
BRDA:1758,172,0,0
BRDA:1758,172,1,0
BRDA:1773,173,0,0
BRDA:1773,173,1,0
BRDA:1783,174,0,0
BRDA:1783,174,1,0
BRDA:1810,175,0,0
BRDA:1810,175,1,0
BRDA:1832,176,0,0
BRDA:1832,176,1,0
BRDA:1846,177,0,0
BRDA:1846,177,1,0
BRDA:1868,178,0,0
BRDA:1868,178,1,0
BRDA:1882,179,0,0
BRDA:1882,179,1,0
BRDA:1883,180,0,0
BRDA:1883,180,1,0
BRDA:1886,181,0,0
BRDA:1886,181,1,0
BRDA:1890,182,0,0
BRDA:1890,182,1,0
BRDA:1894,183,0,0
BRDA:1894,183,1,0
BRDA:1898,184,0,0
BRDA:1898,184,1,0
BRDA:1898,185,0,0
BRDA:1898,185,1,0
BRDA:1932,186,0,0
BRDA:1932,186,1,0
BRDA:1934,187,0,0
BRDA:1934,187,1,0
BRDA:1935,188,0,0
BRDA:1935,188,1,0
BRDA:1936,189,0,0
BRDA:1936,189,1,0
BRDA:1968,190,0,0
BRDA:1968,190,1,0
BRDA:2022,191,0,0
BRDA:2022,191,1,0
BRDA:2054,192,0,0
BRDA:2054,192,1,0
BRDA:2058,193,0,0
BRDA:2058,193,1,0
BRDA:2070,194,0,0
BRDA:2070,194,1,0
BRDA:2079,195,0,0
BRDA:2079,195,1,0
BRDA:2080,196,0,0
BRDA:2080,196,1,0
BRDA:2091,197,0,0
BRDA:2091,197,1,0
BRDA:2095,198,0,0
BRDA:2095,198,1,0
BRDA:2113,199,0,0
BRDA:2113,199,1,0
BRDA:2113,200,0,0
BRDA:2113,200,1,0
BRDA:2116,201,0,0
BRDA:2116,201,1,0
BRDA:2132,202,0,0
BRDA:2132,202,1,0
BRDA:2142,203,0,0
BRDA:2142,203,1,0
BRDA:2153,204,0,0
BRDA:2153,204,1,1
BRDA:2153,205,0,1
BRDA:2153,205,1,0
BRDA:2163,206,0,0
BRDA:2163,206,1,0
BRDA:2165,207,0,0
BRDA:2165,207,1,0
BRDA:2185,208,0,0
BRDA:2185,208,1,0
BRDA:2186,209,0,0
BRDA:2186,209,1,0
BRDA:2199,210,0,0
BRDA:2199,210,1,0
BRDA:2203,211,0,0
BRDA:2203,211,1,0
BRDA:2221,212,0,0
BRDA:2221,212,1,0
BRDA:2230,213,0,0
BRDA:2230,213,1,0
BRDA:2234,214,0,0
BRDA:2234,214,1,0
BRDA:2236,215,0,0
BRDA:2236,215,1,0
BRDA:2238,216,0,0
BRDA:2238,216,1,0
BRDA:2255,217,0,0
BRDA:2255,217,1,0
BRDA:2261,218,0,0
BRDA:2261,218,1,0
BRDA:2270,219,0,0
BRDA:2270,219,1,0
BRDA:2270,220,0,0
BRDA:2270,220,1,0
BRDA:2277,221,0,0
BRDA:2277,221,1,0
BRDA:2281,222,0,0
BRDA:2281,222,1,0
BRDA:2291,223,0,0
BRDA:2291,223,1,0
BRDA:2291,223,2,0
BRDA:2299,224,0,0
BRDA:2299,224,1,0
BRDA:2324,225,0,0
BRDA:2324,225,1,0
BRDA:2340,226,0,0
BRDA:2340,226,1,0
BRDA:2373,227,0,0
BRDA:2373,227,1,0
BRDA:2391,228,0,0
BRDA:2391,228,1,0
BRDA:2392,229,0,0
BRDA:2392,229,1,0
BRDA:2395,230,0,0
BRDA:2395,230,1,0
BRDA:2396,231,0,0
BRDA:2396,231,1,0
BRDA:2399,232,0,0
BRDA:2399,232,1,0
BRDA:2400,233,0,0
BRDA:2400,233,1,0
BRDA:2403,234,0,0
BRDA:2403,234,1,0
BRDA:2407,235,0,0
BRDA:2407,235,1,0
BRDA:2426,236,0,0
BRDA:2426,236,1,0
BRDA:2443,237,0,0
BRDA:2443,237,1,0
BRDA:2447,238,0,0
BRDA:2447,238,1,0
BRDA:2469,239,0,0
BRDA:2469,239,1,0
BRDA:2473,240,0,0
BRDA:2473,240,1,0
BRDA:2481,241,0,0
BRDA:2481,241,1,0
BRDA:2485,242,0,0
BRDA:2485,242,1,0
BRDA:2493,243,0,0
BRDA:2493,243,1,0
BRDA:2496,244,0,0
BRDA:2496,244,1,0
BRDA:2496,245,0,0
BRDA:2496,245,1,0
BRDA:2515,246,0,0
BRDA:2515,246,1,0
BRDA:2515,247,0,0
BRDA:2515,247,1,0
BRDA:2548,248,0,0
BRDA:2548,248,1,0
BRDA:2554,249,0,0
BRDA:2554,249,1,0
BRDA:2556,250,0,0
BRDA:2556,250,1,0
BRDA:2556,251,0,0
BRDA:2556,251,1,0
BRDA:2556,251,2,0
BRDA:2560,252,0,0
BRDA:2560,252,1,0
BRDA:2567,253,0,0
BRDA:2567,253,1,0
BRDA:2580,254,0,0
BRDA:2580,254,1,0
BRDA:2583,255,0,0
BRDA:2583,255,1,0
BRDA:2585,256,0,0
BRDA:2585,256,1,0
BRDA:2597,257,0,0
BRDA:2597,257,1,0
BRDA:2604,258,0,0
BRDA:2604,258,1,0
BRDA:2604,259,0,0
BRDA:2604,259,1,0
BRDA:2608,260,0,0
BRDA:2608,260,1,0
BRDA:2612,261,0,0
BRDA:2612,261,1,0
BRDA:2623,262,0,0
BRDA:2623,262,1,0
BRDA:2629,263,0,0
BRDA:2629,263,1,0
BRDA:2634,264,0,0
BRDA:2634,264,1,0
BRDA:2634,265,0,0
BRDA:2634,265,1,0
BRDA:2640,266,0,0
BRDA:2640,266,1,0
BRDA:2640,267,0,0
BRDA:2640,267,1,0
BRDA:2642,268,0,0
BRDA:2642,268,1,0
BRDA:2642,269,0,0
BRDA:2642,269,1,0
BRDA:2644,270,0,0
BRDA:2644,270,1,0
BRDA:2645,271,0,0
BRDA:2645,271,1,0
BRDA:2645,271,2,0
BRDA:2645,271,3,0
BRDA:2645,271,4,0
BRDA:2654,272,0,0
BRDA:2654,272,1,0
BRDA:2654,273,0,0
BRDA:2654,273,1,0
BRDA:2663,274,0,0
BRDA:2663,274,1,0
BRDA:2663,274,2,0
BRDA:2663,274,3,0
BRDA:2668,275,0,0
BRDA:2668,275,1,0
BRDA:2668,276,0,0
BRDA:2668,276,1,0
BRDA:2672,277,0,0
BRDA:2672,277,1,0
BRDA:2672,278,0,0
BRDA:2672,278,1,0
BRDA:2674,279,0,0
BRDA:2674,279,1,0
BRDA:2680,280,0,0
BRDA:2680,280,1,0
BRDA:2680,281,0,0
BRDA:2680,281,1,0
BRDA:2683,282,0,0
BRDA:2683,282,1,0
BRDA:2683,283,0,0
BRDA:2683,283,1,0
BRDA:2686,284,0,0
BRDA:2686,284,1,0
BRDA:2688,285,0,0
BRDA:2688,285,1,0
BRDA:2688,286,0,0
BRDA:2688,286,1,0
BRDA:2698,287,0,0
BRDA:2698,287,1,0
BRDA:2706,288,0,0
BRDA:2706,288,1,0
BRDA:2706,289,0,0
BRDA:2706,289,1,0
BRDA:2710,290,0,0
BRDA:2710,290,1,0
BRDA:2713,291,0,0
BRDA:2713,291,1,0
BRDA:2715,292,0,0
BRDA:2715,292,1,0
BRDA:2715,293,0,0
BRDA:2715,293,1,0
BRDA:2715,294,0,0
BRDA:2715,294,1,0
BRDA:2715,294,2,0
BRDA:2715,294,3,0
BRDA:2722,295,0,0
BRDA:2722,295,1,0
BRDA:2726,296,0,0
BRDA:2726,296,1,0
BRDA:2726,297,0,0
BRDA:2726,297,1,0
BRDA:2730,298,0,0
BRDA:2730,298,1,0
BRDA:2732,299,0,0
BRDA:2732,299,1,0
BRDA:2732,300,0,0
BRDA:2732,300,1,0
BRDA:2772,301,0,0
BRDA:2772,301,1,0
BRDA:2773,302,0,0
BRDA:2773,302,1,0
BRDA:2853,303,0,0
BRDA:2853,303,1,0
BRDA:2914,304,0,0
BRDA:2914,304,1,0
BRDA:2932,305,0,0
BRDA:2932,305,1,0
BRDA:2957,306,0,0
BRDA:2957,306,1,0
BRDA:2961,307,0,0
BRDA:2961,307,1,0
BRDA:2967,308,0,0
BRDA:2967,308,1,0
BRDA:2989,309,0,0
BRDA:2989,309,1,0
BRDA:2993,310,0,0
BRDA:2993,310,1,0
BRDA:2998,311,0,0
BRDA:2998,311,1,0
BRDA:3018,312,0,0
BRDA:3018,312,1,0
BRDA:3018,313,0,0
BRDA:3018,313,1,0
BRDA:3043,314,0,0
BRDA:3043,314,1,0
BRDA:3054,315,0,0
BRDA:3054,315,1,0
BRDA:3059,316,0,0
BRDA:3059,316,1,0
BRDA:3066,317,0,0
BRDA:3066,317,1,0
BRDA:3090,318,0,0
BRDA:3090,318,1,0
BRDA:3103,319,0,0
BRDA:3103,319,1,0
BRDA:3108,320,0,0
BRDA:3108,320,1,0
BRDA:3113,321,0,0
BRDA:3113,321,1,0
BRDA:3118,322,0,0
BRDA:3118,322,1,0
BRDA:3137,323,0,0
BRDA:3137,323,1,0
BRDA:3139,324,0,0
BRDA:3139,324,1,0
BRDA:3143,325,0,0
BRDA:3143,325,1,0
BRDA:3146,326,0,0
BRDA:3146,326,1,0
BRDA:3151,327,0,0
BRDA:3151,327,1,0
BRDA:3151,328,0,0
BRDA:3151,328,1,0
BRDA:3152,329,0,0
BRDA:3152,329,1,0
BRDA:3160,330,0,0
BRDA:3160,330,1,0
BRDA:3168,331,0,0
BRDA:3168,331,1,0
BRDA:3170,332,0,0
BRDA:3170,332,1,0
BRDA:3173,333,0,0
BRDA:3173,333,1,0
BRDA:3180,334,0,0
BRDA:3180,334,1,0
BRDA:3182,335,0,0
BRDA:3182,335,1,0
BRDA:3189,336,0,0
BRDA:3189,336,1,0
BRDA:3192,337,0,0
BRDA:3192,337,1,0
BRDA:3192,337,2,0
BRDA:3192,337,3,0
BRDA:3199,338,0,0
BRDA:3199,338,1,0
BRDA:3203,339,0,0
BRDA:3203,339,1,0
BRF:701
BRH:7
end_of_record
