TN:
SF:/Users/wei/Group_1_TradingFever/www/spec/lib/jasmine-1.2.0/jasmine.js
FN:13,(anonymous_1)
FN:42,(anonymous_2)
FN:43,getGlobal
FN:58,(anonymous_4)
FN:61,(anonymous_5)
FN:75,(anonymous_6)
FN:81,(anonymous_7)
FN:94,(anonymous_8)
FN:106,(anonymous_9)
FN:110,(anonymous_10)
FN:117,(anonymous_11)
FN:128,(anonymous_12)
FN:138,(anonymous_13)
FN:148,(anonymous_14)
FN:159,(anonymous_15)
FN:169,(anonymous_16)
FN:181,(anonymous_17)
FN:195,(anonymous_18)
FN:210,(anonymous_19)
FN:258,(anonymous_20)
FN:270,(anonymous_21)
FN:306,(anonymous_22)
FN:323,(anonymous_23)
FN:324,(anonymous_24)
FN:342,(anonymous_25)
FN:343,(anonymous_26)
FN:364,(anonymous_27)
FN:383,(anonymous_28)
FN:391,(anonymous_29)
FN:393,(anonymous_30)
FN:421,(anonymous_31)
FN:432,(anonymous_32)
FN:448,(anonymous_33)
FN:468,(anonymous_34)
FN:486,(anonymous_35)
FN:499,(anonymous_36)
FN:512,(anonymous_37)
FN:522,(anonymous_38)
FN:533,(anonymous_39)
FN:545,(anonymous_40)
FN:557,(anonymous_41)
FN:569,(anonymous_42)
FN:589,(anonymous_43)
FN:600,(anonymous_44)
FN:607,(anonymous_45)
FN:608,tryIt
FN:616,(anonymous_47)
FN:619,(anonymous_48)
FN:622,(anonymous_49)
FN:625,(anonymous_50)
FN:645,(anonymous_51)
FN:649,(anonymous_52)
FN:655,(anonymous_53)
FN:682,(anonymous_54)
FN:689,(anonymous_55)
FN:695,(anonymous_56)
FN:705,(anonymous_57)
FN:715,(anonymous_58)
FN:724,(anonymous_59)
FN:741,(anonymous_60)
FN:752,(anonymous_61)
FN:769,(anonymous_62)
FN:776,(anonymous_63)
FN:784,(anonymous_64)
FN:788,(anonymous_65)
FN:792,(anonymous_66)
FN:812,(anonymous_67)
FN:822,(anonymous_68)
FN:830,(anonymous_69)
FN:834,(anonymous_70)
FN:843,(anonymous_71)
FN:845,(anonymous_72)
FN:850,(anonymous_73)
FN:862,(anonymous_74)
FN:865,(anonymous_75)
FN:870,(anonymous_76)
FN:878,(anonymous_77)
FN:908,(anonymous_78)
FN:964,(anonymous_79)
FN:974,(anonymous_80)
FN:981,(anonymous_81)
FN:985,(anonymous_82)
FN:989,(anonymous_83)
FN:993,(anonymous_84)
FN:997,(anonymous_85)
FN:1001,(anonymous_86)
FN:1005,(anonymous_87)
FN:1016,(anonymous_88)
FN:1022,(anonymous_89)
FN:1034,(anonymous_90)
FN:1041,(anonymous_91)
FN:1050,(anonymous_92)
FN:1054,(anonymous_93)
FN:1072,(anonymous_94)
FN:1076,(anonymous_95)
FN:1081,(anonymous_96)
FN:1086,(anonymous_97)
FN:1090,(anonymous_98)
FN:1098,(anonymous_99)
FN:1101,(anonymous_100)
FN:1110,(anonymous_101)
FN:1138,(anonymous_102)
FN:1147,(anonymous_103)
FN:1152,(anonymous_104)
FN:1156,(anonymous_105)
FN:1164,(anonymous_106)
FN:1165,(anonymous_107)
FN:1183,(anonymous_108)
FN:1213,(anonymous_109)
FN:1222,(anonymous_110)
FN:1231,(anonymous_111)
FN:1240,(anonymous_112)
FN:1250,(anonymous_113)
FN:1259,(anonymous_114)
FN:1266,(anonymous_115)
FN:1273,(anonymous_116)
FN:1280,(anonymous_117)
FN:1287,(anonymous_118)
FN:1295,(anonymous_119)
FN:1303,(anonymous_120)
FN:1312,(anonymous_121)
FN:1330,(anonymous_122)
FN:1339,(anonymous_123)
FN:1355,(anonymous_124)
FN:1360,(anonymous_125)
FN:1382,(anonymous_126)
FN:1388,(anonymous_127)
FN:1403,(anonymous_128)
FN:1413,(anonymous_129)
FN:1417,(anonymous_130)
FN:1421,(anonymous_131)
FN:1432,(anonymous_132)
FN:1447,(anonymous_133)
FN:1464,(anonymous_134)
FN:1475,(anonymous_135)
FN:1479,(anonymous_136)
FN:1499,(anonymous_137)
FN:1503,(anonymous_138)
FN:1507,(anonymous_139)
FN:1513,(anonymous_140)
FN:1529,(anonymous_141)
FN:1535,(anonymous_142)
FN:1539,(anonymous_143)
FN:1545,(anonymous_144)
FN:1551,(anonymous_145)
FN:1555,(anonymous_146)
FN:1561,(anonymous_147)
FN:1567,(anonymous_148)
FN:1574,(anonymous_149)
FN:1588,(anonymous_150)
FN:1609,(anonymous_151)
FN:1625,(anonymous_152)
FN:1630,(anonymous_153)
FN:1635,(anonymous_154)
FN:1639,(anonymous_155)
FN:1643,(anonymous_156)
FN:1652,(anonymous_157)
FN:1656,(anonymous_158)
FN:1668,(anonymous_159)
FN:1674,(anonymous_160)
FN:1683,(anonymous_161)
FN:1691,(anonymous_162)
FN:1699,(anonymous_163)
FN:1707,(anonymous_164)
FN:1718,(anonymous_165)
FN:1723,(anonymous_166)
FN:1727,(anonymous_167)
FN:1738,(anonymous_168)
FN:1739,(anonymous_169)
FN:1755,(anonymous_170)
FN:1783,(anonymous_171)
FN:1793,(anonymous_172)
FN:1800,(anonymous_173)
FN:1808,(anonymous_174)
FN:1827,(anonymous_175)
FN:1833,(anonymous_176)
FN:1842,(anonymous_177)
FN:1887,(anonymous_178)
FN:1900,(anonymous_179)
FN:1907,(anonymous_180)
FN:1911,(anonymous_181)
FN:1915,(anonymous_182)
FN:1926,(anonymous_183)
FN:1931,(anonymous_184)
FN:1950,(anonymous_185)
FN:1953,(anonymous_186)
FN:1962,(anonymous_187)
FN:1966,(anonymous_188)
FN:1970,(anonymous_189)
FN:1975,(anonymous_190)
FN:1981,(anonymous_191)
FN:1987,(anonymous_192)
FN:1998,(anonymous_193)
FN:2014,(anonymous_194)
FN:2041,(anonymous_195)
FN:2058,(anonymous_196)
FN:2067,(anonymous_197)
FN:2072,(anonymous_198)
FN:2077,(anonymous_199)
FN:2082,(anonymous_200)
FN:2088,(anonymous_201)
FN:2092,(anonymous_202)
FN:2096,(anonymous_203)
FN:2103,(anonymous_204)
FN:2112,(anonymous_205)
FN:2116,(anonymous_206)
FN:2126,(anonymous_207)
FN:2137,(anonymous_208)
FN:2159,(anonymous_209)
FN:2164,(anonymous_210)
FN:2173,(anonymous_211)
FN:2177,(anonymous_212)
FN:2183,(anonymous_213)
FN:2194,(anonymous_214)
FN:2198,(anonymous_215)
FN:2210,(anonymous_216)
FN:2223,(anonymous_217)
FN:2248,(anonymous_218)
FN:2257,(anonymous_219)
FN:2261,(anonymous_220)
FN:2263,(anonymous_221)
FN:2271,(anonymous_222)
FN:2275,(anonymous_223)
FN:2283,(anonymous_224)
FN:2291,(anonymous_225)
FN:2305,(anonymous_226)
FN:2310,(anonymous_227)
FN:2335,(anonymous_228)
FN:2339,(anonymous_229)
FN:2364,(anonymous_230)
FN:2381,(anonymous_231)
FN:2395,(anonymous_232)
FN:2403,(anonymous_233)
FN:2411,(anonymous_234)
FN:2416,(anonymous_235)
FN:2421,(anonymous_236)
FN:2425,(anonymous_237)
FN:2436,(anonymous_238)
FN:2440,(anonymous_239)
FN:2444,(anonymous_240)
FN:2448,(anonymous_241)
FN:2450,(anonymous_242)
FN:2454,(anonymous_243)
FN:2461,(anonymous_244)
FN:2465,(anonymous_245)
FN:2480,(anonymous_246)
FN:2491,(anonymous_247)
FN:2518,(anonymous_248)
FNF:248
FNH:9
FNDA:0,(anonymous_1)
FNDA:12,(anonymous_2)
FNDA:12,getGlobal
FNDA:4,(anonymous_4)
FNDA:0,(anonymous_5)
FNDA:0,(anonymous_6)
FNDA:0,(anonymous_7)
FNDA:0,(anonymous_8)
FNDA:0,(anonymous_9)
FNDA:0,(anonymous_10)
FNDA:0,(anonymous_11)
FNDA:0,(anonymous_12)
FNDA:0,(anonymous_13)
FNDA:0,(anonymous_14)
FNDA:0,(anonymous_15)
FNDA:0,(anonymous_16)
FNDA:0,(anonymous_17)
FNDA:0,(anonymous_18)
FNDA:0,(anonymous_19)
FNDA:0,(anonymous_20)
FNDA:0,(anonymous_21)
FNDA:0,(anonymous_22)
FNDA:0,(anonymous_23)
FNDA:0,(anonymous_24)
FNDA:0,(anonymous_25)
FNDA:0,(anonymous_26)
FNDA:0,(anonymous_27)
FNDA:0,(anonymous_28)
FNDA:0,(anonymous_29)
FNDA:0,(anonymous_30)
FNDA:0,(anonymous_31)
FNDA:0,(anonymous_32)
FNDA:0,(anonymous_33)
FNDA:0,(anonymous_34)
FNDA:0,(anonymous_35)
FNDA:0,(anonymous_36)
FNDA:0,(anonymous_37)
FNDA:0,(anonymous_38)
FNDA:0,(anonymous_39)
FNDA:0,(anonymous_40)
FNDA:0,(anonymous_41)
FNDA:0,(anonymous_42)
FNDA:0,(anonymous_43)
FNDA:0,(anonymous_44)
FNDA:0,(anonymous_45)
FNDA:0,tryIt
FNDA:0,(anonymous_47)
FNDA:0,(anonymous_48)
FNDA:0,(anonymous_49)
FNDA:0,(anonymous_50)
FNDA:4,(anonymous_51)
FNDA:4,(anonymous_52)
FNDA:0,(anonymous_53)
FNDA:0,(anonymous_54)
FNDA:0,(anonymous_55)
FNDA:0,(anonymous_56)
FNDA:0,(anonymous_57)
FNDA:0,(anonymous_58)
FNDA:0,(anonymous_59)
FNDA:0,(anonymous_60)
FNDA:0,(anonymous_61)
FNDA:0,(anonymous_62)
FNDA:0,(anonymous_63)
FNDA:0,(anonymous_64)
FNDA:0,(anonymous_65)
FNDA:0,(anonymous_66)
FNDA:0,(anonymous_67)
FNDA:0,(anonymous_68)
FNDA:0,(anonymous_69)
FNDA:0,(anonymous_70)
FNDA:0,(anonymous_71)
FNDA:0,(anonymous_72)
FNDA:0,(anonymous_73)
FNDA:0,(anonymous_74)
FNDA:0,(anonymous_75)
FNDA:0,(anonymous_76)
FNDA:0,(anonymous_77)
FNDA:0,(anonymous_78)
FNDA:0,(anonymous_79)
FNDA:0,(anonymous_80)
FNDA:0,(anonymous_81)
FNDA:0,(anonymous_82)
FNDA:0,(anonymous_83)
FNDA:0,(anonymous_84)
FNDA:0,(anonymous_85)
FNDA:0,(anonymous_86)
FNDA:0,(anonymous_87)
FNDA:0,(anonymous_88)
FNDA:0,(anonymous_89)
FNDA:0,(anonymous_90)
FNDA:0,(anonymous_91)
FNDA:0,(anonymous_92)
FNDA:0,(anonymous_93)
FNDA:0,(anonymous_94)
FNDA:0,(anonymous_95)
FNDA:0,(anonymous_96)
FNDA:0,(anonymous_97)
FNDA:0,(anonymous_98)
FNDA:0,(anonymous_99)
FNDA:0,(anonymous_100)
FNDA:0,(anonymous_101)
FNDA:0,(anonymous_102)
FNDA:0,(anonymous_103)
FNDA:0,(anonymous_104)
FNDA:0,(anonymous_105)
FNDA:0,(anonymous_106)
FNDA:0,(anonymous_107)
FNDA:0,(anonymous_108)
FNDA:0,(anonymous_109)
FNDA:0,(anonymous_110)
FNDA:0,(anonymous_111)
FNDA:0,(anonymous_112)
FNDA:0,(anonymous_113)
FNDA:0,(anonymous_114)
FNDA:0,(anonymous_115)
FNDA:0,(anonymous_116)
FNDA:0,(anonymous_117)
FNDA:0,(anonymous_118)
FNDA:0,(anonymous_119)
FNDA:0,(anonymous_120)
FNDA:0,(anonymous_121)
FNDA:0,(anonymous_122)
FNDA:0,(anonymous_123)
FNDA:0,(anonymous_124)
FNDA:0,(anonymous_125)
FNDA:0,(anonymous_126)
FNDA:0,(anonymous_127)
FNDA:0,(anonymous_128)
FNDA:0,(anonymous_129)
FNDA:0,(anonymous_130)
FNDA:0,(anonymous_131)
FNDA:0,(anonymous_132)
FNDA:0,(anonymous_133)
FNDA:0,(anonymous_134)
FNDA:0,(anonymous_135)
FNDA:0,(anonymous_136)
FNDA:0,(anonymous_137)
FNDA:0,(anonymous_138)
FNDA:0,(anonymous_139)
FNDA:0,(anonymous_140)
FNDA:0,(anonymous_141)
FNDA:1,(anonymous_142)
FNDA:0,(anonymous_143)
FNDA:0,(anonymous_144)
FNDA:0,(anonymous_145)
FNDA:0,(anonymous_146)
FNDA:1,(anonymous_147)
FNDA:0,(anonymous_148)
FNDA:0,(anonymous_149)
FNDA:0,(anonymous_150)
FNDA:0,(anonymous_151)
FNDA:0,(anonymous_152)
FNDA:0,(anonymous_153)
FNDA:0,(anonymous_154)
FNDA:0,(anonymous_155)
FNDA:0,(anonymous_156)
FNDA:0,(anonymous_157)
FNDA:0,(anonymous_158)
FNDA:0,(anonymous_159)
FNDA:0,(anonymous_160)
FNDA:0,(anonymous_161)
FNDA:0,(anonymous_162)
FNDA:0,(anonymous_163)
FNDA:0,(anonymous_164)
FNDA:0,(anonymous_165)
FNDA:0,(anonymous_166)
FNDA:1,(anonymous_167)
FNDA:6,(anonymous_168)
FNDA:0,(anonymous_169)
FNDA:0,(anonymous_170)
FNDA:0,(anonymous_171)
FNDA:0,(anonymous_172)
FNDA:0,(anonymous_173)
FNDA:0,(anonymous_174)
FNDA:0,(anonymous_175)
FNDA:0,(anonymous_176)
FNDA:0,(anonymous_177)
FNDA:0,(anonymous_178)
FNDA:0,(anonymous_179)
FNDA:0,(anonymous_180)
FNDA:0,(anonymous_181)
FNDA:0,(anonymous_182)
FNDA:0,(anonymous_183)
FNDA:0,(anonymous_184)
FNDA:0,(anonymous_185)
FNDA:0,(anonymous_186)
FNDA:0,(anonymous_187)
FNDA:0,(anonymous_188)
FNDA:0,(anonymous_189)
FNDA:0,(anonymous_190)
FNDA:0,(anonymous_191)
FNDA:0,(anonymous_192)
FNDA:0,(anonymous_193)
FNDA:0,(anonymous_194)
FNDA:0,(anonymous_195)
FNDA:0,(anonymous_196)
FNDA:0,(anonymous_197)
FNDA:0,(anonymous_198)
FNDA:0,(anonymous_199)
FNDA:0,(anonymous_200)
FNDA:0,(anonymous_201)
FNDA:0,(anonymous_202)
FNDA:0,(anonymous_203)
FNDA:0,(anonymous_204)
FNDA:0,(anonymous_205)
FNDA:0,(anonymous_206)
FNDA:0,(anonymous_207)
FNDA:0,(anonymous_208)
FNDA:0,(anonymous_209)
FNDA:0,(anonymous_210)
FNDA:0,(anonymous_211)
FNDA:0,(anonymous_212)
FNDA:0,(anonymous_213)
FNDA:0,(anonymous_214)
FNDA:0,(anonymous_215)
FNDA:0,(anonymous_216)
FNDA:0,(anonymous_217)
FNDA:0,(anonymous_218)
FNDA:0,(anonymous_219)
FNDA:0,(anonymous_220)
FNDA:0,(anonymous_221)
FNDA:0,(anonymous_222)
FNDA:0,(anonymous_223)
FNDA:0,(anonymous_224)
FNDA:0,(anonymous_225)
FNDA:0,(anonymous_226)
FNDA:0,(anonymous_227)
FNDA:0,(anonymous_228)
FNDA:0,(anonymous_229)
FNDA:0,(anonymous_230)
FNDA:0,(anonymous_231)
FNDA:0,(anonymous_232)
FNDA:0,(anonymous_233)
FNDA:0,(anonymous_234)
FNDA:0,(anonymous_235)
FNDA:0,(anonymous_236)
FNDA:0,(anonymous_237)
FNDA:0,(anonymous_238)
FNDA:0,(anonymous_239)
FNDA:0,(anonymous_240)
FNDA:0,(anonymous_241)
FNDA:0,(anonymous_242)
FNDA:0,(anonymous_243)
FNDA:0,(anonymous_244)
FNDA:0,(anonymous_245)
FNDA:0,(anonymous_246)
FNDA:0,(anonymous_247)
FNDA:0,(anonymous_248)
DA:1,1
DA:8,1
DA:9,1
DA:13,1
DA:14,0
DA:23,1
DA:29,1
DA:35,1
DA:40,1
DA:42,1
DA:43,1
DA:44,12
DA:47,12
DA:58,1
DA:59,4
DA:60,4
DA:61,4
DA:62,0
DA:66,0
DA:70,1
DA:71,1
DA:72,1
DA:73,1
DA:75,1
DA:76,0
DA:77,0
DA:78,0
DA:81,1
DA:82,0
DA:83,0
DA:84,0
DA:85,0
DA:86,0
DA:88,0
DA:91,0
DA:94,1
DA:95,0
DA:96,0
DA:97,0
DA:98,0
DA:99,0
DA:100,0
DA:102,0
DA:103,0
DA:106,1
DA:107,0
DA:110,1
DA:111,0
DA:117,1
DA:118,0
DA:119,0
DA:128,1
DA:129,0
DA:138,1
DA:139,0
DA:148,1
DA:149,0
DA:159,1
DA:160,0
DA:169,1
DA:170,0
DA:171,0
DA:172,0
DA:181,1
DA:182,0
DA:195,1
DA:196,0
DA:210,1
DA:211,0
DA:258,1
DA:262,0
DA:266,0
DA:270,0
DA:279,0
DA:291,0
DA:292,0
DA:306,1
DA:307,0
DA:308,0
DA:323,1
DA:324,0
DA:325,0
DA:327,0
DA:342,1
DA:343,0
DA:344,0
DA:346,0
DA:364,1
DA:365,0
DA:366,0
DA:383,1
DA:384,0
DA:385,0
DA:386,0
DA:387,0
DA:388,0
DA:391,1
DA:393,0
DA:394,0
DA:395,0
DA:396,0
DA:397,0
DA:398,0
DA:399,0
DA:400,0
DA:401,0
DA:404,0
DA:406,0
DA:407,0
DA:410,0
DA:412,0
DA:421,1
DA:422,0
DA:432,1
DA:433,0
DA:434,0
DA:436,0
DA:437,0
DA:438,0
DA:440,0
DA:448,1
DA:449,0
DA:450,0
DA:468,1
DA:469,0
DA:471,1
DA:486,1
DA:487,0
DA:489,1
DA:499,1
DA:500,0
DA:502,1
DA:512,1
DA:513,0
DA:515,1
DA:522,1
DA:523,0
DA:525,1
DA:533,1
DA:534,0
DA:536,1
DA:545,1
DA:546,0
DA:548,1
DA:557,1
DA:558,0
DA:560,1
DA:569,1
DA:570,0
DA:572,1
DA:589,1
DA:590,0
DA:592,1
DA:600,1
DA:601,0
DA:603,1
DA:607,1
DA:608,1
DA:609,0
DA:610,0
DA:613,0
DA:616,0
DA:617,0
DA:620,0
DA:623,0
DA:626,0
DA:629,0
DA:631,0
DA:636,1
DA:645,1
DA:649,4
DA:651,4
DA:652,4
DA:655,1
DA:656,0
DA:657,0
DA:658,0
DA:660,0
DA:661,0
DA:664,0
DA:666,0
DA:667,0
DA:669,0
DA:670,0
DA:673,0
DA:675,0
DA:676,0
DA:679,0
DA:682,1
DA:683,0
DA:684,0
DA:689,1
DA:690,0
DA:691,0
DA:692,0
DA:695,1
DA:696,0
DA:697,0
DA:705,1
DA:706,0
DA:707,0
DA:708,0
DA:710,0
DA:712,0
DA:713,0
DA:714,0
DA:715,0
DA:716,0
DA:719,0
DA:720,0
DA:721,0
DA:724,0
DA:725,0
DA:727,0
DA:729,0
DA:733,1
DA:734,1
DA:735,1
DA:736,1
DA:741,1
DA:742,0
DA:743,0
DA:745,0
DA:752,1
DA:753,0
DA:754,0
DA:757,0
DA:758,0
DA:759,0
DA:760,0
DA:762,0
DA:763,0
DA:769,1
DA:770,0
DA:776,1
DA:777,0
DA:784,1
DA:785,0
DA:788,1
DA:789,0
DA:792,1
DA:793,0
DA:795,0
DA:796,0
DA:797,0
DA:799,0
DA:802,0
DA:804,0
DA:805,0
DA:806,0
DA:808,0
DA:811,0
DA:812,0
DA:813,0
DA:817,0
DA:819,0
DA:822,1
DA:823,0
DA:824,0
DA:826,0
DA:830,1
DA:831,0
DA:834,1
DA:835,0
DA:836,0
DA:838,0
DA:843,1
DA:844,0
DA:850,1
DA:851,0
DA:852,0
DA:853,0
DA:855,0
DA:856,0
DA:859,0
DA:862,1
DA:863,0
DA:870,1
DA:871,0
DA:872,0
DA:875,0
DA:876,0
DA:878,0
DA:879,0
DA:882,0
DA:883,0
DA:884,0
DA:887,0
DA:888,0
DA:889,0
DA:892,0
DA:893,0
DA:894,0
DA:895,0
DA:899,0
DA:900,0
DA:903,0
DA:904,0
DA:905,0
DA:908,1
DA:909,0
DA:910,0
DA:912,0
DA:913,0
DA:914,0
DA:915,0
DA:918,0
DA:920,0
DA:921,0
DA:924,0
DA:925,0
DA:928,0
DA:929,0
DA:932,0
DA:933,0
DA:936,0
DA:937,0
DA:940,0
DA:941,0
DA:944,0
DA:945,0
DA:948,0
DA:949,0
DA:952,0
DA:953,0
DA:956,0
DA:957,0
DA:961,0
DA:964,1
DA:965,0
DA:966,0
DA:967,0
DA:969,0
DA:971,0
DA:974,1
DA:975,0
DA:981,1
DA:985,1
DA:989,1
DA:993,1
DA:997,1
DA:1001,1
DA:1005,1
DA:1016,1
DA:1017,0
DA:1018,0
DA:1019,0
DA:1022,1
DA:1023,0
DA:1024,0
DA:1026,0
DA:1028,0
DA:1034,1
DA:1035,0
DA:1036,0
DA:1037,0
DA:1038,0
DA:1041,1
DA:1042,0
DA:1043,0
DA:1044,0
DA:1045,0
DA:1046,0
DA:1050,1
DA:1051,0
DA:1054,1
DA:1055,0
DA:1056,0
DA:1063,0
DA:1064,0
DA:1065,0
DA:1066,0
DA:1069,0
DA:1072,1
DA:1073,0
DA:1076,1
DA:1077,0
DA:1081,1
DA:1082,0
DA:1086,1
DA:1090,1
DA:1091,0
DA:1098,1
DA:1101,1
DA:1102,0
DA:1103,0
DA:1104,0
DA:1105,0
DA:1107,0
DA:1110,1
DA:1111,0
DA:1112,0
DA:1113,0
DA:1114,0
DA:1115,0
DA:1126,0
DA:1138,1
DA:1139,0
DA:1140,0
DA:1141,0
DA:1142,0
DA:1143,0
DA:1147,1
DA:1148,0
DA:1152,1
DA:1153,0
DA:1156,1
DA:1157,0
DA:1158,0
DA:1159,0
DA:1160,0
DA:1164,1
DA:1165,0
DA:1166,0
DA:1167,0
DA:1169,0
DA:1170,0
DA:1173,0
DA:1175,0
DA:1176,0
DA:1177,0
DA:1178,0
DA:1179,0
DA:1180,0
DA:1183,0
DA:1184,0
DA:1185,0
DA:1186,0
DA:1187,0
DA:1188,0
DA:1191,0
DA:1194,0
DA:1201,0
DA:1202,0
DA:1213,1
DA:1214,0
DA:1222,1
DA:1223,0
DA:1231,1
DA:1232,0
DA:1240,1
DA:1241,0
DA:1250,1
DA:1251,0
DA:1259,1
DA:1260,0
DA:1266,1
DA:1267,0
DA:1273,1
DA:1274,0
DA:1280,1
DA:1281,0
DA:1287,1
DA:1288,0
DA:1295,1
DA:1296,0
DA:1303,1
DA:1304,0
DA:1305,0
DA:1308,0
DA:1309,0
DA:1312,0
DA:1313,0
DA:1319,0
DA:1323,1
DA:1330,1
DA:1331,0
DA:1332,0
DA:1335,0
DA:1336,0
DA:1339,0
DA:1340,0
DA:1346,0
DA:1355,1
DA:1356,0
DA:1357,0
DA:1358,0
DA:1360,0
DA:1361,0
DA:1363,0
DA:1368,0
DA:1375,0
DA:1379,1
DA:1382,1
DA:1383,0
DA:1384,0
DA:1385,0
DA:1388,0
DA:1389,0
DA:1395,0
DA:1403,1
DA:1404,0
DA:1413,1
DA:1414,0
DA:1417,1
DA:1418,0
DA:1421,1
DA:1422,0
DA:1432,1
DA:1433,0
DA:1434,0
DA:1436,0
DA:1437,0
DA:1438,0
DA:1439,0
DA:1447,1
DA:1448,0
DA:1449,0
DA:1450,0
DA:1451,0
DA:1453,0
DA:1454,0
DA:1456,0
DA:1458,0
DA:1459,0
DA:1462,0
DA:1464,0
DA:1465,0
DA:1466,0
DA:1468,0
DA:1472,0
DA:1475,1
DA:1476,0
DA:1479,1
DA:1480,0
DA:1481,0
DA:1484,0
DA:1485,0
DA:1488,0
DA:1489,0
DA:1492,0
DA:1493,0
DA:1496,0
DA:1499,1
DA:1500,0
DA:1503,1
DA:1504,0
DA:1507,1
DA:1508,0
DA:1509,0
DA:1511,0
DA:1513,0
DA:1514,0
DA:1517,0
DA:1518,0
DA:1519,0
DA:1521,0
DA:1522,0
DA:1526,0
DA:1529,1
DA:1530,0
DA:1535,1
DA:1536,1
DA:1538,1
DA:1539,1
DA:1540,0
DA:1541,0
DA:1542,0
DA:1545,1
DA:1546,0
DA:1547,0
DA:1548,0
DA:1551,1
DA:1552,0
DA:1555,1
DA:1556,0
DA:1561,1
DA:1562,1
DA:1563,1
DA:1564,1
DA:1567,1
DA:1568,0
DA:1569,0
DA:1570,0
DA:1571,0
DA:1574,1
DA:1575,0
DA:1576,0
DA:1577,0
DA:1578,0
DA:1579,0
DA:1582,0
DA:1583,0
DA:1587,0
DA:1588,0
DA:1589,0
DA:1591,0
DA:1592,0
DA:1593,0
DA:1594,0
DA:1595,0
DA:1596,0
DA:1597,0
DA:1605,0
DA:1609,1
DA:1610,0
DA:1622,1
DA:1626,0
DA:1627,0
DA:1631,0
DA:1632,0
DA:1636,0
DA:1640,0
DA:1644,0
DA:1645,0
DA:1646,0
DA:1648,0
DA:1653,0
DA:1657,0
DA:1658,0
DA:1669,0
DA:1670,0
DA:1675,0
DA:1680,1
DA:1683,1
DA:1684,0
DA:1685,0
DA:1687,0
DA:1691,1
DA:1692,0
DA:1693,0
DA:1695,0
DA:1699,1
DA:1700,0
DA:1701,0
DA:1703,0
DA:1707,1
DA:1708,0
DA:1709,0
DA:1711,0
DA:1718,1
DA:1719,0
DA:1721,1
DA:1723,1
DA:1724,0
DA:1727,1
DA:1728,1
DA:1736,1
DA:1737,6
DA:1738,6
DA:1739,6
DA:1740,0
DA:1741,0
DA:1742,0
DA:1743,0
DA:1755,1
DA:1759,0
DA:1763,0
DA:1767,0
DA:1771,0
DA:1775,0
DA:1783,1
DA:1784,0
DA:1785,0
DA:1786,0
DA:1793,1
DA:1794,0
DA:1800,1
DA:1801,0
DA:1808,1
DA:1809,0
DA:1810,0
DA:1811,0
DA:1813,0
DA:1814,0
DA:1815,0
DA:1817,0
DA:1821,0
DA:1827,1
DA:1828,0
DA:1833,1
DA:1834,0
DA:1842,1
DA:1843,0
DA:1844,0
DA:1847,0
DA:1848,0
DA:1849,0
DA:1850,0
DA:1851,0
DA:1852,0
DA:1853,0
DA:1854,0
DA:1855,0
DA:1856,0
DA:1857,0
DA:1858,0
DA:1859,0
DA:1860,0
DA:1861,0
DA:1862,0
DA:1863,0
DA:1864,0
DA:1865,0
DA:1866,0
DA:1867,0
DA:1868,0
DA:1869,0
DA:1870,0
DA:1871,0
DA:1872,0
DA:1873,0
DA:1874,0
DA:1876,0
DA:1878,0
DA:1880,0
DA:1883,0
DA:1887,1
DA:1888,0
DA:1889,0
DA:1890,0
DA:1895,1
DA:1896,1
DA:1897,1
DA:1898,1
DA:1900,1
DA:1901,0
DA:1903,0
DA:1905,1
DA:1907,1
DA:1908,0
DA:1911,1
DA:1912,0
DA:1915,1
DA:1916,0
DA:1917,0
DA:1918,0
DA:1919,0
DA:1921,0
DA:1923,0
DA:1926,1
DA:1927,0
DA:1928,0
DA:1929,0
DA:1931,0
DA:1932,0
DA:1933,0
DA:1935,0
DA:1938,0
DA:1939,0
DA:1940,0
DA:1941,0
DA:1943,0
DA:1947,0
DA:1950,1
DA:1951,0
DA:1953,1
DA:1954,0
DA:1955,0
DA:1956,0
DA:1957,0
DA:1958,0
DA:1959,0
DA:1962,1
DA:1963,0
DA:1966,1
DA:1967,0
DA:1970,1
DA:1971,0
DA:1972,0
DA:1975,1
DA:1976,0
DA:1977,0
DA:1978,0
DA:1981,1
DA:1982,0
DA:1985,1
DA:1987,1
DA:1988,0
DA:1989,0
DA:1991,0
DA:1992,0
DA:1994,0
DA:1995,0
DA:1996,0
DA:1998,0
DA:1999,0
DA:2000,0
DA:2001,0
DA:2004,0
DA:2005,0
DA:2008,0
DA:2009,0
DA:2011,0
DA:2012,0
DA:2013,0
DA:2014,0
DA:2015,0
DA:2018,0
DA:2019,0
DA:2021,0
DA:2025,0
DA:2027,0
DA:2028,0
DA:2029,0
DA:2033,0
DA:2034,0
DA:2035,0
DA:2041,1
DA:2042,0
DA:2043,0
DA:2044,0
DA:2045,0
DA:2048,0
DA:2058,1
DA:2059,0
DA:2060,0
DA:2061,0
DA:2062,0
DA:2063,0
DA:2064,0
DA:2067,1
DA:2068,0
DA:2069,0
DA:2070,0
DA:2072,0
DA:2073,0
DA:2077,1
DA:2078,0
DA:2079,0
DA:2082,1
DA:2083,0
DA:2084,0
DA:2088,1
DA:2089,0
DA:2092,1
DA:2093,0
DA:2096,1
DA:2097,0
DA:2098,0
DA:2100,0
DA:2103,1
DA:2104,0
DA:2105,0
DA:2106,0
DA:2107,0
DA:2109,0
DA:2112,1
DA:2113,0
DA:2116,1
DA:2117,0
DA:2118,0
DA:2119,0
DA:2120,0
DA:2123,0
DA:2126,1
DA:2127,0
DA:2137,1
DA:2138,0
DA:2139,0
DA:2141,0
DA:2142,0
DA:2144,0
DA:2145,0
DA:2146,0
DA:2147,0
DA:2148,0
DA:2149,0
DA:2151,0
DA:2152,0
DA:2154,0
DA:2155,0
DA:2156,0
DA:2159,1
DA:2160,0
DA:2164,1
DA:2165,0
DA:2173,1
DA:2174,0
DA:2177,1
DA:2178,0
DA:2179,0
DA:2180,0
DA:2183,1
DA:2184,0
DA:2185,0
DA:2187,0
DA:2194,1
DA:2195,0
DA:2198,1
DA:2199,0
DA:2200,0
DA:2201,0
DA:2210,1
DA:2211,0
DA:2212,0
DA:2213,0
DA:2223,1
DA:2224,0
DA:2225,0
DA:2226,0
DA:2228,0
DA:2229,0
DA:2230,0
DA:2232,0
DA:2233,0
DA:2235,0
DA:2236,0
DA:2238,0
DA:2239,0
DA:2243,0
DA:2244,0
DA:2245,0
DA:2248,1
DA:2249,0
DA:2254,0
DA:2257,1
DA:2258,0
DA:2261,1
DA:2262,0
DA:2263,0
DA:2264,0
DA:2266,0
DA:2267,0
DA:2268,0
DA:2271,1
DA:2272,0
DA:2275,1
DA:2276,0
DA:2277,0
DA:2278,0
DA:2279,0
DA:2283,1
DA:2284,0
DA:2285,0
DA:2287,0
DA:2291,1
DA:2292,0
DA:2293,0
DA:2294,0
DA:2295,0
DA:2296,0
DA:2299,0
DA:2301,0
DA:2303,0
DA:2305,0
DA:2306,0
DA:2310,1
DA:2311,0
DA:2312,0
DA:2314,0
DA:2315,0
DA:2316,0
DA:2319,0
DA:2320,0
DA:2322,0
DA:2323,0
DA:2325,0
DA:2326,0
DA:2327,0
DA:2330,0
DA:2331,0
DA:2335,1
DA:2336,0
DA:2339,1
DA:2340,0
DA:2341,0
DA:2344,0
DA:2345,0
DA:2348,0
DA:2349,0
DA:2352,0
DA:2354,0
DA:2355,0
DA:2356,0
DA:2357,0
DA:2359,0
DA:2361,0
DA:2364,1
DA:2365,0
DA:2366,0
DA:2367,0
DA:2369,0
DA:2381,1
DA:2382,0
DA:2383,0
DA:2384,0
DA:2385,0
DA:2386,0
DA:2387,0
DA:2388,0
DA:2389,0
DA:2390,0
DA:2391,0
DA:2392,0
DA:2395,1
DA:2396,0
DA:2397,0
DA:2398,0
DA:2400,0
DA:2403,1
DA:2404,0
DA:2405,0
DA:2406,0
DA:2407,0
DA:2411,1
DA:2412,0
DA:2413,0
DA:2416,1
DA:2417,0
DA:2418,0
DA:2421,1
DA:2422,0
DA:2425,1
DA:2426,0
DA:2427,0
DA:2428,0
DA:2429,0
DA:2431,0
DA:2433,0
DA:2436,1
DA:2437,0
DA:2440,1
DA:2441,0
DA:2444,1
DA:2445,0
DA:2448,1
DA:2449,0
DA:2450,0
DA:2451,0
DA:2454,1
DA:2455,0
DA:2456,0
DA:2459,1
DA:2461,1
DA:2462,0
DA:2463,0
DA:2465,0
DA:2466,0
DA:2480,1
DA:2481,0
DA:2482,0
DA:2483,0
DA:2484,0
DA:2485,0
DA:2487,1
DA:2489,1
DA:2491,1
DA:2492,0
DA:2493,0
DA:2495,0
DA:2496,0
DA:2497,0
DA:2499,0
DA:2500,0
DA:2501,0
DA:2504,0
DA:2505,0
DA:2506,0
DA:2507,0
DA:2508,0
DA:2513,0
DA:2514,0
DA:2516,0
DA:2517,0
DA:2518,0
DA:2519,0
DA:2524,1
LF:1058
LH:263
BRDA:9,1,0,1
BRDA:9,1,1,0
BRDA:60,2,0,4
BRDA:60,2,1,0
BRDA:84,3,0,0
BRDA:84,3,1,0
BRDA:85,4,0,0
BRDA:85,4,1,0
BRDA:100,5,0,0
BRDA:100,5,1,0
BRDA:102,6,0,0
BRDA:102,6,1,0
BRDA:103,7,0,0
BRDA:103,7,1,0
BRDA:118,8,0,0
BRDA:118,8,1,0
BRDA:262,9,0,0
BRDA:262,9,1,0
BRDA:422,10,0,0
BRDA:422,10,1,0
BRDA:433,11,0,0
BRDA:433,11,1,0
BRDA:433,12,0,0
BRDA:433,12,1,0
BRDA:471,13,0,1
BRDA:471,13,1,0
BRDA:489,14,0,1
BRDA:489,14,1,0
BRDA:502,15,0,1
BRDA:502,15,1,0
BRDA:515,16,0,1
BRDA:515,16,1,0
BRDA:525,17,0,1
BRDA:525,17,1,0
BRDA:536,18,0,1
BRDA:536,18,1,0
BRDA:548,19,0,1
BRDA:548,19,1,0
BRDA:560,20,0,1
BRDA:560,20,1,0
BRDA:572,21,0,1
BRDA:572,21,1,0
BRDA:592,22,0,1
BRDA:592,22,1,0
BRDA:603,23,0,1
BRDA:603,23,1,0
BRDA:607,24,0,1
BRDA:607,24,1,0
BRDA:616,25,0,0
BRDA:616,25,1,0
BRDA:616,25,2,0
BRDA:616,25,3,0
BRDA:629,26,0,0
BRDA:629,26,1,0
BRDA:657,27,0,0
BRDA:657,27,1,0
BRDA:660,28,0,0
BRDA:660,28,1,0
BRDA:666,29,0,0
BRDA:666,29,1,0
BRDA:669,30,0,0
BRDA:669,30,1,0
BRDA:673,31,0,0
BRDA:673,31,1,0
BRDA:673,32,0,0
BRDA:673,32,1,0
BRDA:675,33,0,0
BRDA:675,33,1,0
BRDA:675,34,0,0
BRDA:675,34,1,0
BRDA:683,35,0,0
BRDA:683,35,1,0
BRDA:742,36,0,0
BRDA:742,36,1,0
BRDA:753,37,0,0
BRDA:753,37,1,0
BRDA:759,38,0,0
BRDA:759,38,1,0
BRDA:796,39,0,0
BRDA:796,39,1,0
BRDA:811,40,0,0
BRDA:811,40,1,0
BRDA:823,41,0,0
BRDA:823,41,1,0
BRDA:835,42,0,0
BRDA:835,42,1,0
BRDA:855,43,0,0
BRDA:855,43,1,0
BRDA:871,44,0,0
BRDA:871,44,1,0
BRDA:871,45,0,0
BRDA:871,45,1,0
BRDA:879,46,0,0
BRDA:879,46,1,0
BRDA:883,47,0,0
BRDA:883,47,1,0
BRDA:883,48,0,0
BRDA:883,48,1,0
BRDA:888,49,0,0
BRDA:888,49,1,0
BRDA:888,50,0,0
BRDA:888,50,1,0
BRDA:893,51,0,0
BRDA:893,51,1,0
BRDA:894,52,0,0
BRDA:894,52,1,0
BRDA:895,53,0,0
BRDA:895,53,1,0
BRDA:895,54,0,0
BRDA:895,54,1,0
BRDA:899,55,0,0
BRDA:899,55,1,0
BRDA:899,56,0,0
BRDA:899,56,1,0
BRDA:899,56,2,0
BRDA:905,57,0,0
BRDA:905,57,1,0
BRDA:909,58,0,0
BRDA:909,58,1,0
BRDA:910,59,0,0
BRDA:910,59,1,0
BRDA:915,60,0,0
BRDA:915,60,1,0
BRDA:918,61,0,0
BRDA:918,61,1,0
BRDA:920,62,0,0
BRDA:920,62,1,0
BRDA:920,63,0,0
BRDA:920,63,1,0
BRDA:920,63,2,0
BRDA:920,63,3,0
BRDA:921,64,0,0
BRDA:921,64,1,0
BRDA:924,65,0,0
BRDA:924,65,1,0
BRDA:924,66,0,0
BRDA:924,66,1,0
BRDA:928,67,0,0
BRDA:928,67,1,0
BRDA:928,68,0,0
BRDA:928,68,1,0
BRDA:932,69,0,0
BRDA:932,69,1,0
BRDA:936,70,0,0
BRDA:936,70,1,0
BRDA:940,71,0,0
BRDA:940,71,1,0
BRDA:944,72,0,0
BRDA:944,72,1,0
BRDA:948,73,0,0
BRDA:948,73,1,0
BRDA:948,74,0,0
BRDA:948,74,1,0
BRDA:952,75,0,0
BRDA:952,75,1,0
BRDA:952,76,0,0
BRDA:952,76,1,0
BRDA:956,77,0,0
BRDA:956,77,1,0
BRDA:956,78,0,0
BRDA:956,78,1,0
BRDA:965,79,0,0
BRDA:965,79,1,0
BRDA:967,80,0,0
BRDA:967,80,1,0
BRDA:1059,81,0,0
BRDA:1059,81,1,0
BRDA:1063,82,0,0
BRDA:1063,82,1,0
BRDA:1093,83,0,0
BRDA:1093,83,1,0
BRDA:1116,84,0,0
BRDA:1116,84,1,0
BRDA:1117,85,0,0
BRDA:1117,85,1,0
BRDA:1121,86,0,0
BRDA:1121,86,1,0
BRDA:1121,87,0,0
BRDA:1121,87,1,0
BRDA:1142,88,0,0
BRDA:1142,88,1,0
BRDA:1158,89,0,0
BRDA:1158,89,1,0
BRDA:1169,90,0,0
BRDA:1169,90,1,0
BRDA:1173,91,0,0
BRDA:1173,91,1,0
BRDA:1176,92,0,0
BRDA:1176,92,1,0
BRDA:1177,93,0,0
BRDA:1177,93,1,0
BRDA:1179,94,0,0
BRDA:1179,94,1,0
BRDA:1180,95,0,0
BRDA:1180,95,1,0
BRDA:1184,96,0,0
BRDA:1184,96,1,0
BRDA:1185,97,0,0
BRDA:1185,97,1,0
BRDA:1187,98,0,0
BRDA:1187,98,1,0
BRDA:1197,99,0,0
BRDA:1197,99,1,0
BRDA:1304,100,0,0
BRDA:1304,100,1,0
BRDA:1308,101,0,0
BRDA:1308,101,1,0
BRDA:1331,102,0,0
BRDA:1331,102,1,0
BRDA:1335,103,0,0
BRDA:1335,103,1,0
BRDA:1357,104,0,0
BRDA:1357,104,1,0
BRDA:1361,105,0,0
BRDA:1361,105,1,0
BRDA:1384,106,0,0
BRDA:1384,106,1,0
BRDA:1433,107,0,0
BRDA:1433,107,1,0
BRDA:1434,108,0,0
BRDA:1434,108,1,0
BRDA:1450,109,0,0
BRDA:1450,109,1,0
BRDA:1458,110,0,0
BRDA:1458,110,1,0
BRDA:1459,111,0,0
BRDA:1459,111,1,0
BRDA:1459,112,0,0
BRDA:1459,112,1,0
BRDA:1459,113,0,0
BRDA:1459,113,1,0
BRDA:1462,114,0,0
BRDA:1462,114,1,0
BRDA:1465,115,0,0
BRDA:1465,115,1,0
BRDA:1465,116,0,0
BRDA:1465,116,1,0
BRDA:1465,116,2,0
BRDA:1465,117,0,0
BRDA:1465,117,1,0
BRDA:1465,118,0,0
BRDA:1465,118,1,0
BRDA:1466,119,0,0
BRDA:1466,119,1,0
BRDA:1466,120,0,0
BRDA:1466,120,1,0
BRDA:1466,121,0,0
BRDA:1466,121,1,0
BRDA:1480,122,0,0
BRDA:1480,122,1,0
BRDA:1481,123,0,0
BRDA:1481,123,1,0
BRDA:1484,124,0,0
BRDA:1484,124,1,0
BRDA:1485,125,0,0
BRDA:1485,125,1,0
BRDA:1488,126,0,0
BRDA:1488,126,1,0
BRDA:1489,127,0,0
BRDA:1489,127,1,0
BRDA:1492,128,0,0
BRDA:1492,128,1,0
BRDA:1508,129,0,0
BRDA:1508,129,1,0
BRDA:1509,130,0,0
BRDA:1509,130,1,0
BRDA:1514,131,0,0
BRDA:1514,131,1,0
BRDA:1518,132,0,0
BRDA:1518,132,1,0
BRDA:1518,133,0,0
BRDA:1518,133,1,0
BRDA:1521,134,0,0
BRDA:1521,134,1,0
BRDA:1522,135,0,0
BRDA:1522,135,1,0
BRDA:1522,136,0,0
BRDA:1522,136,1,0
BRDA:1526,137,0,0
BRDA:1526,137,1,0
BRDA:1579,138,0,0
BRDA:1579,138,1,0
BRDA:1579,139,0,0
BRDA:1579,139,1,0
BRDA:1579,139,2,0
BRDA:1587,140,0,0
BRDA:1587,140,1,0
BRDA:1596,141,0,0
BRDA:1596,141,1,0
BRDA:1644,142,0,0
BRDA:1644,142,1,0
BRDA:1669,143,0,0
BRDA:1669,143,1,0
BRDA:1684,144,0,0
BRDA:1684,144,1,0
BRDA:1692,145,0,0
BRDA:1692,145,1,0
BRDA:1700,146,0,0
BRDA:1700,146,1,0
BRDA:1708,147,0,0
BRDA:1708,147,1,0
BRDA:1742,148,0,0
BRDA:1742,148,1,0
BRDA:1809,149,0,0
BRDA:1809,149,1,0
BRDA:1810,150,0,0
BRDA:1810,150,1,0
BRDA:1814,151,0,0
BRDA:1814,151,1,0
BRDA:1843,152,0,0
BRDA:1843,152,1,0
BRDA:1849,153,0,0
BRDA:1849,153,1,0
BRDA:1851,154,0,0
BRDA:1851,154,1,0
BRDA:1853,155,0,0
BRDA:1853,155,1,0
BRDA:1855,156,0,0
BRDA:1855,156,1,0
BRDA:1857,157,0,0
BRDA:1857,157,1,0
BRDA:1859,158,0,0
BRDA:1859,158,1,0
BRDA:1861,159,0,0
BRDA:1861,159,1,0
BRDA:1863,160,0,0
BRDA:1863,160,1,0
BRDA:1865,161,0,0
BRDA:1865,161,1,0
BRDA:1867,162,0,0
BRDA:1867,162,1,0
BRDA:1869,163,0,0
BRDA:1869,163,1,0
BRDA:1870,164,0,0
BRDA:1870,164,1,0
BRDA:1871,165,0,0
BRDA:1871,165,1,0
BRDA:1871,166,0,0
BRDA:1871,166,1,0
BRDA:1873,167,0,0
BRDA:1873,167,1,0
BRDA:1889,168,0,0
BRDA:1889,168,1,0
BRDA:1890,169,0,0
BRDA:1890,169,1,0
BRDA:1890,170,0,0
BRDA:1890,170,1,0
BRDA:1918,171,0,0
BRDA:1918,171,1,0
BRDA:1932,172,0,0
BRDA:1932,172,1,0
BRDA:1940,173,0,0
BRDA:1940,173,1,0
BRDA:1994,174,0,0
BRDA:1994,174,1,0
BRDA:1994,175,0,0
BRDA:1994,175,1,0
BRDA:1999,176,0,0
BRDA:1999,176,1,0
BRDA:1999,177,0,0
BRDA:1999,177,1,0
BRDA:2004,178,0,0
BRDA:2004,178,1,0
BRDA:2012,179,0,0
BRDA:2012,179,1,0
BRDA:2012,180,0,0
BRDA:2012,180,1,0
BRDA:2018,181,0,0
BRDA:2018,181,1,0
BRDA:2018,182,0,0
BRDA:2018,182,1,0
BRDA:2028,183,0,0
BRDA:2028,183,1,0
BRDA:2034,184,0,0
BRDA:2034,184,1,0
BRDA:2044,185,0,0
BRDA:2044,185,1,0
BRDA:2069,186,0,0
BRDA:2069,186,1,0
BRDA:2097,187,0,0
BRDA:2097,187,1,0
BRDA:2119,188,0,0
BRDA:2119,188,1,0
BRDA:2138,189,0,0
BRDA:2138,189,1,0
BRDA:2141,190,0,0
BRDA:2141,190,1,0
BRDA:2145,191,0,0
BRDA:2145,191,1,0
BRDA:2184,192,0,0
BRDA:2184,192,1,0
BRDA:2230,193,0,0
BRDA:2230,193,1,0
BRDA:2230,193,2,0
BRDA:2251,194,0,0
BRDA:2251,194,1,0
BRDA:2258,195,0,0
BRDA:2258,195,1,0
BRDA:2278,196,0,0
BRDA:2278,196,1,0
BRDA:2284,197,0,0
BRDA:2284,197,1,0
BRDA:2293,198,0,0
BRDA:2293,198,1,0
BRDA:2340,199,0,0
BRDA:2340,199,1,0
BRDA:2344,200,0,0
BRDA:2344,200,1,0
BRDA:2344,201,0,0
BRDA:2344,201,1,0
BRDA:2348,202,0,0
BRDA:2348,202,1,0
BRDA:2348,203,0,0
BRDA:2348,203,1,0
BRDA:2348,203,2,0
BRDA:2383,204,0,0
BRDA:2383,204,1,0
BRDA:2406,205,0,0
BRDA:2406,205,1,0
BRDA:2427,206,0,0
BRDA:2427,206,1,0
BRDA:2462,207,0,0
BRDA:2462,207,1,0
BRDA:2481,208,0,0
BRDA:2481,208,1,0
BRDA:2492,209,0,0
BRDA:2492,209,1,0
BRDA:2493,210,0,0
BRDA:2493,210,1,0
BRDA:2504,211,0,0
BRDA:2504,211,1,0
BRDA:2506,212,0,0
BRDA:2506,212,1,0
BRDA:2507,213,0,0
BRDA:2507,213,1,0
BRF:435
BRH:14
end_of_record
